>>>>>>>>>>>>>>>>>>>>>>>>>>>>>>>>>>>>>>>>>>>>>>>>>>>>>>>>>>>>>>>>>>>>>>>>>>>>>>
>>>> Toolkit for HEP Event Generation - ThePEG 2.0.2 <<<<<<<<<<<<<<<<<<<<<<<<<
<<<<<<<<<<<<<<<<<<<<<<<<<<<<<<<<<<<<<<<<<<<<<<<<<<<<<<<<<<<<<<<<<<<<<<<<<<<<<<

>> Herwig 7.0.2 / ThePEG 2.0.2

==============================================================================
Statistics for event handler 'EventHandler':
                                       generated    number of    Cross-section
                                          events     attempts             (nb)
==============================================================================
Total (from   weighted events): including vetoed events            2.52(5)e-03
==============================================================================
Total (from unweighted events):             2812         2812      2.52(5)e-03
==============================================================================
Per matrix element breakdown:
MEGenericProcesses[d,dbar->nu_mubar,e        104          104        93(9)e-06
MEGenericProcesses[dbar,d->nu_mubar,e        114          114      0.10(1)e-03
MEGenericProcesses[ubar,u->nu_mubar,e        174          174      0.16(1)e-03
MEGenericProcesses[u,ubar->nu_mubar,e        166          166      0.15(1)e-03
MEGenericProcesses[c,cbar->nu_mubar,e          6            6         5(2)e-06
MEGenericProcesses[cbar,c->nu_mubar,e          6            6         5(2)e-06
MEGenericProcesses[sbar,s->nu_mubar,e         14           14        13(3)e-06
MEGenericProcesses[s,sbar->nu_mubar,e         15           15        13(3)e-06
MEGenericProcesses[b,bbar->nu_mubar,e         78           78        70(8)e-06
MEGenericProcesses[bbar,b->nu_mubar,e         85           85        76(8)e-06
MEGenericProcesses[g,g->nu_mubar,e+,b       2050         2050      1.83(4)e-03
==============================================================================
