>>>>>>>>>>>>>>>>>>>>>>>>>>>>>>>>>>>>>>>>>>>>>>>>>>>>>>>>>>>>>>>>>>>>>>>>>>>>>>
>>>> Toolkit for HEP Event Generation - ThePEG 2.0.2 <<<<<<<<<<<<<<<<<<<<<<<<<
<<<<<<<<<<<<<<<<<<<<<<<<<<<<<<<<<<<<<<<<<<<<<<<<<<<<<<<<<<<<<<<<<<<<<<<<<<<<<<

>> Herwig 7.0.2 / ThePEG 2.0.2

/Herwig/Cuts/Cuts:
MHat  = 0 .. 7000 GeV
Scale = 2 .. 1e+12 GeV2
YHat  = -100 .. 100
X1    = 1e-05 .. 1
X2    = 1e-05 .. 1

IdentifiedParticleCut 'PhotonCut' matching 'Photon' within:
pt  = 0 .. 1e+06 GeV
IdentifiedParticleCut 'LeptonCut' matching 'Lepton' within:
pt  = 0 .. 1e+06 GeV
IdentifiedParticleCut 'TopQuarkCut' matching 'Top' within:
pt  = 0 .. 1e+06 GeV
IdentifiedParticleCut 'WBosonCut' matching 'WBoson' within:
pt  = 0 .. 1e+06 GeV
IdentifiedParticleCut 'ZBosonCut' matching 'ZBoson' within:
pt  = 0 .. 1e+06 GeV
IdentifiedParticleCut 'HiggsBosonCut' matching 'HiggsBoson' within:
pt  = 0 .. 1e+06 GeV
IdentifiedParticleCut 'ChargedLeptonCut' matching 'ChargedLepton' within:
pt  = 0 .. 1e+06 GeV
/Herwig/Cuts/LeptonPairMassCut
matching distances between: 'Lepton' and 'Lepton':
M = 0 .. 1e+06 GeV
same flavour only = false 
opposite sign only = false 

/Herwig/Cuts/ChargedLeptonPairMassCut
matching distances between: 'ChargedLepton' and 'ChargedLepton':
M = 0 .. 1e+06 GeV
same flavour only = false 
opposite sign only = false 

/Herwig/Cuts/LeptonDeltaRCut
matching distances between: 'Lepton' and 'Lepton':
DeltaRMin = 0 
DeltaRMax = 100 
DeltaPhiMin = 0 
DeltaPhiMax = 6.28319 
DeltaYMin = 0 
DeltaYMax = 100 

/Herwig/Cuts/ChargedLeptonDeltaRCut
matching distances between: 'ChargedLepton' and 'ChargedLepton':
DeltaRMin = 0 
DeltaRMax = 100 
DeltaPhiMin = 0 
DeltaPhiMax = 6.28319 
DeltaYMin = 0 
DeltaYMax = 100 

/Herwig/Cuts/PhotonIsolationCut matching unresolved particles from 'MatchboxJetMatcher':
DeltaZero = 0 
Exponent n = 1 
Efficiency = 0 
Cut Type = 1 

MissingPtCut 'MissingPtCut' matching 'Neutrino' within:
ptMiss  = 0 .. 1e+06 GeV
******************************************************************************
Event number 1 (id: emubB) performed by EventHandler
==============================================================================

--- Colliding particles:
  1        p+    2212  (3,16)   
                                 0.000     0.000  3500.000  3500.000     0.938
  2        p+    2212  (4,17)   
                                 0.000     0.000 -3500.000  3500.000     0.938
------------------------------------------------------------------------------
Primary sub-process performed by MEGenericProcesses[g,g->nu_mubar,e+,bbar,b,nu_e,mu-]
--- incoming:
  3         g      21 [1] (9)   {+1,-2}
                                -0.000    -0.000   675.187   675.187     0.000
  4         g      21 [2] (9)   {+3,-1}
                                 0.000    -0.000   -70.706    70.706     0.000
--- intermediates:
  5        W+      24 [6] (11,14)   
                                -8.194   -15.660    58.554   100.898    80.247
  6         t       6 [9] (5,13)   {+3}
                              -128.881    18.687   222.828   307.656   167.453
  7        W-     -24 [8] (10,15)   
                               123.698   -48.665   196.358   250.414    80.505
  8      tbar      -6 [9] (7,12)   {-2}
                               128.881   -18.687   381.653   438.237   171.560
  9         g      21 [3,4] (6,8)   {+3,-2}
                                 0.000     0.000   604.481   745.893   436.988
--- outgoing:
 10  nu_mubar     -14 [7]    
                                10.240    17.669    11.017    23.204    -0.000
 11        e+     -11 [5]    
                                26.028   -32.875    41.399    58.925     0.001
 12      bbar      -5 [8]   16> {-2}
                                 5.183    29.979   185.295   187.823     4.200
 13         b       5 [6]   >17 {+3}
                              -120.687    34.347   164.274   206.758     4.200
 14      nu_e      12 [5]    
                               -34.222    17.215    17.154    41.973    -0.000
 15       mu-      13 [7]    
                               113.458   -66.334   185.341   227.209     0.106
------------------------------------------------------------------------------
Step 1
--- intermediates:
  3         g      21 [1] (9)   {+1,-2}
                                -0.000    -0.000   675.187   675.187     0.000
  4         g      21 [2] (9)   {+3,-1}
                                 0.000    -0.000   -70.706    70.706     0.000
  5        W+      24 [6] (11,14)   
                                -8.194   -15.660    58.554   100.898    80.247
  6         t       6 [9] (5,13)   {+3}
                              -128.881    18.687   222.828   307.656   167.453
  7        W-     -24 [8] (10,15)   
                               123.698   -48.665   196.358   250.414    80.505
  8      tbar      -6 [9] (7,12)   {-2}
                               128.881   -18.687   381.653   438.237   171.560
  9         g      21 [3,4] (6,8)   {+3,-2}
                                 0.000     0.000   604.481   745.893   436.988
--- final:
 10  nu_mubar     -14 [7]    
                                10.240    17.669    11.017    23.204    -0.000
 11        e+     -11 [5]    
                                26.028   -32.875    41.399    58.925     0.001
 12      bbar      -5 [8]   16> {-2}
                                 5.183    29.979   185.295   187.823     4.200
 13         b       5 [6]   >17 {+3}
                              -120.687    34.347   164.274   206.758     4.200
 14      nu_e      12 [5]    
                               -34.222    17.215    17.154    41.973    -0.000
 15       mu-      13 [7]    
                               113.458   -66.334   185.341   227.209     0.106
 16    Rem:p+      82 [1]   17>>12 {+2,-1}
                                 0.000     0.000  2824.813  2824.813     0.843
 17    Rem:p+      82 [2]   13>>16 {+1,-3}
                                -0.000     0.000 -3429.294  3429.294     0.929
------------------------------------------------------------------------------
     Sum of momenta:                 0         0         0     7e+03     7e+03
******************************************************************************
Event number 2 (id: emubB) performed by EventHandler
==============================================================================

--- Colliding particles:
  1        p+    2212  (3,16)   
                                 0.000     0.000  3500.000  3500.000     0.938
  2        p+    2212  (4,17)   
                                 0.000     0.000 -3500.000  3500.000     0.938
------------------------------------------------------------------------------
Primary sub-process performed by MEGenericProcesses[g,g->nu_mubar,e+,bbar,b,nu_e,mu-]
--- incoming:
  3         g      21 [1] (5,9)   {+1,-2}
                                 0.000    -0.000   806.651   806.651     0.000
  4         g      21 [2] (12)   {+2,-3}
                                 0.000     0.000   -47.844    47.844     0.000
--- intermediates:
  5      bbar      -5 [3] (12)   {-2}
                                 0.014    -0.015    36.080   -35.353    -7.208
  6        W+      24 [7] (11,14)   
                                41.900   -44.149   213.979   236.286    79.620
  7         t       6 [9] (6,13)   {+1}
                                89.064    30.983   593.414   625.976   175.536
  8        W-     -24 [9] (10,15)   
                               -89.077   -30.967   177.157   216.028    79.937
  9         b       5 [3] (7,8)   {+1}
                                -0.014     0.015   770.571   842.004   339.397
--- outgoing:
 10  nu_mubar     -14 [8]    
                               -41.067     1.872   142.517   148.328    -0.000
 11        e+     -11 [6]    
                               -22.476   -16.466    40.213    48.922     0.001
 12      bbar      -5 [4,5]   17> {-3}
                                 0.014    -0.015   -11.764    12.491     4.200
 13         b       5 [7]   >16 {+1}
                                47.164    75.132   379.435   389.689     4.200
 14      nu_e      12 [6]    
                                64.376   -27.683   173.766   187.364     0.000
 15       mu-      13 [8]    
                               -48.010   -32.839    34.640    67.700     0.106
------------------------------------------------------------------------------
Step 1
--- intermediates:
  3         g      21 [1] (5,9)   {+1,-2}
                                 0.000    -0.000   806.651   806.651     0.000
  4         g      21 [2] (12)   {+2,-3}
                                 0.000     0.000   -47.844    47.844     0.000
  5      bbar      -5 [3] (12)   {-2}
                                 0.014    -0.015    36.080   -35.353    -7.208
  6        W+      24 [7] (11,14)   
                                41.900   -44.149   213.979   236.286    79.620
  7         t       6 [9] (6,13)   {+1}
                                89.064    30.983   593.414   625.976   175.536
  8        W-     -24 [9] (10,15)   
                               -89.077   -30.967   177.157   216.028    79.937
  9         b       5 [3] (7,8)   {+1}
                                -0.014     0.015   770.571   842.004   339.397
--- final:
 10  nu_mubar     -14 [8]    
                               -41.067     1.872   142.517   148.328    -0.000
 11        e+     -11 [6]    
                               -22.476   -16.466    40.213    48.922     0.001
 12      bbar      -5 [4,5]   17> {-3}
                                 0.014    -0.015   -11.764    12.491     4.200
 13         b       5 [7]   >16 {+1}
                                47.164    75.132   379.435   389.689     4.200
 14      nu_e      12 [6]    
                                64.376   -27.683   173.766   187.364     0.000
 15       mu-      13 [8]    
                               -48.010   -32.839    34.640    67.700     0.106
 16    Rem:p+      82 [1]   13>>17 {+2,-1}
                                 0.000     0.000  2693.349  2693.349     0.823
 17    Rem:p+      82 [2]   16>>12 {+3,-2}
                                -0.000     0.000 -3452.156  3452.156     0.932
------------------------------------------------------------------------------
     Sum of momenta:                 0         0         0     7e+03     7e+03
******************************************************************************
Event number 3 (id: emubB) performed by EventHandler
==============================================================================

--- Colliding particles:
  1        p+    2212  (3,16)   
                                 0.000     0.000  3500.000  3500.000     0.938
  2        p+    2212  (4,17)   
                                 0.000     0.000 -3500.000  3500.000     0.938
------------------------------------------------------------------------------
Primary sub-process performed by MEGenericProcesses[g,g->nu_mubar,e+,bbar,b,nu_e,mu-]
--- incoming:
  3         g      21 [1] (5,7)   {+1,-2}
                                -0.000     0.000   593.878   593.878     0.000
  4         g      21 [2] (9)   {+2,-3}
                                 0.000    -0.000  -255.691   255.691     0.000
--- intermediates:
  5      tbar      -6 [3] (9)   {-2}
                               121.122    77.309    78.098    31.463  -160.488
  6        W+      24 [7] (11,14)   
                              -137.199   -21.465   426.524   455.826    81.054
  7         t       6 [3] (6,13)   {+1}
                              -121.122   -77.309   515.780   562.415   172.146
  8        W-     -24 [9] (10,15)   
                                11.723    74.598   -56.852   124.147    80.487
  9      tbar      -6 [4,5] (8,12)   {-3}
                               121.122    77.309  -177.593   287.155   173.987
--- outgoing:
 10  nu_mubar     -14 [8]    
                               -26.684    16.045   -42.468    52.660    -0.000
 11        e+     -11 [6]    
                               -92.477    25.207   240.910   259.278     0.001
 12      bbar      -5 [9]   17> {-3}
                               109.399     2.711  -120.741   163.007     4.200
 13         b       5 [7]   >16 {+1}
                                16.078   -55.844    89.256   106.589     4.200
 14      nu_e      12 [6]    
                               -44.722   -46.672   185.614   196.548     0.000
 15       mu-      13 [8]    
                                38.407    58.553   -14.384    71.488     0.106
------------------------------------------------------------------------------
Step 1
--- intermediates:
  3         g      21 [1] (5,7)   {+1,-2}
                                -0.000     0.000   593.878   593.878     0.000
  4         g      21 [2] (9)   {+2,-3}
                                 0.000    -0.000  -255.691   255.691     0.000
  5      tbar      -6 [3] (9)   {-2}
                               121.122    77.309    78.098    31.463  -160.488
  6        W+      24 [7] (11,14)   
                              -137.199   -21.465   426.524   455.826    81.054
  7         t       6 [3] (6,13)   {+1}
                              -121.122   -77.309   515.780   562.415   172.146
  8        W-     -24 [9] (10,15)   
                                11.723    74.598   -56.852   124.147    80.487
  9      tbar      -6 [4,5] (8,12)   {-3}
                               121.122    77.309  -177.593   287.155   173.987
--- final:
 10  nu_mubar     -14 [8]    
                               -26.684    16.045   -42.468    52.660    -0.000
 11        e+     -11 [6]    
                               -92.477    25.207   240.910   259.278     0.001
 12      bbar      -5 [9]   17> {-3}
                               109.399     2.711  -120.741   163.007     4.200
 13         b       5 [7]   >16 {+1}
                                16.078   -55.844    89.256   106.589     4.200
 14      nu_e      12 [6]    
                               -44.722   -46.672   185.614   196.548     0.000
 15       mu-      13 [8]    
                                38.407    58.553   -14.384    71.488     0.106
 16    Rem:p+      82 [1]   13>>17 {+2,-1}
                                 0.000     0.000  2906.122  2906.122     0.855
 17    Rem:p+      82 [2]   16>>12 {+3,-2}
                                -0.000     0.000 -3244.309  3244.309     0.903
------------------------------------------------------------------------------
     Sum of momenta:                 0         0         0     7e+03     7e+03
******************************************************************************
Event number 4 (id: emubB) performed by EventHandler
==============================================================================

--- Colliding particles:
  1        p+    2212  (3,16)   
                                 0.000     0.000  3500.000  3500.000     0.938
  2        p+    2212  (4,17)   
                                 0.000     0.000 -3500.000  3500.000     0.938
------------------------------------------------------------------------------
Primary sub-process performed by MEGenericProcesses[g,g->nu_mubar,e+,bbar,b,nu_e,mu-]
--- incoming:
  3         g      21 [1] (5,7)   {+1,-2}
                                 0.000     0.000    80.764    80.764     0.000
  4         g      21 [2] (9)   {+3,-1}
                                 0.000    -0.000 -1303.652  1303.652     0.000
--- intermediates:
  5         t       6 [3] (9)   {+1}
                               142.129  -143.588   284.707  -250.786  -242.863
  6        W-     -24 [7] (10,15)   
                              -101.072   169.513  -165.208   269.295    79.220
  7      tbar      -6 [3] (6,12)   {-2}
                              -142.129   143.588  -203.943   331.551   165.877
  8        W+      24 [9] (11,14)   
                                54.752   -21.377  -248.760   268.154    81.057
  9         t       6 [4,5] (8,13)   {+3}
                               142.129  -143.588 -1018.945  1052.866   171.638
--- outgoing:
 10  nu_mubar     -14 [6]    
                               -51.173   105.162  -143.304   184.969    -0.000
 11        e+     -11 [8]    
                                47.704   -12.145   -54.084    73.132     0.001
 12      bbar      -5 [7]   16> {-2}
                               -41.056   -25.925   -38.735    62.256     4.200
 13         b       5 [9]   >17 {+3}
                                87.376  -122.210  -770.185   784.712     4.200
 14      nu_e      12 [8]    
                                 7.048    -9.232  -194.676   195.023    -0.000
 15       mu-      13 [6]    
                               -49.899    64.351   -21.905    84.326     0.106
------------------------------------------------------------------------------
Step 1
--- intermediates:
  3         g      21 [1] (5,7)   {+1,-2}
                                 0.000     0.000    80.764    80.764     0.000
  4         g      21 [2] (9)   {+3,-1}
                                 0.000    -0.000 -1303.652  1303.652     0.000
  5         t       6 [3] (9)   {+1}
                               142.129  -143.588   284.707  -250.786  -242.863
  6        W-     -24 [7] (10,15)   
                              -101.072   169.513  -165.208   269.295    79.220
  7      tbar      -6 [3] (6,12)   {-2}
                              -142.129   143.588  -203.943   331.551   165.877
  8        W+      24 [9] (11,14)   
                                54.752   -21.377  -248.760   268.154    81.057
  9         t       6 [4,5] (8,13)   {+3}
                               142.129  -143.588 -1018.945  1052.866   171.638
--- final:
 10  nu_mubar     -14 [6]    
                               -51.173   105.162  -143.304   184.969    -0.000
 11        e+     -11 [8]    
                                47.704   -12.145   -54.084    73.132     0.001
 12      bbar      -5 [7]   16> {-2}
                               -41.056   -25.925   -38.735    62.256     4.200
 13         b       5 [9]   >17 {+3}
                                87.376  -122.210  -770.185   784.712     4.200
 14      nu_e      12 [8]    
                                 7.048    -9.232  -194.676   195.023    -0.000
 15       mu-      13 [6]    
                               -49.899    64.351   -21.905    84.326     0.106
 16    Rem:p+      82 [1]   17>>12 {+2,-1}
                                 0.000     0.000  3419.236  3419.236     0.927
 17    Rem:p+      82 [2]   13>>16 {+1,-3}
                                -0.000     0.000 -2196.348  2196.348     0.743
------------------------------------------------------------------------------
     Sum of momenta:                 0         0         0     7e+03     7e+03
******************************************************************************
Event number 5 (id: emubB) performed by EventHandler
==============================================================================

--- Colliding particles:
  1        p+    2212  (3,16)   
                                 0.000     0.000  3500.000  3500.000     0.938
  2        p+    2212  (4,17)   
                                 0.000     0.000 -3500.000  3500.000     0.938
------------------------------------------------------------------------------
Primary sub-process performed by MEGenericProcesses[g,g->nu_mubar,e+,bbar,b,nu_e,mu-]
--- incoming:
  3         g      21 [1] (9)   {+1,-2}
                                -0.000    -0.000   521.169   521.169     0.000
  4         g      21 [2] (9)   {+3,-1}
                                 0.000    -0.000  -124.928   124.928     0.000
--- intermediates:
  5        W+      24 [6] (11,14)   
                                64.869   -36.213   -36.035   114.331    79.081
  6         t       6 [9] (5,13)   {+3}
                               102.194    35.313     3.280   204.177   173.168
  7        W-     -24 [8] (10,15)   
                              -115.883    11.681   216.860   259.095    80.851
  8      tbar      -6 [9] (7,12)   {-2}
                              -102.194   -35.313   392.961   441.920   170.835
  9         g      21 [3,4] (6,8)   {+3,-2}
                                 0.000     0.000   396.241   646.098   510.329
--- outgoing:
 10  nu_mubar     -14 [7]    
                               -57.380    29.111   171.117   182.814     0.000
 11        e+     -11 [5]    
                               -13.561   -10.246    10.034    19.738     0.001
 12      bbar      -5 [8]   16> {-2}
                                13.689   -46.993   176.101   182.825     4.200
 13         b       5 [6]   >17 {+3}
                                37.325    71.525    39.315    89.846     4.200
 14      nu_e      12 [5]    
                                78.430   -25.966   -46.069    94.593    -0.000
 15       mu-      13 [7]    
                               -58.503   -17.431    45.743    76.281     0.106
------------------------------------------------------------------------------
Step 1
--- intermediates:
  3         g      21 [1] (9)   {+1,-2}
                                -0.000    -0.000   521.169   521.169     0.000
  4         g      21 [2] (9)   {+3,-1}
                                 0.000    -0.000  -124.928   124.928     0.000
  5        W+      24 [6] (11,14)   
                                64.869   -36.213   -36.035   114.331    79.081
  6         t       6 [9] (5,13)   {+3}
                               102.194    35.313     3.280   204.177   173.168
  7        W-     -24 [8] (10,15)   
                              -115.883    11.681   216.860   259.095    80.851
  8      tbar      -6 [9] (7,12)   {-2}
                              -102.194   -35.313   392.961   441.920   170.835
  9         g      21 [3,4] (6,8)   {+3,-2}
                                 0.000     0.000   396.241   646.098   510.329
--- final:
 10  nu_mubar     -14 [7]    
                               -57.380    29.111   171.117   182.814     0.000
 11        e+     -11 [5]    
                               -13.561   -10.246    10.034    19.738     0.001
 12      bbar      -5 [8]   16> {-2}
                                13.689   -46.993   176.101   182.825     4.200
 13         b       5 [6]   >17 {+3}
                                37.325    71.525    39.315    89.846     4.200
 14      nu_e      12 [5]    
                                78.430   -25.966   -46.069    94.593    -0.000
 15       mu-      13 [7]    
                               -58.503   -17.431    45.743    76.281     0.106
 16    Rem:p+      82 [1]   17>>12 {+2,-1}
                                 0.000     0.000  2978.831  2978.831     0.866
 17    Rem:p+      82 [2]   13>>16 {+1,-3}
                                -0.000     0.000 -3375.072  3375.072     0.921
------------------------------------------------------------------------------
     Sum of momenta:                 0         0         0     7e+03     7e+03
******************************************************************************
Event number 6 (id: emubB) performed by EventHandler
==============================================================================

--- Colliding particles:
  1        p+    2212  (3,16)   
                                 0.000     0.000  3500.000  3500.000     0.938
  2        p+    2212  (4,17)   
                                 0.000     0.000 -3500.000  3500.000     0.938
------------------------------------------------------------------------------
Primary sub-process performed by MEGenericProcesses[g,g->nu_mubar,e+,bbar,b,nu_e,mu-]
--- incoming:
  3         g      21 [1] (5,7)   {+1,-2}
                                -0.000     0.000   242.296   242.296     0.000
  4         g      21 [2] (9)   {+2,-3}
                                 0.000    -0.000  -150.039   150.039     0.000
--- intermediates:
  5      tbar      -6 [3] (9)   {-2}
                                32.295     3.406   119.589    28.571  -120.581
  6        W+      24 [7] (11,14)   
                               -27.989   -53.312   118.819   163.308    94.477
  7         t       6 [3] (6,13)   {+1}
                               -32.295    -3.406   122.707   213.725   171.950
  8        W-     -24 [9] (10,15)   
                                73.228    29.193    13.826   112.895    79.621
  9      tbar      -6 [4,5] (8,12)   {-3}
                                32.295     3.406   -30.450   178.610   172.973
--- outgoing:
 10  nu_mubar     -14 [8]    
                                -7.644    18.275    23.480    30.720     0.000
 11        e+     -11 [6]    
                                27.669     0.785    59.482    65.608     0.001
 12      bbar      -5 [9]   17> {-3}
                               -40.933   -25.787   -44.276    65.715     4.200
 13         b       5 [7]   >16 {+1}
                                -4.305    49.906     3.888    50.418     4.200
 14      nu_e      12 [6]    
                               -55.659   -54.098    59.336    97.700    -0.000
 15       mu-      13 [8]    
                                80.872    10.919    -9.655    82.175     0.106
------------------------------------------------------------------------------
Step 1
--- intermediates:
  3         g      21 [1] (5,7)   {+1,-2}
                                -0.000     0.000   242.296   242.296     0.000
  4         g      21 [2] (9)   {+2,-3}
                                 0.000    -0.000  -150.039   150.039     0.000
  5      tbar      -6 [3] (9)   {-2}
                                32.295     3.406   119.589    28.571  -120.581
  6        W+      24 [7] (11,14)   
                               -27.989   -53.312   118.819   163.308    94.477
  7         t       6 [3] (6,13)   {+1}
                               -32.295    -3.406   122.707   213.725   171.950
  8        W-     -24 [9] (10,15)   
                                73.228    29.193    13.826   112.895    79.621
  9      tbar      -6 [4,5] (8,12)   {-3}
                                32.295     3.406   -30.450   178.610   172.973
--- final:
 10  nu_mubar     -14 [8]    
                                -7.644    18.275    23.480    30.720     0.000
 11        e+     -11 [6]    
                                27.669     0.785    59.482    65.608     0.001
 12      bbar      -5 [9]   17> {-3}
                               -40.933   -25.787   -44.276    65.715     4.200
 13         b       5 [7]   >16 {+1}
                                -4.305    49.906     3.888    50.418     4.200
 14      nu_e      12 [6]    
                               -55.659   -54.098    59.336    97.700    -0.000
 15       mu-      13 [8]    
                                80.872    10.919    -9.655    82.175     0.106
 16    Rem:p+      82 [1]   13>>17 {+2,-1}
                                 0.000     0.000  3257.704  3257.704     0.905
 17    Rem:p+      82 [2]   16>>12 {+3,-2}
                                -0.000     0.000 -3349.961  3349.961     0.918
------------------------------------------------------------------------------
     Sum of momenta:                 0         0         0     7e+03     7e+03
******************************************************************************
Event number 7 (id: emubB) performed by EventHandler
==============================================================================

--- Colliding particles:
  1        p+    2212  (3,16)   
                                 0.000     0.000  3500.000  3500.000     0.938
  2        p+    2212  (4,17)   
                                 0.000     0.000 -3500.000  3500.000     0.938
------------------------------------------------------------------------------
Primary sub-process performed by MEGenericProcesses[g,g->nu_mubar,e+,bbar,b,nu_e,mu-]
--- incoming:
  3         g      21 [1] (5,7)   {+1,-2}
                                -0.000     0.000   316.907   316.907     0.000
  4         g      21 [2] (9)   {+2,-3}
                                 0.000    -0.000  -208.537   208.537     0.000
--- intermediates:
  5      tbar      -6 [3] (9)   {-2}
                              -146.889    65.219   368.246    75.813  -394.572
  6        W+      24 [7] (11,14)   
                                22.369   -59.300   -33.805   115.137    89.982
  7         t       6 [3] (6,13)   {+1}
                               146.889   -65.219   -51.339   241.094   172.224
  8        W-     -24 [9] (10,15)   
                               -55.115    88.043   129.486   184.978    81.616
  9      tbar      -6 [4,5] (8,12)   {-3}
                              -146.889    65.219   159.709   284.349   171.807
--- outgoing:
 10  nu_mubar     -14 [8]    
                                 4.840    42.302    90.658   100.158    -0.000
 11        e+     -11 [6]    
                                 8.217    24.008    -5.021    25.867     0.001
 12      bbar      -5 [9]   17> {-3}
                               -91.774   -22.824    30.223    99.371     4.200
 13         b       5 [7]   >16 {+1}
                               124.520    -5.918   -17.534   125.957     4.200
 14      nu_e      12 [6]    
                                14.152   -83.308   -28.784    89.270     0.000
 15       mu-      13 [8]    
                               -59.954    45.741    38.828    84.820     0.106
------------------------------------------------------------------------------
Step 1
--- intermediates:
  3         g      21 [1] (5,7)   {+1,-2}
                                -0.000     0.000   316.907   316.907     0.000
  4         g      21 [2] (9)   {+2,-3}
                                 0.000    -0.000  -208.537   208.537     0.000
  5      tbar      -6 [3] (9)   {-2}
                              -146.889    65.219   368.246    75.813  -394.572
  6        W+      24 [7] (11,14)   
                                22.369   -59.300   -33.805   115.137    89.982
  7         t       6 [3] (6,13)   {+1}
                               146.889   -65.219   -51.339   241.094   172.224
  8        W-     -24 [9] (10,15)   
                               -55.115    88.043   129.486   184.978    81.616
  9      tbar      -6 [4,5] (8,12)   {-3}
                              -146.889    65.219   159.709   284.349   171.807
--- final:
 10  nu_mubar     -14 [8]    
                                 4.840    42.302    90.658   100.158    -0.000
 11        e+     -11 [6]    
                                 8.217    24.008    -5.021    25.867     0.001
 12      bbar      -5 [9]   17> {-3}
                               -91.774   -22.824    30.223    99.371     4.200
 13         b       5 [7]   >16 {+1}
                               124.520    -5.918   -17.534   125.957     4.200
 14      nu_e      12 [6]    
                                14.152   -83.308   -28.784    89.270     0.000
 15       mu-      13 [8]    
                               -59.954    45.741    38.828    84.820     0.106
 16    Rem:p+      82 [1]   13>>17 {+2,-1}
                                 0.000     0.000  3183.093  3183.093     0.895
 17    Rem:p+      82 [2]   16>>12 {+3,-2}
                                -0.000     0.000 -3291.463  3291.463     0.910
------------------------------------------------------------------------------
     Sum of momenta:                 0         0         0     7e+03     7e+03
******************************************************************************
Event number 8 (id: emubB) performed by EventHandler
==============================================================================

--- Colliding particles:
  1        p+    2212  (3,16)   
                                 0.000     0.000  3500.000  3500.000     0.938
  2        p+    2212  (4,17)   
                                 0.000     0.000 -3500.000  3500.000     0.938
------------------------------------------------------------------------------
Primary sub-process performed by MEGenericProcesses[bbar,b->nu_mubar,e+,bbar,b,nu_e,mu-]
--- incoming:
  3      bbar      -5 [1] (5,9)   {-1}
                                 0.000     0.000   276.836   276.836     0.000
  4         b       5 [2] (13)   {+1}
                                 0.000    -0.000  -252.788   252.788     0.000
--- intermediates:
  5         g      21 [3] (13)   {+2,-1}
                                 0.029    -0.012    70.109   -70.061    -2.602
  6        W+      24 [9] (11,14)   
                               -15.519    48.416    52.123   109.988    82.435
  7        W-     -24 [8] (10,15)   
                                -1.335    25.122    27.240    88.828    80.718
  8      tbar      -6 [9] (7,12)   {-2}
                                15.490   -48.404   154.603   236.909   172.165
  9      bbar      -5 [3] (6,8)   {-2}
                                -0.029     0.012   206.727   346.897   278.571
--- outgoing:
 10  nu_mubar     -14 [7]    
                               -10.604    36.222   -17.650    41.665     0.000
 11        e+     -11 [6]    
                               -36.572    26.048    63.034    77.391     0.001
 12      bbar      -5 [8]   13> {-2}
                                16.825   -73.525   127.363   148.081     4.200
 13         b       5 [4,5]   >12 {+2}
                                 0.029    -0.012  -182.679   182.727     4.200
 14      nu_e      12 [6]    
                                21.053    22.368   -10.911    32.597    -0.000
 15       mu-      13 [7]    
                                 9.269   -11.100    44.891    47.162     0.106
------------------------------------------------------------------------------
Step 1
--- intermediates:
  3      bbar      -5 [1] (5,9)   {-1}
                                 0.000     0.000   276.836   276.836     0.000
  4         b       5 [2] (13)   {+1}
                                 0.000    -0.000  -252.788   252.788     0.000
  5         g      21 [3] (13)   {+2,-1}
                                 0.029    -0.012    70.109   -70.061    -2.602
  6        W+      24 [9] (11,14)   
                               -15.519    48.416    52.123   109.988    82.435
  7        W-     -24 [8] (10,15)   
                                -1.335    25.122    27.240    88.828    80.718
  8      tbar      -6 [9] (7,12)   {-2}
                                15.490   -48.404   154.603   236.909   172.165
  9      bbar      -5 [3] (6,8)   {-2}
                                -0.029     0.012   206.727   346.897   278.571
--- final:
 10  nu_mubar     -14 [7]    
                               -10.604    36.222   -17.650    41.665     0.000
 11        e+     -11 [6]    
                               -36.572    26.048    63.034    77.391     0.001
 12      bbar      -5 [8]   13> {-2}
                                16.825   -73.525   127.363   148.081     4.200
 13         b       5 [4,5]   >12 {+2}
                                 0.029    -0.012  -182.679   182.727     4.200
 14      nu_e      12 [6]    
                                21.053    22.368   -10.911    32.597    -0.000
 15       mu-      13 [7]    
                                 9.269   -11.100    44.891    47.162     0.106
 16    Rem:p+      82 [1]   >17 {+1}
                                 0.000     0.000  3223.164  3223.164     0.900
 17    Rem:p+      82 [2]   16> {-1}
                                -0.000     0.000 -3247.211  3247.212     0.904
------------------------------------------------------------------------------
     Sum of momenta:                 0         0         0     7e+03     7e+03
******************************************************************************
Event number 9 (id: emubB) performed by EventHandler
==============================================================================

--- Colliding particles:
  1        p+    2212  (3,16)   
                                 0.000     0.000  3500.000  3500.000     0.938
  2        p+    2212  (4,17)   
                                 0.000     0.000 -3500.000  3500.000     0.938
------------------------------------------------------------------------------
Primary sub-process performed by MEGenericProcesses[g,g->nu_mubar,e+,bbar,b,nu_e,mu-]
--- incoming:
  3         g      21 [1] (5,7)   {+1,-2}
                                -0.000     0.000   113.169   113.169     0.000
  4         g      21 [2] (9)   {+3,-1}
                                 0.000    -0.000  -439.328   439.328     0.000
--- intermediates:
  5         t       6 [3] (9)   {+1}
                               114.079   -32.927   180.660  -106.522  -188.120
  6        W-     -24 [7] (10,15)   
                               -90.673     0.245    20.375   122.976    80.538
  7      tbar      -6 [3] (6,12)   {-2}
                              -114.079    32.927   -67.491   219.692   172.079
  8        W+      24 [9] (11,14)   
                               128.598   -65.104  -241.587   293.365    83.204
  9         t       6 [4,5] (8,13)   {+3}
                               114.079   -32.927  -258.668   332.805   172.488
--- outgoing:
 10  nu_mubar     -14 [6]    
                                -1.590    -9.166    31.374    32.724    -0.000
 11        e+     -11 [8]    
                                81.690     0.804   -90.037   121.575     0.001
 12      bbar      -5 [7]   16> {-2}
                               -23.407    32.681   -87.865    96.716     4.200
 13         b       5 [9]   >17 {+3}
                               -14.518    32.177   -17.081    39.441     4.200
 14      nu_e      12 [8]    
                                46.907   -65.908  -151.550   171.790     0.000
 15       mu-      13 [6]    
                               -89.083     9.412   -10.999    90.252     0.106
------------------------------------------------------------------------------
Step 1
--- intermediates:
  3         g      21 [1] (5,7)   {+1,-2}
                                -0.000     0.000   113.169   113.169     0.000
  4         g      21 [2] (9)   {+3,-1}
                                 0.000    -0.000  -439.328   439.328     0.000
  5         t       6 [3] (9)   {+1}
                               114.079   -32.927   180.660  -106.522  -188.120
  6        W-     -24 [7] (10,15)   
                               -90.673     0.245    20.375   122.976    80.538
  7      tbar      -6 [3] (6,12)   {-2}
                              -114.079    32.927   -67.491   219.692   172.079
  8        W+      24 [9] (11,14)   
                               128.598   -65.104  -241.587   293.365    83.204
  9         t       6 [4,5] (8,13)   {+3}
                               114.079   -32.927  -258.668   332.805   172.488
--- final:
 10  nu_mubar     -14 [6]    
                                -1.590    -9.166    31.374    32.724    -0.000
 11        e+     -11 [8]    
                                81.690     0.804   -90.037   121.575     0.001
 12      bbar      -5 [7]   16> {-2}
                               -23.407    32.681   -87.865    96.716     4.200
 13         b       5 [9]   >17 {+3}
                               -14.518    32.177   -17.081    39.441     4.200
 14      nu_e      12 [8]    
                                46.907   -65.908  -151.550   171.790     0.000
 15       mu-      13 [6]    
                               -89.083     9.412   -10.999    90.252     0.106
 16    Rem:p+      82 [1]   17>>12 {+2,-1}
                                 0.000     0.000  3386.831  3386.831     0.923
 17    Rem:p+      82 [2]   13>>16 {+1,-3}
                                -0.000     0.000 -3060.672  3060.672     0.877
------------------------------------------------------------------------------
     Sum of momenta:                 0         0         0     7e+03     7e+03
final integrated cross section is ( 0.00251502 +/- 4.74268e-05 ) nb



Note: In this run 72 of the 2812 accepted events
were found with a weight W larger than the expected Wmax.
This corresponds to a cross section difference between:
   UnitWeights:       0.00251502nb
   AlmostUnweighted:  0.00264059nb
 use 'set Sampler:AlmostUnweighted On' to switch to non-unit weights.

The maximum weight determined in the read/integrate step has been enhanced by 
   set /Herwig/Samplers/Sampler:MaxEnhancement 1.1.
If the rate of excessions (2.56046%) or the change of the cross section is large,
you can try to:

Enhance the number of points used in the read/integrate step
   set /Herwig/Samplers/Sampler:BinSampler:InitialPoints ...

and/or enhance the reference weight found in the read/integrate step
   set /Herwig/Samplers/Sampler:MaxEnhancement 1.x

If this does not help (and your process is well defined by cuts)
don't hesitate to contact herwig@projects.hepforge.org.

No exceptions reported in this run.
