1 0.670368
2 0.410727
3 0.33642
4 0.298149
5 0.27537
6 0.259474
7 0.2474
8 0.237814
9 0.229954
10 0.223352
11 0.217697
12 0.212779
13 0.208447
14 0.204591
15 0.201127
16 0.197991
17 0.195133
18 0.192513
19 0.190099
20 0.187863
21 0.185786
22 0.183847
23 0.182032
24 0.180327
25 0.178722
26 0.177206
27 0.175772
28 0.174411
29 0.173118
30 0.171887
31 0.170713
32 0.169592
33 0.168519
34 0.167491
35 0.166504
36 0.165557
37 0.164645
38 0.163768
39 0.162922
40 0.162106
41 0.161319
42 0.160557
43 0.15982
44 0.159107
45 0.158416
46 0.157746
47 0.157095
48 0.156464
49 0.15585
50 0.155254
51 0.154674
52 0.154109
53 0.153559
54 0.153023
55 0.1525
56 0.151991
57 0.151494
58 0.151008
59 0.150534
60 0.150071
61 0.149618
62 0.149175
63 0.148742
64 0.148318
65 0.147903
66 0.147496
67 0.147098
68 0.146708
69 0.146326
70 0.145951
71 0.145583
72 0.145222
73 0.144868
74 0.144521
75 0.144179
76 0.143844
77 0.143515
78 0.143191
79 0.142873
80 0.142561
81 0.142253
82 0.141951
83 0.141654
84 0.141361
85 0.141073
86 0.14079
87 0.14051
88 0.140236
89 0.139965
90 0.139698
91 0.139436
92 0.139177
93 0.138922
94 0.138671
95 0.138423
96 0.138178
97 0.137937
98 0.1377
99 0.137465
100 0.137234
101 0.137006
102 0.13678
103 0.136558
104 0.136338
105 0.136122
106 0.135908
107 0.135696
108 0.135488
109 0.135282
110 0.135078
111 0.134877
112 0.134678
113 0.134482
114 0.134287
115 0.134096
116 0.133906
117 0.133718
118 0.133533
119 0.13335
120 0.133168
121 0.132989
122 0.132811
123 0.132636
124 0.132462
125 0.132291
126 0.132121
127 0.131953
128 0.131786
129 0.131621
130 0.131458
131 0.131297
132 0.131137
133 0.130979
134 0.130822
135 0.130667
136 0.130514
137 0.130362
138 0.130211
139 0.130062
140 0.129914
141 0.129768
142 0.129623
143 0.129479
144 0.129337
145 0.129195
146 0.129056
147 0.128917
148 0.12878
149 0.128644
150 0.128509
151 0.128375
152 0.128242
153 0.128111
154 0.127981
155 0.127851
156 0.127723
157 0.127596
158 0.12747
159 0.127345
160 0.127221
161 0.127098
162 0.126976
163 0.126855
164 0.126735
165 0.126616
166 0.126498
167 0.126381
168 0.126265
169 0.12615
170 0.126035
171 0.125921
172 0.125809
173 0.125697
174 0.125586
175 0.137426
176 0.137306
177 0.137187
178 0.137069
179 0.136952
180 0.136836
181 0.13672
182 0.136605
183 0.136492
184 0.136379
185 0.136266
186 0.136155
187 0.136044
188 0.135934
189 0.135825
190 0.135717
191 0.135609
192 0.135502
193 0.135396
194 0.135291
195 0.135186
196 0.135082
197 0.134979
198 0.134876
199 0.134774
200 0.134673
