>>>>>>>>>>>>>>>>>>>>>>>>>>>>>>>>>>>>>>>>>>>>>>>>>>>>>>>>>>>>>>>>>>>>>>>>>>>>>>
>>>> Toolkit for HEP Event Generation - ThePEG 2.0.2 <<<<<<<<<<<<<<<<<<<<<<<<<
<<<<<<<<<<<<<<<<<<<<<<<<<<<<<<<<<<<<<<<<<<<<<<<<<<<<<<<<<<<<<<<<<<<<<<<<<<<<<<

>> Herwig 7.0.2 / ThePEG 2.0.2

==============================================================================
Statistics for event handler 'EventHandler':
                                       generated    number of    Cross-section
                                          events     attempts             (nb)
==============================================================================
Total (from   weighted events): including vetoed events           0.883(9)e-03
==============================================================================
Total (from unweighted events):            10000        10000     0.883(9)e-03
==============================================================================
Per matrix element breakdown:
MEGenericProcesses[d,dbar->nu_mubar,e        350          350        31(2)e-06
MEGenericProcesses[dbar,d->nu_mubar,e        340          340        30(2)e-06
MEGenericProcesses[ubar,u->nu_mubar,e        715          715        63(2)e-06
MEGenericProcesses[u,ubar->nu_mubar,e        628          628        55(2)e-06
MEGenericProcesses[c,cbar->nu_mubar,e         19           19       1.7(4)e-06
MEGenericProcesses[cbar,c->nu_mubar,e         12           12       1.1(3)e-06
MEGenericProcesses[sbar,s->nu_mubar,e         28           28       2.5(5)e-06
MEGenericProcesses[s,sbar->nu_mubar,e         38           38       3.4(5)e-06
MEGenericProcesses[b,bbar->nu_mubar,e          4            4       0.4(2)e-06
MEGenericProcesses[bbar,b->nu_mubar,e          2            2       0.2(1)e-06
MEGenericProcesses[g,g->nu_mubar,e+,b       7864         7864     0.694(8)e-03
==============================================================================
