>>>>>>>>>>>>>>>>>>>>>>>>>>>>>>>>>>>>>>>>>>>>>>>>>>>>>>>>>>>>>>>>>>>>>>>>>>>>>>
>>>> Toolkit for HEP Event Generation - ThePEG 2.0.2 <<<<<<<<<<<<<<<<<<<<<<<<<
<<<<<<<<<<<<<<<<<<<<<<<<<<<<<<<<<<<<<<<<<<<<<<<<<<<<<<<<<<<<<<<<<<<<<<<<<<<<<<

>> Herwig 7.0.2 / ThePEG 2.0.2

/Herwig/Cuts/Cuts:
MHat  = 0 .. 7000 GeV
Scale = 2 .. 1e+12 GeV2
YHat  = -100 .. 100
X1    = 1e-05 .. 1
X2    = 1e-05 .. 1

IdentifiedParticleCut 'BJetCut' matching 'BJetMatcher' within:
pt  = 30 .. 1e+06 GeV
IdentifiedParticleCut 'PhotonCut' matching 'Photon' within:
pt  = 0 .. 1e+06 GeV
IdentifiedParticleCut 'LeptonCut' matching 'Lepton' within:
pt  = 0 .. 1e+06 GeV
IdentifiedParticleCut 'TopQuarkCut' matching 'Top' within:
pt  = 0 .. 1e+06 GeV
IdentifiedParticleCut 'WBosonCut' matching 'WBoson' within:
pt  = 0 .. 1e+06 GeV
IdentifiedParticleCut 'ZBosonCut' matching 'ZBoson' within:
pt  = 0 .. 1e+06 GeV
IdentifiedParticleCut 'HiggsBosonCut' matching 'HiggsBoson' within:
pt  = 0 .. 1e+06 GeV
IdentifiedParticleCut 'ChargedLeptonCut' matching 'ChargedLepton' within:
pt  = 20 .. 1e+06 GeV
/Herwig/Cuts/LeptonPairMassCut
matching distances between: 'Lepton' and 'Lepton':
M = 0 .. 1e+06 GeV
same flavour only = false 
opposite sign only = false 

/Herwig/Cuts/ChargedLeptonPairMassCut
matching distances between: 'ChargedLepton' and 'ChargedLepton':
M = 0 .. 1e+06 GeV
same flavour only = false 
opposite sign only = false 

/Herwig/Cuts/LeptonDeltaRCut
matching distances between: 'Lepton' and 'Lepton':
DeltaRMin = 0 
DeltaRMax = 100 
DeltaPhiMin = 0 
DeltaPhiMax = 6.28319 
DeltaYMin = 0 
DeltaYMax = 100 

/Herwig/Cuts/ChargedLeptonDeltaRCut
matching distances between: 'ChargedLepton' and 'ChargedLepton':
DeltaRMin = 0 
DeltaRMax = 100 
DeltaPhiMin = 0 
DeltaPhiMax = 6.28319 
DeltaYMin = 0 
DeltaYMax = 100 

/Herwig/Cuts/PhotonIsolationCut matching unresolved particles from 'MatchboxJetMatcher':
DeltaZero = 0 
Exponent n = 1 
Efficiency = 0 
Cut Type = 1 

MissingPtCut 'MissingPtCut' matching 'Neutrino' within:
ptMiss  = 20 .. 1e+06 GeV
******************************************************************************
Event number 1 (id: MThalf) performed by EventHandler
==============================================================================

--- Colliding particles:
  1        p+    2212  (3,16)   
                                 0.000     0.000  3500.000  3500.000     0.938
  2        p+    2212  (4,17)   
                                 0.000     0.000 -3500.000  3500.000     0.938
------------------------------------------------------------------------------
Primary sub-process performed by MEGenericProcesses[g,g->nu_mubar,e+,bbar,b,nu_e,mu-]
--- incoming:
  3         g      21 [1] (5,7)   {+1,-2}
                                 0.000     0.000   393.424   393.424     0.000
  4         g      21 [2] (9)   {+2,-3}
                                 0.000    -0.000   -92.904    92.904     0.000
--- intermediates:
  5      tbar      -6 [3] (9)   {-2}
                                49.956    -2.935   160.269    99.343  -135.356
  6        W+      24 [7] (11,14)   
                               -91.883    11.975   206.474   243.393    89.571
  7         t       6 [3] (6,13)   {+1}
                               -49.956     2.935   233.155   294.080   172.098
  8        W-     -24 [9] (10,15)   
                                76.413   -22.376    -4.602   113.033    80.099
  9      tbar      -6 [4,5] (8,12)   {-3}
                                49.956    -2.935    67.365   192.247   172.964
--- outgoing:
 10  nu_mubar     -14 [8]    
                                55.043   -39.676   -31.287    74.718     0.000
 11        e+     -11 [6]    
                                 3.958    30.400    39.664    50.131     0.001
 12      bbar      -5 [9]   17> {-3}
                               -26.457    19.440    71.967    79.214     4.200
 13         b       5 [7]   >16 {+1}
                                41.928    -9.040    26.681    50.687     4.200
 14      nu_e      12 [6]    
                               -95.841   -18.425   166.809   193.263    -0.000
 15       mu-      13 [8]    
                                21.370    17.300    26.685    38.315     0.106
------------------------------------------------------------------------------
Step 1
--- intermediates:
  3         g      21 [1] (5,7)   {+1,-2}
                                 0.000     0.000   393.424   393.424     0.000
  4         g      21 [2] (9)   {+2,-3}
                                 0.000    -0.000   -92.904    92.904     0.000
  5      tbar      -6 [3] (9)   {-2}
                                49.956    -2.935   160.269    99.343  -135.356
  6        W+      24 [7] (11,14)   
                               -91.883    11.975   206.474   243.393    89.571
  7         t       6 [3] (6,13)   {+1}
                               -49.956     2.935   233.155   294.080   172.098
  8        W-     -24 [9] (10,15)   
                                76.413   -22.376    -4.602   113.033    80.099
  9      tbar      -6 [4,5] (8,12)   {-3}
                                49.956    -2.935    67.365   192.247   172.964
--- final:
 10  nu_mubar     -14 [8]    
                                55.043   -39.676   -31.287    74.718     0.000
 11        e+     -11 [6]    
                                 3.958    30.400    39.664    50.131     0.001
 12      bbar      -5 [9]   17> {-3}
                               -26.457    19.440    71.967    79.214     4.200
 13         b       5 [7]   >16 {+1}
                                41.928    -9.040    26.681    50.687     4.200
 14      nu_e      12 [6]    
                               -95.841   -18.425   166.809   193.263    -0.000
 15       mu-      13 [8]    
                                21.370    17.300    26.685    38.315     0.106
 16    Rem:p+      82 [1]   13>>17 {+2,-1}
                                 0.000     0.000  3106.576  3106.576     0.884
 17    Rem:p+      82 [2]   16>>12 {+3,-2}
                                -0.000     0.000 -3407.096  3407.096     0.926
------------------------------------------------------------------------------
     Sum of momenta:                 0         0         0     7e+03     7e+03
******************************************************************************
Event number 2 (id: MThalf) performed by EventHandler
==============================================================================

--- Colliding particles:
  1        p+    2212  (3,16)   
                                 0.000     0.000  3500.000  3500.000     0.938
  2        p+    2212  (4,17)   
                                 0.000     0.000 -3500.000  3500.000     0.938
------------------------------------------------------------------------------
Primary sub-process performed by MEGenericProcesses[ubar,u->nu_mubar,e+,bbar,b,nu_e,mu-]
--- incoming:
  3      ubar      -2 [1] (9)   {-1}
                                 0.000     0.000    63.419    63.419     0.000
  4         u       2 [2] (9)   {+2}
                                 0.000     0.000  -719.761   719.761     0.000
--- intermediates:
  5        W+      24 [6] (11,14)   
                                11.930    55.009  -468.218   478.330    80.020
  6         t       6 [9] (5,13)   {+2}
                                26.967    -0.626  -558.169   585.242   173.861
  7        W-     -24 [8] (10,15)   
                               -40.570   -42.045  -112.515   150.724    81.513
  8      tbar      -6 [9] (7,12)   {-1}
                               -26.967     0.626   -98.173   197.938   169.746
  9         g      21 [3,4] (6,8)   {+2,-1}
                                 0.000     0.000  -656.342   783.179   427.300
--- outgoing:
 10  nu_mubar     -14 [7]    
                                 1.050   -51.518   -86.651   100.815     0.000
 11        e+     -11 [5]    
                               -30.260     5.162  -195.945   198.335     0.001
 12      bbar      -5 [8]   16> {-1}
                                13.603    42.671    14.342    47.214     4.200
 13         b       5 [6]   >17 {+2}
                                15.037   -55.635   -89.951   106.912     4.200
 14      nu_e      12 [5]    
                                42.190    49.847  -272.272   279.994    -0.000
 15       mu-      13 [7]    
                               -41.620     9.473   -25.863    49.909     0.106
------------------------------------------------------------------------------
Step 1
--- intermediates:
  3      ubar      -2 [1] (9)   {-1}
                                 0.000     0.000    63.419    63.419     0.000
  4         u       2 [2] (9)   {+2}
                                 0.000     0.000  -719.761   719.761     0.000
  5        W+      24 [6] (11,14)   
                                11.930    55.009  -468.218   478.330    80.020
  6         t       6 [9] (5,13)   {+2}
                                26.967    -0.626  -558.169   585.242   173.861
  7        W-     -24 [8] (10,15)   
                               -40.570   -42.045  -112.515   150.724    81.513
  8      tbar      -6 [9] (7,12)   {-1}
                               -26.967     0.626   -98.173   197.938   169.746
  9         g      21 [3,4] (6,8)   {+2,-1}
                                 0.000     0.000  -656.342   783.179   427.300
--- final:
 10  nu_mubar     -14 [7]    
                                 1.050   -51.518   -86.651   100.815     0.000
 11        e+     -11 [5]    
                               -30.260     5.162  -195.945   198.335     0.001
 12      bbar      -5 [8]   16> {-1}
                                13.603    42.671    14.342    47.214     4.200
 13         b       5 [6]   >17 {+2}
                                15.037   -55.635   -89.951   106.912     4.200
 14      nu_e      12 [5]    
                                42.190    49.847  -272.272   279.994    -0.000
 15       mu-      13 [7]    
                               -41.620     9.473   -25.863    49.909     0.106
 16    Rem:p+      82 [1]   >12 {+1}
                                 0.000     0.000  3436.581  3436.581     0.930
 17    Rem:p+      82 [2]   13> {-2}
                                -0.000     0.000 -2780.239  2780.239     0.836
------------------------------------------------------------------------------
     Sum of momenta:                 0         0         0     7e+03     7e+03
******************************************************************************
Event number 3 (id: MThalf) performed by EventHandler
==============================================================================

--- Colliding particles:
  1        p+    2212  (3,16)   
                                 0.000     0.000  3500.000  3500.000     0.938
  2        p+    2212  (4,17)   
                                 0.000     0.000 -3500.000  3500.000     0.938
------------------------------------------------------------------------------
Primary sub-process performed by MEGenericProcesses[g,g->nu_mubar,e+,bbar,b,nu_e,mu-]
--- incoming:
  3         g      21 [1] (9)   {+1,-2}
                                 0.000    -0.000   197.314   197.314     0.000
  4         g      21 [2] (9)   {+2,-3}
                                 0.000    -0.000  -214.903   214.903     0.000
--- intermediates:
  5        W+      24 [6] (11,14)   
                               -93.726    22.248    52.937   137.373    82.399
  6         t       6 [9] (5,13)   {+1}
                              -107.473   -33.320    16.283   205.476   171.156
  7        W-     -24 [8] (10,15)   
                                44.422   -14.470   -72.496   118.600    81.410
  8      tbar      -6 [9] (7,12)   {-3}
                               107.473    33.320   -33.872   206.741   170.099
  9         g      21 [3,4] (6,8)   {+1,-3}
                                 0.000    -0.000   -17.589   412.216   411.841
--- outgoing:
 10  nu_mubar     -14 [7]    
                                16.384    27.025    -1.397    31.634     0.000
 11        e+     -11 [5]    
                               -65.940    27.362    -6.376    71.675     0.001
 12      bbar      -5 [8]   17> {-3}
                                63.051    47.789    38.624    88.141     4.200
 13         b       5 [6]   >16 {+1}
                               -13.747   -55.568   -36.654    68.102     4.200
 14      nu_e      12 [5]    
                               -27.786    -5.113    59.313    65.698     0.000
 15       mu-      13 [7]    
                                28.038   -41.494   -71.100    86.966     0.106
------------------------------------------------------------------------------
Step 1
--- intermediates:
  3         g      21 [1] (9)   {+1,-2}
                                 0.000    -0.000   197.314   197.314     0.000
  4         g      21 [2] (9)   {+2,-3}
                                 0.000    -0.000  -214.903   214.903     0.000
  5        W+      24 [6] (11,14)   
                               -93.726    22.248    52.937   137.373    82.399
  6         t       6 [9] (5,13)   {+1}
                              -107.473   -33.320    16.283   205.476   171.156
  7        W-     -24 [8] (10,15)   
                                44.422   -14.470   -72.496   118.600    81.410
  8      tbar      -6 [9] (7,12)   {-3}
                               107.473    33.320   -33.872   206.741   170.099
  9         g      21 [3,4] (6,8)   {+1,-3}
                                 0.000    -0.000   -17.589   412.216   411.841
--- final:
 10  nu_mubar     -14 [7]    
                                16.384    27.025    -1.397    31.634     0.000
 11        e+     -11 [5]    
                               -65.940    27.362    -6.376    71.675     0.001
 12      bbar      -5 [8]   17> {-3}
                                63.051    47.789    38.624    88.141     4.200
 13         b       5 [6]   >16 {+1}
                               -13.747   -55.568   -36.654    68.102     4.200
 14      nu_e      12 [5]    
                               -27.786    -5.113    59.313    65.698     0.000
 15       mu-      13 [7]    
                                28.038   -41.494   -71.100    86.966     0.106
 16    Rem:p+      82 [1]   13>>17 {+2,-1}
                                 0.000     0.000  3302.686  3302.686     0.911
 17    Rem:p+      82 [2]   16>>12 {+3,-2}
                                -0.000     0.000 -3285.097  3285.097     0.909
------------------------------------------------------------------------------
     Sum of momenta:                 0         0         0     7e+03     7e+03
******************************************************************************
Event number 4 (id: MThalf) performed by EventHandler
==============================================================================

--- Colliding particles:
  1        p+    2212  (3,16)   
                                 0.000     0.000  3500.000  3500.000     0.938
  2        p+    2212  (4,17)   
                                 0.000     0.000 -3500.000  3500.000     0.938
------------------------------------------------------------------------------
Primary sub-process performed by MEGenericProcesses[g,g->nu_mubar,e+,bbar,b,nu_e,mu-]
--- incoming:
  3         g      21 [1] (5,7)   {+1,-2}
                                 0.000    -0.000  1104.326  1104.326     0.000
  4         g      21 [2] (9)   {+3,-1}
                                 0.000    -0.000  -284.294   284.294     0.000
--- intermediates:
  5         t       6 [3] (9)   {+1}
                              -149.022  -425.913   342.264   202.244  -529.010
  6        W-     -24 [7] (10,15)   
                               135.289   308.530   444.915   563.604    78.783
  7      tbar      -6 [3] (6,12)   {-2}
                               149.022   425.913   762.062   902.082   171.477
  8        W+      24 [9] (11,14)   
                               -97.907  -199.614   -30.602   238.170    79.731
  9         t       6 [4,5] (8,13)   {+3}
                              -149.022  -425.913    57.971   486.538   172.480
--- outgoing:
 10  nu_mubar     -14 [6]    
                                84.431   266.947   350.864   448.882     0.000
 11        e+     -11 [8]    
                               -94.048  -107.441    -7.077   142.964     0.001
 12      bbar      -5 [7]   16> {-2}
                                13.734   117.383   317.147   338.478     4.200
 13         b       5 [9]   >17 {+3}
                               -51.115  -226.299    88.572   248.368     4.200
 14      nu_e      12 [8]    
                                -3.859   -92.173   -23.525    95.206    -0.000
 15       mu-      13 [6]    
                                50.858    41.583    94.051   114.723     0.106
------------------------------------------------------------------------------
Step 1
--- intermediates:
  3         g      21 [1] (5,7)   {+1,-2}
                                 0.000    -0.000  1104.326  1104.326     0.000
  4         g      21 [2] (9)   {+3,-1}
                                 0.000    -0.000  -284.294   284.294     0.000
  5         t       6 [3] (9)   {+1}
                              -149.022  -425.913   342.264   202.244  -529.010
  6        W-     -24 [7] (10,15)   
                               135.289   308.530   444.915   563.604    78.783
  7      tbar      -6 [3] (6,12)   {-2}
                               149.022   425.913   762.062   902.082   171.477
  8        W+      24 [9] (11,14)   
                               -97.907  -199.614   -30.602   238.170    79.731
  9         t       6 [4,5] (8,13)   {+3}
                              -149.022  -425.913    57.971   486.538   172.480
--- final:
 10  nu_mubar     -14 [6]    
                                84.431   266.947   350.864   448.882     0.000
 11        e+     -11 [8]    
                               -94.048  -107.441    -7.077   142.964     0.001
 12      bbar      -5 [7]   16> {-2}
                                13.734   117.383   317.147   338.478     4.200
 13         b       5 [9]   >17 {+3}
                               -51.115  -226.299    88.572   248.368     4.200
 14      nu_e      12 [8]    
                                -3.859   -92.173   -23.525    95.206    -0.000
 15       mu-      13 [6]    
                                50.858    41.583    94.051   114.723     0.106
 16    Rem:p+      82 [1]   17>>12 {+2,-1}
                                 0.000     0.000  2395.673  2395.674     0.776
 17    Rem:p+      82 [2]   13>>16 {+1,-3}
                                -0.000     0.000 -3215.706  3215.706     0.899
------------------------------------------------------------------------------
     Sum of momenta:                 0         0         0     7e+03     7e+03
******************************************************************************
Event number 5 (id: MThalf) performed by EventHandler
==============================================================================

--- Colliding particles:
  1        p+    2212  (3,16)   
                                 0.000     0.000  3500.000  3500.000     0.938
  2        p+    2212  (4,17)   
                                 0.000     0.000 -3500.000  3500.000     0.938
------------------------------------------------------------------------------
Primary sub-process performed by MEGenericProcesses[g,g->nu_mubar,e+,bbar,b,nu_e,mu-]
--- incoming:
  3         g      21 [1] (5,7)   {+1,-2}
                                -0.000    -0.000    97.669    97.669     0.000
  4         g      21 [2] (9)   {+2,-3}
                                 0.000     0.000  -310.159   310.159     0.000
--- intermediates:
  5      tbar      -6 [3] (9)   {-2}
                               -23.591    29.010   215.306  -112.532  -187.327
  6        W+      24 [7] (11,14)   
                                 4.311    43.277   -34.108    97.987    80.911
  7         t       6 [3] (6,13)   {+1}
                                23.591   -29.010  -117.637   210.201   170.141
  8        W-     -24 [9] (10,15)   
                               -70.821    54.628   -67.047   136.982    79.176
  9      tbar      -6 [4,5] (8,12)   {-3}
                               -23.591    29.010   -94.852   197.626   169.296
--- outgoing:
 10  nu_mubar     -14 [8]    
                               -36.176    20.074    12.824    43.314     0.000
 11        e+     -11 [6]    
                                 7.484   -23.484   -13.179    27.950     0.001
 12      bbar      -5 [9]   17> {-3}
                                47.229   -25.619   -27.805    60.644     4.200
 13         b       5 [7]   >16 {+1}
                                19.280   -72.287   -83.529   112.214     4.200
 14      nu_e      12 [6]    
                                -3.173    66.762   -20.929    70.037     0.000
 15       mu-      13 [8]    
                               -34.644    34.555   -79.871    93.668     0.106
------------------------------------------------------------------------------
Step 1
--- intermediates:
  3         g      21 [1] (5,7)   {+1,-2}
                                -0.000    -0.000    97.669    97.669     0.000
  4         g      21 [2] (9)   {+2,-3}
                                 0.000     0.000  -310.159   310.159     0.000
  5      tbar      -6 [3] (9)   {-2}
                               -23.591    29.010   215.306  -112.532  -187.327
  6        W+      24 [7] (11,14)   
                                 4.311    43.277   -34.108    97.987    80.911
  7         t       6 [3] (6,13)   {+1}
                                23.591   -29.010  -117.637   210.201   170.141
  8        W-     -24 [9] (10,15)   
                               -70.821    54.628   -67.047   136.982    79.176
  9      tbar      -6 [4,5] (8,12)   {-3}
                               -23.591    29.010   -94.852   197.626   169.296
--- final:
 10  nu_mubar     -14 [8]    
                               -36.176    20.074    12.824    43.314     0.000
 11        e+     -11 [6]    
                                 7.484   -23.484   -13.179    27.950     0.001
 12      bbar      -5 [9]   17> {-3}
                                47.229   -25.619   -27.805    60.644     4.200
 13         b       5 [7]   >16 {+1}
                                19.280   -72.287   -83.529   112.214     4.200
 14      nu_e      12 [6]    
                                -3.173    66.762   -20.929    70.037     0.000
 15       mu-      13 [8]    
                               -34.644    34.555   -79.871    93.668     0.106
 16    Rem:p+      82 [1]   13>>17 {+2,-1}
                                 0.000     0.000  3402.331  3402.331     0.925
 17    Rem:p+      82 [2]   16>>12 {+3,-2}
                                -0.000     0.000 -3189.841  3189.841     0.896
------------------------------------------------------------------------------
     Sum of momenta:                 0         0         0     7e+03     7e+03
******************************************************************************
Event number 6 (id: MThalf) performed by EventHandler
==============================================================================

--- Colliding particles:
  1        p+    2212  (3,16)   
                                 0.000     0.000  3500.000  3500.000     0.938
  2        p+    2212  (4,17)   
                                 0.000     0.000 -3500.000  3500.000     0.938
------------------------------------------------------------------------------
Primary sub-process performed by MEGenericProcesses[g,g->nu_mubar,e+,bbar,b,nu_e,mu-]
--- incoming:
  3         g      21 [1] (5,7)   {+1,-2}
                                 0.000     0.000   523.444   523.444     0.000
  4         g      21 [2] (9)   {+2,-3}
                                 0.000     0.000  -125.002   125.002     0.000
--- intermediates:
  5      tbar      -6 [3] (9)   {-2}
                              -158.969    54.033   213.548   131.121  -237.908
  6        W+      24 [7] (11,14)   
                                37.109   -67.546   104.866   153.393    81.197
  7         t       6 [3] (6,13)   {+1}
                               158.969   -54.033   309.897   392.323   172.311
  8        W-     -24 [9] (10,15)   
                               -84.896    62.845   116.199   176.456    80.485
  9      tbar      -6 [4,5] (8,12)   {-3}
                              -158.969    54.033    88.546   256.123   171.953
--- outgoing:
 10  nu_mubar     -14 [8]    
                               -36.087   -16.363    31.149    50.401     0.000
 11        e+     -11 [6]    
                               -20.135   -36.356    64.462    76.697     0.001
 12      bbar      -5 [9]   17> {-3}
                               -74.073    -8.812   -27.653    79.666     4.200
 13         b       5 [7]   >16 {+1}
                               121.860    13.513   205.031   238.931     4.200
 14      nu_e      12 [6]    
                                57.244   -31.190    40.404    76.695     0.000
 15       mu-      13 [8]    
                               -48.809    79.209    85.051   126.055     0.106
------------------------------------------------------------------------------
Step 1
--- intermediates:
  3         g      21 [1] (5,7)   {+1,-2}
                                 0.000     0.000   523.444   523.444     0.000
  4         g      21 [2] (9)   {+2,-3}
                                 0.000     0.000  -125.002   125.002     0.000
  5      tbar      -6 [3] (9)   {-2}
                              -158.969    54.033   213.548   131.121  -237.908
  6        W+      24 [7] (11,14)   
                                37.109   -67.546   104.866   153.393    81.197
  7         t       6 [3] (6,13)   {+1}
                               158.969   -54.033   309.897   392.323   172.311
  8        W-     -24 [9] (10,15)   
                               -84.896    62.845   116.199   176.456    80.485
  9      tbar      -6 [4,5] (8,12)   {-3}
                              -158.969    54.033    88.546   256.123   171.953
--- final:
 10  nu_mubar     -14 [8]    
                               -36.087   -16.363    31.149    50.401     0.000
 11        e+     -11 [6]    
                               -20.135   -36.356    64.462    76.697     0.001
 12      bbar      -5 [9]   17> {-3}
                               -74.073    -8.812   -27.653    79.666     4.200
 13         b       5 [7]   >16 {+1}
                               121.860    13.513   205.031   238.931     4.200
 14      nu_e      12 [6]    
                                57.244   -31.190    40.404    76.695     0.000
 15       mu-      13 [8]    
                               -48.809    79.209    85.051   126.055     0.106
 16    Rem:p+      82 [1]   13>>17 {+2,-1}
                                 0.000     0.000  2976.555  2976.556     0.865
 17    Rem:p+      82 [2]   16>>12 {+3,-2}
                                -0.000     0.000 -3374.998  3374.998     0.921
------------------------------------------------------------------------------
     Sum of momenta:                 0         0         0     7e+03     7e+03
******************************************************************************
Event number 7 (id: MThalf) performed by EventHandler
==============================================================================

--- Colliding particles:
  1        p+    2212  (3,16)   
                                 0.000     0.000  3500.000  3500.000     0.938
  2        p+    2212  (4,17)   
                                 0.000     0.000 -3500.000  3500.000     0.938
------------------------------------------------------------------------------
Primary sub-process performed by MEGenericProcesses[u,ubar->nu_mubar,e+,bbar,b,nu_e,mu-]
--- incoming:
  3         u       2 [1] (9)   {+1}
                                 0.000     0.000  1199.113  1199.113     0.000
  4      ubar      -2 [2] (9)   {-2}
                                 0.000    -0.000   -49.767    49.767     0.000
--- intermediates:
  5        W+      24 [6] (11,14)   
                                 5.938    -0.356   175.076   188.361    69.229
  6         t       6 [9] (5,13)   {+1}
                               -10.662  -139.397   318.220   388.651   173.896
  7        W-     -24 [8] (10,15)   
                               -39.876   138.260   710.246   729.138    80.544
  8      tbar      -6 [9] (7,12)   {-2}
                                10.662   139.397   831.126   860.229   172.277
  9         g      21 [3,4] (6,8)   {+1,-2}
                                 0.000    -0.000  1149.346  1248.880   488.574
--- outgoing:
 10  nu_mubar     -14 [7]    
                               -31.026    11.887   233.333   235.687     0.000
 11        e+     -11 [5]    
                                25.274    -1.082   164.253   166.190     0.001
 12      bbar      -5 [8]   17> {-2}
                                50.537     1.138   120.880   131.091     4.200
 13         b       5 [6]   >16 {+1}
                               -16.600  -139.042   143.144   200.290     4.200
 14      nu_e      12 [5]    
                               -19.336     0.726    10.823    22.171     0.000
 15       mu-      13 [7]    
                                -8.850   126.373   476.913   493.451     0.106
------------------------------------------------------------------------------
Step 1
--- intermediates:
  3         u       2 [1] (9)   {+1}
                                 0.000     0.000  1199.113  1199.113     0.000
  4      ubar      -2 [2] (9)   {-2}
                                 0.000    -0.000   -49.767    49.767     0.000
  5        W+      24 [6] (11,14)   
                                 5.938    -0.356   175.076   188.361    69.229
  6         t       6 [9] (5,13)   {+1}
                               -10.662  -139.397   318.220   388.651   173.896
  7        W-     -24 [8] (10,15)   
                               -39.876   138.260   710.246   729.138    80.544
  8      tbar      -6 [9] (7,12)   {-2}
                                10.662   139.397   831.126   860.229   172.277
  9         g      21 [3,4] (6,8)   {+1,-2}
                                 0.000    -0.000  1149.346  1248.880   488.574
--- final:
 10  nu_mubar     -14 [7]    
                               -31.026    11.887   233.333   235.687     0.000
 11        e+     -11 [5]    
                                25.274    -1.082   164.253   166.190     0.001
 12      bbar      -5 [8]   17> {-2}
                                50.537     1.138   120.880   131.091     4.200
 13         b       5 [6]   >16 {+1}
                               -16.600  -139.042   143.144   200.290     4.200
 14      nu_e      12 [5]    
                               -19.336     0.726    10.823    22.171     0.000
 15       mu-      13 [7]    
                                -8.850   126.373   476.913   493.451     0.106
 16    Rem:p+      82 [1]   13> {-1}
                                 0.000     0.000  2300.887  2300.887     0.761
 17    Rem:p+      82 [2]   >12 {+2}
                                -0.000     0.000 -3450.233  3450.233     0.932
------------------------------------------------------------------------------
     Sum of momenta:                 0         0         0     7e+03     7e+03
******************************************************************************
Event number 8 (id: MThalf) performed by EventHandler
==============================================================================

--- Colliding particles:
  1        p+    2212  (3,16)   
                                 0.000     0.000  3500.000  3500.000     0.938
  2        p+    2212  (4,17)   
                                 0.000     0.000 -3500.000  3500.000     0.938
------------------------------------------------------------------------------
Primary sub-process performed by MEGenericProcesses[g,g->nu_mubar,e+,bbar,b,nu_e,mu-]
--- incoming:
  3         g      21 [1] (5,7)   {+1,-2}
                                 0.000     0.000   756.950   756.950     0.000
  4         g      21 [2] (9)   {+3,-1}
                                 0.000     0.000  -102.410   102.410     0.000
--- intermediates:
  5         t       6 [3] (9)   {+1}
                               -14.538  -220.926   404.956   307.743  -343.953
  6        W-     -24 [7] (10,15)   
                                50.554    69.956   104.256   156.836    79.238
  7      tbar      -6 [3] (6,12)   {-2}
                                14.538   220.926   351.994   449.207   169.905
  8        W+      24 [9] (11,14)   
                                24.258   -75.792    69.550   132.891    80.560
  9         t       6 [4,5] (8,13)   {+3}
                               -14.538  -220.926   302.547   410.153   166.347
--- outgoing:
 10  nu_mubar     -14 [6]    
                                -5.128    13.672   -10.094    17.752     0.000
 11        e+     -11 [8]    
                               -11.160   -72.415    63.177    96.746     0.001
 12      bbar      -5 [7]   16> {-2}
                               -36.016   150.970   247.737   292.371     4.200
 13         b       5 [9]   >17 {+3}
                               -38.796  -145.134   232.997   277.262     4.200
 14      nu_e      12 [8]    
                                35.418    -3.377     6.373    36.145    -0.000
 15       mu-      13 [6]    
                                55.683    56.284   114.351   139.084     0.106
------------------------------------------------------------------------------
Step 1
--- intermediates:
  3         g      21 [1] (5,7)   {+1,-2}
                                 0.000     0.000   756.950   756.950     0.000
  4         g      21 [2] (9)   {+3,-1}
                                 0.000     0.000  -102.410   102.410     0.000
  5         t       6 [3] (9)   {+1}
                               -14.538  -220.926   404.956   307.743  -343.953
  6        W-     -24 [7] (10,15)   
                                50.554    69.956   104.256   156.836    79.238
  7      tbar      -6 [3] (6,12)   {-2}
                                14.538   220.926   351.994   449.207   169.905
  8        W+      24 [9] (11,14)   
                                24.258   -75.792    69.550   132.891    80.560
  9         t       6 [4,5] (8,13)   {+3}
                               -14.538  -220.926   302.547   410.153   166.347
--- final:
 10  nu_mubar     -14 [6]    
                                -5.128    13.672   -10.094    17.752     0.000
 11        e+     -11 [8]    
                               -11.160   -72.415    63.177    96.746     0.001
 12      bbar      -5 [7]   16> {-2}
                               -36.016   150.970   247.737   292.371     4.200
 13         b       5 [9]   >17 {+3}
                               -38.796  -145.134   232.997   277.262     4.200
 14      nu_e      12 [8]    
                                35.418    -3.377     6.373    36.145    -0.000
 15       mu-      13 [6]    
                                55.683    56.284   114.351   139.084     0.106
 16    Rem:p+      82 [1]   17>>12 {+2,-1}
                                 0.000     0.000  2743.050  2743.050     0.831
 17    Rem:p+      82 [2]   13>>16 {+1,-3}
                                -0.000     0.000 -3397.590  3397.590     0.924
------------------------------------------------------------------------------
     Sum of momenta:                 0         0         0     7e+03     7e+03
******************************************************************************
Event number 9 (id: MThalf) performed by EventHandler
==============================================================================

--- Colliding particles:
  1        p+    2212  (3,16)   
                                 0.000     0.000  3500.000  3500.000     0.938
  2        p+    2212  (4,17)   
                                 0.000     0.000 -3500.000  3500.000     0.938
------------------------------------------------------------------------------
Primary sub-process performed by MEGenericProcesses[g,g->nu_mubar,e+,bbar,b,nu_e,mu-]
--- incoming:
  3         g      21 [1] (9)   {+1,-2}
                                -0.000     0.000   189.599   189.599     0.000
  4         g      21 [2] (9)   {+3,-1}
                                 0.000     0.000  -279.421   279.421     0.000
--- intermediates:
  5        W+      24 [6] (11,14)   
                                47.366    -5.478     7.047    94.327    81.082
  6         t       6 [9] (5,13)   {+3}
                               120.655   -68.825  -110.603   246.785   171.392
  7        W-     -24 [8] (10,15)   
                               -94.737   -22.130    17.061   127.493    80.614
  8      tbar      -6 [9] (7,12)   {-2}
                              -120.655    68.825    20.782   222.235   172.227
  9         g      21 [3,4] (6,8)   {+3,-2}
                                 0.000     0.000   -89.821   469.020   460.339
--- outgoing:
 10  nu_mubar     -14 [7]    
                                -0.474   -31.183     8.975    32.452    -0.000
 11        e+     -11 [5]    
                                51.604    -6.235   -27.983    59.033     0.001
 12      bbar      -5 [8]   16> {-2}
                               -25.919    90.955     3.721    94.743     4.200
 13         b       5 [6]   >17 {+3}
                                73.289   -63.347  -117.651   152.458     4.200
 14      nu_e      12 [5]    
                                -4.238     0.757    35.030    35.294     0.000
 15       mu-      13 [7]    
                               -94.262     9.052     8.086    95.041     0.106
------------------------------------------------------------------------------
Step 1
--- intermediates:
  3         g      21 [1] (9)   {+1,-2}
                                -0.000     0.000   189.599   189.599     0.000
  4         g      21 [2] (9)   {+3,-1}
                                 0.000     0.000  -279.421   279.421     0.000
  5        W+      24 [6] (11,14)   
                                47.366    -5.478     7.047    94.327    81.082
  6         t       6 [9] (5,13)   {+3}
                               120.655   -68.825  -110.603   246.785   171.392
  7        W-     -24 [8] (10,15)   
                               -94.737   -22.130    17.061   127.493    80.614
  8      tbar      -6 [9] (7,12)   {-2}
                              -120.655    68.825    20.782   222.235   172.227
  9         g      21 [3,4] (6,8)   {+3,-2}
                                 0.000     0.000   -89.821   469.020   460.339
--- final:
 10  nu_mubar     -14 [7]    
                                -0.474   -31.183     8.975    32.452    -0.000
 11        e+     -11 [5]    
                                51.604    -6.235   -27.983    59.033     0.001
 12      bbar      -5 [8]   16> {-2}
                               -25.919    90.955     3.721    94.743     4.200
 13         b       5 [6]   >17 {+3}
                                73.289   -63.347  -117.651   152.458     4.200
 14      nu_e      12 [5]    
                                -4.238     0.757    35.030    35.294     0.000
 15       mu-      13 [7]    
                               -94.262     9.052     8.086    95.041     0.106
 16    Rem:p+      82 [1]   17>>12 {+2,-1}
                                 0.000     0.000  3310.400  3310.401     0.913
 17    Rem:p+      82 [2]   13>>16 {+1,-3}
                                -0.000     0.000 -3220.579  3220.579     0.900
------------------------------------------------------------------------------
     Sum of momenta:                 0         0         0     7e+03     7e+03
final integrated cross section is ( 0.000882931 +/- 8.82814e-06 ) nb



Note: In this run 324 of the 10000 accepted events
were found with a weight W larger than the expected Wmax.
This corresponds to a cross section difference between:
   UnitWeights:       0.000882931nb
   AlmostUnweighted:  0.000947979nb
 use 'set Sampler:AlmostUnweighted On' to switch to non-unit weights.

The maximum weight determined in the read/integrate step has been enhanced by 
   set /Herwig/Samplers/Sampler:MaxEnhancement 1.1.
If the rate of excessions (3.24%) or the change of the cross section is large,
you can try to:

Enhance the number of points used in the read/integrate step
   set /Herwig/Samplers/Sampler:BinSampler:InitialPoints ...

and/or enhance the reference weight found in the read/integrate step
   set /Herwig/Samplers/Sampler:MaxEnhancement 1.x

If this does not help (and your process is well defined by cuts)
don't hesitate to contact herwig@projects.hepforge.org.

No exceptions reported in this run.
