>>>>>>>>>>>>>>>>>>>>>>>>>>>>>>>>>>>>>>>>>>>>>>>>>>>>>>>>>>>>>>>>>>>>>>>>>>>>>>
>>>> Toolkit for HEP Event Generation - ThePEG 2.0.2 <<<<<<<<<<<<<<<<<<<<<<<<<
<<<<<<<<<<<<<<<<<<<<<<<<<<<<<<<<<<<<<<<<<<<<<<<<<<<<<<<<<<<<<<<<<<<<<<<<<<<<<<

>> Herwig 7.0.2 / ThePEG 2.0.2

/Herwig/Cuts/Cuts:
MHat  = 0 .. 7000 GeV
Scale = 2 .. 1e+12 GeV2
YHat  = -100 .. 100
X1    = 1e-05 .. 1
X2    = 1e-05 .. 1

IdentifiedParticleCut 'BJetCut' matching 'BJetMatcher' within:
pt  = 30 .. 1e+06 GeV
IdentifiedParticleCut 'PhotonCut' matching 'Photon' within:
pt  = 0 .. 1e+06 GeV
IdentifiedParticleCut 'LeptonCut' matching 'Lepton' within:
pt  = 0 .. 1e+06 GeV
IdentifiedParticleCut 'TopQuarkCut' matching 'Top' within:
pt  = 0 .. 1e+06 GeV
IdentifiedParticleCut 'WBosonCut' matching 'WBoson' within:
pt  = 0 .. 1e+06 GeV
IdentifiedParticleCut 'ZBosonCut' matching 'ZBoson' within:
pt  = 0 .. 1e+06 GeV
IdentifiedParticleCut 'HiggsBosonCut' matching 'HiggsBoson' within:
pt  = 0 .. 1e+06 GeV
IdentifiedParticleCut 'ChargedLeptonCut' matching 'ChargedLepton' within:
pt  = 20 .. 1e+06 GeV
/Herwig/Cuts/LeptonPairMassCut
matching distances between: 'Lepton' and 'Lepton':
M = 0 .. 1e+06 GeV
same flavour only = false 
opposite sign only = false 

/Herwig/Cuts/ChargedLeptonPairMassCut
matching distances between: 'ChargedLepton' and 'ChargedLepton':
M = 0 .. 1e+06 GeV
same flavour only = false 
opposite sign only = false 

/Herwig/Cuts/LeptonDeltaRCut
matching distances between: 'Lepton' and 'Lepton':
DeltaRMin = 0 
DeltaRMax = 100 
DeltaPhiMin = 0 
DeltaPhiMax = 6.28319 
DeltaYMin = 0 
DeltaYMax = 100 

/Herwig/Cuts/ChargedLeptonDeltaRCut
matching distances between: 'ChargedLepton' and 'ChargedLepton':
DeltaRMin = 0 
DeltaRMax = 100 
DeltaPhiMin = 0 
DeltaPhiMax = 6.28319 
DeltaYMin = 0 
DeltaYMax = 100 

/Herwig/Cuts/PhotonIsolationCut matching unresolved particles from 'MatchboxJetMatcher':
DeltaZero = 0 
Exponent n = 1 
Efficiency = 0 
Cut Type = 1 

MissingPtCut 'MissingPtCut' matching 'Neutrino' within:
ptMiss  = 20 .. 1e+06 GeV
******************************************************************************
Event number 1 (id: MThalf_MSTW) performed by EventHandler
==============================================================================

--- Colliding particles:
  1        p+    2212  (3,16)   
                                 0.000     0.000  3500.000  3500.000     0.938
  2        p+    2212  (4,17)   
                                 0.000     0.000 -3500.000  3500.000     0.938
------------------------------------------------------------------------------
Primary sub-process performed by MEGenericProcesses[ubar,u->nu_mubar,e+,bbar,b,nu_e,mu-]
--- incoming:
  3      ubar      -2 [1] (9)   {-1}
                                 0.000    -0.000   402.237   402.237     0.000
  4         u       2 [2] (9)   {+2}
                                 0.000    -0.000  -133.853   133.853     0.000
--- intermediates:
  5        W+      24 [6] (11,14)   
                               -91.504   104.246   127.431   203.159    76.123
  6         t       6 [9] (5,13)   {+2}
                               -50.164   116.395   237.216   321.171   175.544
  7        W-     -24 [8] (10,15)   
                                74.198   -38.139   -20.965   117.774    80.444
  8      tbar      -6 [9] (7,12)   {-1}
                                50.164  -116.395    31.169   214.919   170.747
  9         g      21 [3,4] (6,8)   {+2,-1}
                                 0.000    -0.000   268.385   536.090   464.072
--- outgoing:
 10  nu_mubar     -14 [7]    
                                -6.719    15.486   -11.092    20.199     0.000
 11        e+     -11 [5]    
                               -67.396    47.782   113.191   140.134     0.001
 12      bbar      -5 [8]   16> {-1}
                               -24.033   -78.256    52.134    97.145     4.200
 13         b       5 [6]   >17 {+2}
                                41.340    12.149   109.785   118.012     4.200
 14      nu_e      12 [5]    
                               -24.109    56.464    14.240    63.025     0.000
 15       mu-      13 [7]    
                                80.917   -53.626    -9.873    97.574     0.106
------------------------------------------------------------------------------
Step 1
--- intermediates:
  3      ubar      -2 [1] (9)   {-1}
                                 0.000    -0.000   402.237   402.237     0.000
  4         u       2 [2] (9)   {+2}
                                 0.000    -0.000  -133.853   133.853     0.000
  5        W+      24 [6] (11,14)   
                               -91.504   104.246   127.431   203.159    76.123
  6         t       6 [9] (5,13)   {+2}
                               -50.164   116.395   237.216   321.171   175.544
  7        W-     -24 [8] (10,15)   
                                74.198   -38.139   -20.965   117.774    80.444
  8      tbar      -6 [9] (7,12)   {-1}
                                50.164  -116.395    31.169   214.919   170.747
  9         g      21 [3,4] (6,8)   {+2,-1}
                                 0.000    -0.000   268.385   536.090   464.072
--- final:
 10  nu_mubar     -14 [7]    
                                -6.719    15.486   -11.092    20.199     0.000
 11        e+     -11 [5]    
                               -67.396    47.782   113.191   140.134     0.001
 12      bbar      -5 [8]   16> {-1}
                               -24.033   -78.256    52.134    97.145     4.200
 13         b       5 [6]   >17 {+2}
                                41.340    12.149   109.785   118.012     4.200
 14      nu_e      12 [5]    
                               -24.109    56.464    14.240    63.025     0.000
 15       mu-      13 [7]    
                                80.917   -53.626    -9.873    97.574     0.106
 16    Rem:p+      82 [1]   >12 {+1}
                                 0.000     0.000  3097.762  3097.763     0.883
 17    Rem:p+      82 [2]   13> {-2}
                                -0.000     0.000 -3366.147  3366.147     0.920
------------------------------------------------------------------------------
     Sum of momenta:                 0         0         0     7e+03     7e+03
******************************************************************************
Event number 2 (id: MThalf_MSTW) performed by EventHandler
==============================================================================

--- Colliding particles:
  1        p+    2212  (3,16)   
                                 0.000     0.000  3500.000  3500.000     0.938
  2        p+    2212  (4,17)   
                                 0.000     0.000 -3500.000  3500.000     0.938
------------------------------------------------------------------------------
Primary sub-process performed by MEGenericProcesses[g,g->nu_mubar,e+,bbar,b,nu_e,mu-]
--- incoming:
  3         g      21 [1] (5,7)   {+1,-2}
                                -0.000     0.000   298.718   298.718     0.000
  4         g      21 [2] (9)   {+3,-1}
                                 0.000    -0.000  -177.538   177.538     0.000
--- intermediates:
  5         t       6 [3] (9)   {+1}
                              -122.871    35.335   150.490    38.055  -193.765
  6        W-     -24 [7] (10,15)   
                                41.246    11.410   138.753   166.031    80.514
  7      tbar      -6 [3] (6,12)   {-2}
                               122.871   -35.335   148.227   260.662   172.127
  8        W+      24 [9] (11,14)   
                              -147.919    16.633   -50.376   176.363    80.058
  9         t       6 [4,5] (8,13)   {+3}
                              -122.871    35.335   -27.048   215.594   171.473
--- outgoing:
 10  nu_mubar     -14 [6]    
                                63.429    17.870   117.087   134.357     0.000
 11        e+     -11 [8]    
                              -106.684   -23.595   -46.125   118.599     0.001
 12      bbar      -5 [7]   16> {-2}
                                81.625   -46.745     9.474    94.631     4.200
 13         b       5 [9]   >17 {+3}
                                25.048    18.702    23.329    39.231     4.200
 14      nu_e      12 [8]    
                               -41.235    40.227    -4.251    57.764    -0.000
 15       mu-      13 [6]    
                               -22.182    -6.460    21.666    31.674     0.106
------------------------------------------------------------------------------
Step 1
--- intermediates:
  3         g      21 [1] (5,7)   {+1,-2}
                                -0.000     0.000   298.718   298.718     0.000
  4         g      21 [2] (9)   {+3,-1}
                                 0.000    -0.000  -177.538   177.538     0.000
  5         t       6 [3] (9)   {+1}
                              -122.871    35.335   150.490    38.055  -193.765
  6        W-     -24 [7] (10,15)   
                                41.246    11.410   138.753   166.031    80.514
  7      tbar      -6 [3] (6,12)   {-2}
                               122.871   -35.335   148.227   260.662   172.127
  8        W+      24 [9] (11,14)   
                              -147.919    16.633   -50.376   176.363    80.058
  9         t       6 [4,5] (8,13)   {+3}
                              -122.871    35.335   -27.048   215.594   171.473
--- final:
 10  nu_mubar     -14 [6]    
                                63.429    17.870   117.087   134.357     0.000
 11        e+     -11 [8]    
                              -106.684   -23.595   -46.125   118.599     0.001
 12      bbar      -5 [7]   16> {-2}
                                81.625   -46.745     9.474    94.631     4.200
 13         b       5 [9]   >17 {+3}
                                25.048    18.702    23.329    39.231     4.200
 14      nu_e      12 [8]    
                               -41.235    40.227    -4.251    57.764    -0.000
 15       mu-      13 [6]    
                               -22.182    -6.460    21.666    31.674     0.106
 16    Rem:p+      82 [1]   17>>12 {+2,-1}
                                 0.000     0.000  3201.282  3201.282     0.897
 17    Rem:p+      82 [2]   13>>16 {+1,-3}
                                -0.000     0.000 -3322.462  3322.462     0.914
------------------------------------------------------------------------------
     Sum of momenta:                 0         0         0     7e+03     7e+03
******************************************************************************
Event number 3 (id: MThalf_MSTW) performed by EventHandler
==============================================================================

--- Colliding particles:
  1        p+    2212  (3,16)   
                                 0.000     0.000  3500.000  3500.000     0.938
  2        p+    2212  (4,17)   
                                 0.000     0.000 -3500.000  3500.000     0.938
------------------------------------------------------------------------------
Primary sub-process performed by MEGenericProcesses[u,ubar->nu_mubar,e+,bbar,b,nu_e,mu-]
--- incoming:
  3         u       2 [1] (9)   {+1}
                                 0.000    -0.000    74.076    74.076     0.000
  4      ubar      -2 [2] (9)   {-2}
                                 0.000     0.000  -419.818   419.818     0.000
--- intermediates:
  5        W+      24 [6] (11,14)   
                                22.254    72.055  -143.670   180.114    78.185
  6         t       6 [9] (5,13)   {+1}
                               -23.536    27.870  -186.891   257.151   172.823
  7        W-     -24 [8] (10,15)   
                               -12.043   -26.711  -176.703   196.699    81.290
  8      tbar      -6 [9] (7,12)   {-2}
                                23.536   -27.870  -158.851   236.743   171.705
  9         g      21 [3,4] (6,8)   {+1,-2}
                                 0.000    -0.000  -345.742   493.894   352.695
--- outgoing:
 10  nu_mubar     -14 [7]    
                               -11.253     1.483  -166.222   166.609     0.000
 11        e+     -11 [5]    
                                44.075    40.233  -122.117   135.918     0.001
 12      bbar      -5 [8]   17> {-2}
                                35.579    -1.159    17.852    40.044     4.200
 13         b       5 [6]   >16 {+1}
                               -45.790   -44.185   -43.221    77.037     4.200
 14      nu_e      12 [5]    
                               -21.821    31.822   -21.554    44.196     0.000
 15       mu-      13 [7]    
                                -0.790   -28.194   -10.481    30.090     0.106
------------------------------------------------------------------------------
Step 1
--- intermediates:
  3         u       2 [1] (9)   {+1}
                                 0.000    -0.000    74.076    74.076     0.000
  4      ubar      -2 [2] (9)   {-2}
                                 0.000     0.000  -419.818   419.818     0.000
  5        W+      24 [6] (11,14)   
                                22.254    72.055  -143.670   180.114    78.185
  6         t       6 [9] (5,13)   {+1}
                               -23.536    27.870  -186.891   257.151   172.823
  7        W-     -24 [8] (10,15)   
                               -12.043   -26.711  -176.703   196.699    81.290
  8      tbar      -6 [9] (7,12)   {-2}
                                23.536   -27.870  -158.851   236.743   171.705
  9         g      21 [3,4] (6,8)   {+1,-2}
                                 0.000    -0.000  -345.742   493.894   352.695
--- final:
 10  nu_mubar     -14 [7]    
                               -11.253     1.483  -166.222   166.609     0.000
 11        e+     -11 [5]    
                                44.075    40.233  -122.117   135.918     0.001
 12      bbar      -5 [8]   17> {-2}
                                35.579    -1.159    17.852    40.044     4.200
 13         b       5 [6]   >16 {+1}
                               -45.790   -44.185   -43.221    77.037     4.200
 14      nu_e      12 [5]    
                               -21.821    31.822   -21.554    44.196     0.000
 15       mu-      13 [7]    
                                -0.790   -28.194   -10.481    30.090     0.106
 16    Rem:p+      82 [1]   13> {-1}
                                 0.000     0.000  3425.924  3425.924     0.928
 17    Rem:p+      82 [2]   >12 {+2}
                                -0.000     0.000 -3080.182  3080.182     0.880
------------------------------------------------------------------------------
     Sum of momenta:                 0         0         0     7e+03     7e+03
******************************************************************************
Event number 4 (id: MThalf_MSTW) performed by EventHandler
==============================================================================

--- Colliding particles:
  1        p+    2212  (3,16)   
                                 0.000     0.000  3500.000  3500.000     0.938
  2        p+    2212  (4,17)   
                                 0.000     0.000 -3500.000  3500.000     0.938
------------------------------------------------------------------------------
Primary sub-process performed by MEGenericProcesses[g,g->nu_mubar,e+,bbar,b,nu_e,mu-]
--- incoming:
  3         g      21 [1] (9)   {+1,-2}
                                 0.000     0.000   614.645   614.645     0.000
  4         g      21 [2] (9)   {+2,-3}
                                 0.000    -0.000  -669.136   669.136     0.000
--- intermediates:
  5        W+      24 [6] (11,14)   
                              -259.751  -145.628   411.031   516.137    93.662
  6         t       6 [9] (5,13)   {+1}
                              -253.703  -195.356   501.283   619.445   172.910
  7        W-     -24 [8] (10,15)   
                               149.374    55.755  -361.298   403.163    81.134
  8      tbar      -6 [9] (7,12)   {-3}
                               253.703   195.356  -555.774   664.336   172.998
  9         g      21 [3,4] (6,8)   {+1,-3}
                                 0.000    -0.000   -54.491  1283.781  1282.624
--- outgoing:
 10  nu_mubar     -14 [7]    
                                95.399    45.100  -311.744   329.119     0.000
 11        e+     -11 [5]    
                              -151.440   -41.660   255.859   300.223     0.001
 12      bbar      -5 [8]   17> {-3}
                               104.329   139.601  -194.475   261.173     4.200
 13         b       5 [6]   >16 {+1}
                                 6.048   -49.727    90.252   103.308     4.200
 14      nu_e      12 [5]    
                              -108.311  -103.968   155.171   215.914     0.000
 15       mu-      13 [7]    
                                53.975    10.655   -49.554    74.044     0.106
------------------------------------------------------------------------------
Step 1
--- intermediates:
  3         g      21 [1] (9)   {+1,-2}
                                 0.000     0.000   614.645   614.645     0.000
  4         g      21 [2] (9)   {+2,-3}
                                 0.000    -0.000  -669.136   669.136     0.000
  5        W+      24 [6] (11,14)   
                              -259.751  -145.628   411.031   516.137    93.662
  6         t       6 [9] (5,13)   {+1}
                              -253.703  -195.356   501.283   619.445   172.910
  7        W-     -24 [8] (10,15)   
                               149.374    55.755  -361.298   403.163    81.134
  8      tbar      -6 [9] (7,12)   {-3}
                               253.703   195.356  -555.774   664.336   172.998
  9         g      21 [3,4] (6,8)   {+1,-3}
                                 0.000    -0.000   -54.491  1283.781  1282.624
--- final:
 10  nu_mubar     -14 [7]    
                                95.399    45.100  -311.744   329.119     0.000
 11        e+     -11 [5]    
                              -151.440   -41.660   255.859   300.223     0.001
 12      bbar      -5 [8]   17> {-3}
                               104.329   139.601  -194.475   261.173     4.200
 13         b       5 [6]   >16 {+1}
                                 6.048   -49.727    90.252   103.308     4.200
 14      nu_e      12 [5]    
                              -108.311  -103.968   155.171   215.914     0.000
 15       mu-      13 [7]    
                                53.975    10.655   -49.554    74.044     0.106
 16    Rem:p+      82 [1]   13>>17 {+2,-1}
                                 0.000     0.000  2885.355  2885.355     0.852
 17    Rem:p+      82 [2]   16>>12 {+3,-2}
                                -0.000     0.000 -2830.864  2830.864     0.844
------------------------------------------------------------------------------
     Sum of momenta:                 0         0         0     7e+03     7e+03
******************************************************************************
Event number 5 (id: MThalf_MSTW) performed by EventHandler
==============================================================================

--- Colliding particles:
  1        p+    2212  (3,16)   
                                 0.000     0.000  3500.000  3500.000     0.938
  2        p+    2212  (4,17)   
                                 0.000     0.000 -3500.000  3500.000     0.938
------------------------------------------------------------------------------
Primary sub-process performed by MEGenericProcesses[g,g->nu_mubar,e+,bbar,b,nu_e,mu-]
--- incoming:
  3         g      21 [1] (5,7)   {+1,-2}
                                 0.000     0.000   104.391   104.391     0.000
  4         g      21 [2] (9)   {+2,-3}
                                 0.000     0.000  -758.556   758.556     0.000
--- intermediates:
  5      tbar      -6 [3] (9)   {-2}
                              -150.633    65.509   661.902  -501.673  -461.975
  6        W+      24 [7] (11,14)   
                               118.540   -61.462  -551.243   572.847    80.344
  7         t       6 [3] (6,13)   {+1}
                               150.633   -65.509  -557.511   606.063   171.789
  8        W-     -24 [9] (10,15)   
                               -60.890   -16.505    -0.996   102.131    80.311
  9      tbar      -6 [4,5] (8,12)   {-3}
                              -150.633    65.509   -96.654   256.883   172.236
--- outgoing:
 10  nu_mubar     -14 [8]    
                               -67.805    14.846     4.510    69.557    -0.000
 11        e+     -11 [6]    
                                97.656   -73.652  -362.936   382.993     0.001
 12      bbar      -5 [9]   17> {-3}
                               -89.743    82.015   -95.658   154.752     4.200
 13         b       5 [7]   >16 {+1}
                                32.094    -4.048    -6.268    33.216     4.200
 14      nu_e      12 [6]    
                                20.884    12.191  -188.308   189.854    -0.000
 15       mu-      13 [8]    
                                 6.914   -31.352    -5.506    32.574     0.106
------------------------------------------------------------------------------
Step 1
--- intermediates:
  3         g      21 [1] (5,7)   {+1,-2}
                                 0.000     0.000   104.391   104.391     0.000
  4         g      21 [2] (9)   {+2,-3}
                                 0.000     0.000  -758.556   758.556     0.000
  5      tbar      -6 [3] (9)   {-2}
                              -150.633    65.509   661.902  -501.673  -461.975
  6        W+      24 [7] (11,14)   
                               118.540   -61.462  -551.243   572.847    80.344
  7         t       6 [3] (6,13)   {+1}
                               150.633   -65.509  -557.511   606.063   171.789
  8        W-     -24 [9] (10,15)   
                               -60.890   -16.505    -0.996   102.131    80.311
  9      tbar      -6 [4,5] (8,12)   {-3}
                              -150.633    65.509   -96.654   256.883   172.236
--- final:
 10  nu_mubar     -14 [8]    
                               -67.805    14.846     4.510    69.557    -0.000
 11        e+     -11 [6]    
                                97.656   -73.652  -362.936   382.993     0.001
 12      bbar      -5 [9]   17> {-3}
                               -89.743    82.015   -95.658   154.752     4.200
 13         b       5 [7]   >16 {+1}
                                32.094    -4.048    -6.268    33.216     4.200
 14      nu_e      12 [6]    
                                20.884    12.191  -188.308   189.854    -0.000
 15       mu-      13 [8]    
                                 6.914   -31.352    -5.506    32.574     0.106
 16    Rem:p+      82 [1]   13>>17 {+2,-1}
                                 0.000     0.000  3395.609  3395.609     0.924
 17    Rem:p+      82 [2]   16>>12 {+3,-2}
                                -0.000     0.000 -2741.444  2741.444     0.830
------------------------------------------------------------------------------
     Sum of momenta:                 0         0         0     7e+03     7e+03
******************************************************************************
Event number 6 (id: MThalf_MSTW) performed by EventHandler
==============================================================================

--- Colliding particles:
  1        p+    2212  (3,16)   
                                 0.000     0.000  3500.000  3500.000     0.938
  2        p+    2212  (4,17)   
                                 0.000     0.000 -3500.000  3500.000     0.938
------------------------------------------------------------------------------
Primary sub-process performed by MEGenericProcesses[g,g->nu_mubar,e+,bbar,b,nu_e,mu-]
--- incoming:
  3         g      21 [1] (9)   {+1,-2}
                                 0.000    -0.000   598.473   598.473     0.000
  4         g      21 [2] (9)   {+3,-1}
                                 0.000     0.000  -147.508   147.508     0.000
--- intermediates:
  5        W+      24 [6] (11,14)   
                               222.575    95.978   182.142   313.836    81.030
  6         t       6 [9] (5,13)   {+3}
                               230.614    62.416   187.325   348.987   172.112
  7        W-     -24 [8] (10,15)   
                               -68.793   -71.140    70.883   145.131    79.028
  8      tbar      -6 [9] (7,12)   {-2}
                              -230.614   -62.416   263.640   396.994   176.125
  9         g      21 [3,4] (6,8)   {+3,-2}
                                 0.000     0.000   450.964   745.981   594.238
--- outgoing:
 10  nu_mubar     -14 [7]    
                               -27.422   -78.985    55.247   100.214    -0.000
 11        e+     -11 [5]    
                               114.163    88.072   126.052   191.517     0.001
 12      bbar      -5 [8]   16> {-2}
                              -161.821     8.724   192.757   251.863     4.200
 13         b       5 [6]   >17 {+3}
                                 8.039   -33.562     5.183    35.150     4.200
 14      nu_e      12 [5]    
                               108.412     7.906    56.090   122.319     0.000
 15       mu-      13 [7]    
                               -41.371     7.845    15.635    44.917     0.106
------------------------------------------------------------------------------
Step 1
--- intermediates:
  3         g      21 [1] (9)   {+1,-2}
                                 0.000    -0.000   598.473   598.473     0.000
  4         g      21 [2] (9)   {+3,-1}
                                 0.000     0.000  -147.508   147.508     0.000
  5        W+      24 [6] (11,14)   
                               222.575    95.978   182.142   313.836    81.030
  6         t       6 [9] (5,13)   {+3}
                               230.614    62.416   187.325   348.987   172.112
  7        W-     -24 [8] (10,15)   
                               -68.793   -71.140    70.883   145.131    79.028
  8      tbar      -6 [9] (7,12)   {-2}
                              -230.614   -62.416   263.640   396.994   176.125
  9         g      21 [3,4] (6,8)   {+3,-2}
                                 0.000     0.000   450.964   745.981   594.238
--- final:
 10  nu_mubar     -14 [7]    
                               -27.422   -78.985    55.247   100.214    -0.000
 11        e+     -11 [5]    
                               114.163    88.072   126.052   191.517     0.001
 12      bbar      -5 [8]   16> {-2}
                              -161.821     8.724   192.757   251.863     4.200
 13         b       5 [6]   >17 {+3}
                                 8.039   -33.562     5.183    35.150     4.200
 14      nu_e      12 [5]    
                               108.412     7.906    56.090   122.319     0.000
 15       mu-      13 [7]    
                               -41.371     7.845    15.635    44.917     0.106
 16    Rem:p+      82 [1]   17>>12 {+2,-1}
                                 0.000     0.000  2901.527  2901.527     0.854
 17    Rem:p+      82 [2]   13>>16 {+1,-3}
                                -0.000     0.000 -3352.491  3352.492     0.918
------------------------------------------------------------------------------
     Sum of momenta:                 0         0         0     7e+03     7e+03
******************************************************************************
Event number 7 (id: MThalf_MSTW) performed by EventHandler
==============================================================================

--- Colliding particles:
  1        p+    2212  (3,16)   
                                 0.000     0.000  3500.000  3500.000     0.938
  2        p+    2212  (4,17)   
                                 0.000     0.000 -3500.000  3500.000     0.938
------------------------------------------------------------------------------
Primary sub-process performed by MEGenericProcesses[g,g->nu_mubar,e+,bbar,b,nu_e,mu-]
--- incoming:
  3         g      21 [1] (9)   {+1,-2}
                                 0.000    -0.000  1270.705  1270.705     0.000
  4         g      21 [2] (9)   {+2,-3}
                                 0.000     0.000   -41.310    41.310     0.000
--- intermediates:
  5        W+      24 [6] (11,14)   
                               -25.638    57.076   352.325   366.736    80.297
  6         t       6 [9] (5,13)   {+1}
                                21.829    55.239  1017.295  1033.414   171.837
  7        W-     -24 [8] (10,15)   
                               -70.794   -69.926   151.174   198.958    82.639
  8      tbar      -6 [9] (7,12)   {-3}
                               -21.829   -55.239   212.101   278.601   170.600
  9         g      21 [3,4] (6,8)   {+1,-3}
                                 0.000    -0.000  1229.395  1312.015   458.226
--- outgoing:
 10  nu_mubar     -14 [7]    
                               -42.352   -30.063    14.720    53.982    -0.000
 11        e+     -11 [5]    
                               -22.781    77.671   285.384   296.641     0.001
 12      bbar      -5 [8]   17> {-3}
                                48.966    14.688    60.926    79.643     4.200
 13         b       5 [6]   >16 {+1}
                                47.467    -1.837   664.970   666.678     4.200
 14      nu_e      12 [5]    
                                -2.857   -20.595    66.941    70.095     0.000
 15       mu-      13 [7]    
                               -28.443   -39.864   136.455   144.976     0.106
------------------------------------------------------------------------------
Step 1
--- intermediates:
  3         g      21 [1] (9)   {+1,-2}
                                 0.000    -0.000  1270.705  1270.705     0.000
  4         g      21 [2] (9)   {+2,-3}
                                 0.000     0.000   -41.310    41.310     0.000
  5        W+      24 [6] (11,14)   
                               -25.638    57.076   352.325   366.736    80.297
  6         t       6 [9] (5,13)   {+1}
                                21.829    55.239  1017.295  1033.414   171.837
  7        W-     -24 [8] (10,15)   
                               -70.794   -69.926   151.174   198.958    82.639
  8      tbar      -6 [9] (7,12)   {-3}
                               -21.829   -55.239   212.101   278.601   170.600
  9         g      21 [3,4] (6,8)   {+1,-3}
                                 0.000    -0.000  1229.395  1312.015   458.226
--- final:
 10  nu_mubar     -14 [7]    
                               -42.352   -30.063    14.720    53.982    -0.000
 11        e+     -11 [5]    
                               -22.781    77.671   285.384   296.641     0.001
 12      bbar      -5 [8]   17> {-3}
                                48.966    14.688    60.926    79.643     4.200
 13         b       5 [6]   >16 {+1}
                                47.467    -1.837   664.970   666.678     4.200
 14      nu_e      12 [5]    
                                -2.857   -20.595    66.941    70.095     0.000
 15       mu-      13 [7]    
                               -28.443   -39.864   136.455   144.976     0.106
 16    Rem:p+      82 [1]   13>>17 {+2,-1}
                                 0.000     0.000  2229.295  2229.295     0.749
 17    Rem:p+      82 [2]   16>>12 {+3,-2}
                                -0.000     0.000 -3458.690  3458.690     0.933
------------------------------------------------------------------------------
     Sum of momenta:                 0         0         0     7e+03     7e+03
******************************************************************************
Event number 8 (id: MThalf_MSTW) performed by EventHandler
==============================================================================

--- Colliding particles:
  1        p+    2212  (3,16)   
                                 0.000     0.000  3500.000  3500.000     0.938
  2        p+    2212  (4,17)   
                                 0.000     0.000 -3500.000  3500.000     0.938
------------------------------------------------------------------------------
Primary sub-process performed by MEGenericProcesses[g,g->nu_mubar,e+,bbar,b,nu_e,mu-]
--- incoming:
  3         g      21 [1] (5,13)   {+1,-2}
                                -0.000    -0.000   429.428   429.428     0.000
  4         g      21 [2] (9)   {+2,-3}
                                 0.000    -0.000  -101.676   101.676     0.000
--- intermediates:
  5      bbar      -5 [3] (9)   {-2}
                                41.427   -37.554   239.875   231.755   -83.403
  6        W+      24 [9] (11,14)   
                                79.539   -22.172    11.737   115.402    79.760
  7        W-     -24 [8] (10,15)   
                                18.480    34.560   107.553   140.107    80.787
  8      tbar      -6 [9] (7,12)   {-3}
                               -38.112   -15.381   126.462   218.030   172.786
  9      bbar      -5 [4,5] (6,8)   {-3}
                                41.427   -37.554   138.199   333.431   298.247
--- outgoing:
 10  nu_mubar     -14 [7]    
                                -7.589    -4.603    89.149    89.590    -0.000
 11        e+     -11 [6]    
                                93.057    -9.241     0.376    93.515     0.001
 12      bbar      -5 [8]   17> {-3}
                               -56.592   -49.941    18.909    77.923     4.200
 13         b       5 [3]   >16 {+1}
                               -41.427    37.554   189.553   197.672     4.200
 14      nu_e      12 [6]    
                               -13.517   -12.931    11.361    21.886     0.000
 15       mu-      13 [7]    
                                26.068    39.163    18.404    50.517     0.106
------------------------------------------------------------------------------
Step 1
--- intermediates:
  3         g      21 [1] (5,13)   {+1,-2}
                                -0.000    -0.000   429.428   429.428     0.000
  4         g      21 [2] (9)   {+2,-3}
                                 0.000    -0.000  -101.676   101.676     0.000
  5      bbar      -5 [3] (9)   {-2}
                                41.427   -37.554   239.875   231.755   -83.403
  6        W+      24 [9] (11,14)   
                                79.539   -22.172    11.737   115.402    79.760
  7        W-     -24 [8] (10,15)   
                                18.480    34.560   107.553   140.107    80.787
  8      tbar      -6 [9] (7,12)   {-3}
                               -38.112   -15.381   126.462   218.030   172.786
  9      bbar      -5 [4,5] (6,8)   {-3}
                                41.427   -37.554   138.199   333.431   298.247
--- final:
 10  nu_mubar     -14 [7]    
                                -7.589    -4.603    89.149    89.590    -0.000
 11        e+     -11 [6]    
                                93.057    -9.241     0.376    93.515     0.001
 12      bbar      -5 [8]   17> {-3}
                               -56.592   -49.941    18.909    77.923     4.200
 13         b       5 [3]   >16 {+1}
                               -41.427    37.554   189.553   197.672     4.200
 14      nu_e      12 [6]    
                               -13.517   -12.931    11.361    21.886     0.000
 15       mu-      13 [7]    
                                26.068    39.163    18.404    50.517     0.106
 16    Rem:p+      82 [1]   13>>17 {+2,-1}
                                 0.000     0.000  3070.572  3070.572     0.879
 17    Rem:p+      82 [2]   16>>12 {+3,-2}
                                -0.000     0.000 -3398.324  3398.324     0.925
------------------------------------------------------------------------------
     Sum of momenta:                 0         0         0     7e+03     7e+03
******************************************************************************
Event number 9 (id: MThalf_MSTW) performed by EventHandler
==============================================================================

--- Colliding particles:
  1        p+    2212  (3,16)   
                                 0.000     0.000  3500.000  3500.000     0.938
  2        p+    2212  (4,17)   
                                 0.000     0.000 -3500.000  3500.000     0.938
------------------------------------------------------------------------------
Primary sub-process performed by MEGenericProcesses[g,g->nu_mubar,e+,bbar,b,nu_e,mu-]
--- incoming:
  3         g      21 [1] (5,7)   {+1,-2}
                                 0.000     0.000   229.967   229.967     0.000
  4         g      21 [2] (9)   {+3,-1}
                                 0.000    -0.000  -230.555   230.555     0.000
--- intermediates:
  5         t       6 [3] (9)   {+1}
                                -2.490    90.285   350.483     2.054  -361.927
  6        W-     -24 [7] (10,15)   
                                48.672  -108.279   -86.887   167.870    80.856
  7      tbar      -6 [3] (6,12)   {-2}
                                 2.490   -90.285  -120.516   227.913   171.063
  8        W+      24 [9] (11,14)   
                               -34.435    93.607    45.013   150.992   104.040
  9         t       6 [4,5] (8,13)   {+3}
                                -2.490    90.285   119.928   232.609   177.670
--- outgoing:
 10  nu_mubar     -14 [6]    
                                57.212   -75.343   -25.984    98.107    -0.000
 11        e+     -11 [8]    
                               -16.908   -20.705    18.010    32.232     0.001
 12      bbar      -5 [7]   16> {-2}
                               -46.182    17.994   -33.629    60.043     4.200
 13         b       5 [9]   >17 {+3}
                                31.945    -3.322    74.914    81.617     4.200
 14      nu_e      12 [8]    
                               -17.527   114.313    27.004   118.759     0.000
 15       mu-      13 [6]    
                                -8.540   -32.936   -60.903    69.763     0.106
------------------------------------------------------------------------------
Step 1
--- intermediates:
  3         g      21 [1] (5,7)   {+1,-2}
                                 0.000     0.000   229.967   229.967     0.000
  4         g      21 [2] (9)   {+3,-1}
                                 0.000    -0.000  -230.555   230.555     0.000
  5         t       6 [3] (9)   {+1}
                                -2.490    90.285   350.483     2.054  -361.927
  6        W-     -24 [7] (10,15)   
                                48.672  -108.279   -86.887   167.870    80.856
  7      tbar      -6 [3] (6,12)   {-2}
                                 2.490   -90.285  -120.516   227.913   171.063
  8        W+      24 [9] (11,14)   
                               -34.435    93.607    45.013   150.992   104.040
  9         t       6 [4,5] (8,13)   {+3}
                                -2.490    90.285   119.928   232.609   177.670
--- final:
 10  nu_mubar     -14 [6]    
                                57.212   -75.343   -25.984    98.107    -0.000
 11        e+     -11 [8]    
                               -16.908   -20.705    18.010    32.232     0.001
 12      bbar      -5 [7]   16> {-2}
                               -46.182    17.994   -33.629    60.043     4.200
 13         b       5 [9]   >17 {+3}
                                31.945    -3.322    74.914    81.617     4.200
 14      nu_e      12 [8]    
                               -17.527   114.313    27.004   118.759     0.000
 15       mu-      13 [6]    
                                -8.540   -32.936   -60.903    69.763     0.106
 16    Rem:p+      82 [1]   17>>12 {+2,-1}
                                 0.000     0.000  3270.033  3270.033     0.907
 17    Rem:p+      82 [2]   13>>16 {+1,-3}
                                -0.000     0.000 -3269.445  3269.445     0.907
------------------------------------------------------------------------------
     Sum of momenta:                 0         0         0     7e+03     7e+03
final integrated cross section is ( 0.000899131 +/- 2.84288e-06 ) nb



Note: In this run 1197 of the 100000 accepted events
were found with a weight W larger than the expected Wmax.
This corresponds to a cross section difference between:
   UnitWeights:       0.000899131nb
   AlmostUnweighted:  0.000920405nb
 use 'set Sampler:AlmostUnweighted On' to switch to non-unit weights.

The maximum weight determined in the read/integrate step has been enhanced by 
   set /Herwig/Samplers/Sampler:MaxEnhancement 1.1.
If the rate of excessions (1.197%) or the change of the cross section is large,
you can try to:

Enhance the number of points used in the read/integrate step
   set /Herwig/Samplers/Sampler:BinSampler:InitialPoints ...

and/or enhance the reference weight found in the read/integrate step
   set /Herwig/Samplers/Sampler:MaxEnhancement 1.x

If this does not help (and your process is well defined by cuts)
don't hesitate to contact herwig@projects.hepforge.org.

No exceptions reported in this run.
