>>>>>>>>>>>>>>>>>>>>>>>>>>>>>>>>>>>>>>>>>>>>>>>>>>>>>>>>>>>>>>>>>>>>>>>>>>>>>>
>>>> Toolkit for HEP Event Generation - ThePEG 2.0.2 <<<<<<<<<<<<<<<<<<<<<<<<<
<<<<<<<<<<<<<<<<<<<<<<<<<<<<<<<<<<<<<<<<<<<<<<<<<<<<<<<<<<<<<<<<<<<<<<<<<<<<<<

>> Herwig 7.0.2 / ThePEG 2.0.2

/Herwig/Cuts/Cuts:
MHat  = 0 .. 7000 GeV
Scale = 2 .. 1e+12 GeV2
YHat  = -100 .. 100
X1    = 1e-05 .. 1
X2    = 1e-05 .. 1

IdentifiedParticleCut 'PhotonCut' matching 'Photon' within:
pt  = 0 .. 1e+06 GeV
IdentifiedParticleCut 'LeptonCut' matching 'Lepton' within:
pt  = 0 .. 1e+06 GeV
IdentifiedParticleCut 'TopQuarkCut' matching 'Top' within:
pt  = 0 .. 1e+06 GeV
IdentifiedParticleCut 'WBosonCut' matching 'WBoson' within:
pt  = 0 .. 1e+06 GeV
IdentifiedParticleCut 'ZBosonCut' matching 'ZBoson' within:
pt  = 0 .. 1e+06 GeV
IdentifiedParticleCut 'HiggsBosonCut' matching 'HiggsBoson' within:
pt  = 0 .. 1e+06 GeV
IdentifiedParticleCut 'ChargedLeptonCut' matching 'ChargedLepton' within:
pt  = 0 .. 1e+06 GeV
/Herwig/Cuts/LeptonPairMassCut
matching distances between: 'Lepton' and 'Lepton':
M = 0 .. 1e+06 GeV
same flavour only = false 
opposite sign only = false 

/Herwig/Cuts/ChargedLeptonPairMassCut
matching distances between: 'ChargedLepton' and 'ChargedLepton':
M = 0 .. 1e+06 GeV
same flavour only = false 
opposite sign only = false 

/Herwig/Cuts/LeptonDeltaRCut
matching distances between: 'Lepton' and 'Lepton':
DeltaRMin = 0 
DeltaRMax = 100 
DeltaPhiMin = 0 
DeltaPhiMax = 6.28319 
DeltaYMin = 0 
DeltaYMax = 100 

/Herwig/Cuts/ChargedLeptonDeltaRCut
matching distances between: 'ChargedLepton' and 'ChargedLepton':
DeltaRMin = 0 
DeltaRMax = 100 
DeltaPhiMin = 0 
DeltaPhiMax = 6.28319 
DeltaYMin = 0 
DeltaYMax = 100 

/Herwig/Cuts/PhotonIsolationCut matching unresolved particles from 'MatchboxJetMatcher':
DeltaZero = 0 
Exponent n = 1 
Efficiency = 0 
Cut Type = 1 

MissingPtCut 'MissingPtCut' matching 'Neutrino' within:
ptMiss  = 0 .. 1e+06 GeV
******************************************************************************
Event number 1 (id: MThalf_MSTW2) performed by EventHandler
==============================================================================

--- Colliding particles:
  1        p+    2212  (3,16)   
                                 0.000     0.000  3500.000  3500.000     0.938
  2        p+    2212  (4,17)   
                                 0.000     0.000 -3500.000  3500.000     0.938
------------------------------------------------------------------------------
Primary sub-process performed by MEGenericProcesses[g,g->nu_mubar,e+,bbar,b,nu_e,mu-]
--- incoming:
  3         g      21 [1] (9)   {+1,-2}
                                -0.000     0.000   287.935   287.935     0.000
  4         g      21 [2] (9)   {+3,-1}
                                 0.000     0.000  -378.320   378.320     0.000
--- intermediates:
  5        W+      24 [6] (11,14)   
                                 4.482    -4.739    58.318    99.605    80.484
  6         t       6 [9] (5,13)   {+3}
                                56.906   123.138   202.966   299.709   173.865
  7        W-     -24 [8] (10,15)   
                               -45.573  -127.862  -134.715   207.380    80.203
  8      tbar      -6 [9] (7,12)   {-2}
                               -56.906  -123.138  -293.351   366.546   172.915
  9         g      21 [3,4] (6,8)   {+3,-2}
                                 0.000     0.000   -90.385   666.255   660.096
--- outgoing:
 10  nu_mubar     -14 [7]    
                               -22.334  -124.443  -133.489   183.859     0.000
 11        e+     -11 [5]    
                               -10.280    14.074    70.602    72.722     0.001
 12      bbar      -5 [8]   16> {-2}
                               -11.333     4.724  -158.636   159.166     4.200
 13         b       5 [6]   >17 {+3}
                                52.424   127.877   144.648   200.104     4.200
 14      nu_e      12 [5]    
                                14.761   -18.813   -12.284    26.883    -0.000
 15       mu-      13 [7]    
                               -23.238    -3.419    -1.227    23.521     0.106
------------------------------------------------------------------------------
Step 1
--- intermediates:
  3         g      21 [1] (9)   {+1,-2}
                                -0.000     0.000   287.935   287.935     0.000
  4         g      21 [2] (9)   {+3,-1}
                                 0.000     0.000  -378.320   378.320     0.000
  5        W+      24 [6] (11,14)   
                                 4.482    -4.739    58.318    99.605    80.484
  6         t       6 [9] (5,13)   {+3}
                                56.906   123.138   202.966   299.709   173.865
  7        W-     -24 [8] (10,15)   
                               -45.573  -127.862  -134.715   207.380    80.203
  8      tbar      -6 [9] (7,12)   {-2}
                               -56.906  -123.138  -293.351   366.546   172.915
  9         g      21 [3,4] (6,8)   {+3,-2}
                                 0.000     0.000   -90.385   666.255   660.096
--- final:
 10  nu_mubar     -14 [7]    
                               -22.334  -124.443  -133.489   183.859     0.000
 11        e+     -11 [5]    
                               -10.280    14.074    70.602    72.722     0.001
 12      bbar      -5 [8]   16> {-2}
                               -11.333     4.724  -158.636   159.166     4.200
 13         b       5 [6]   >17 {+3}
                                52.424   127.877   144.648   200.104     4.200
 14      nu_e      12 [5]    
                                14.761   -18.813   -12.284    26.883    -0.000
 15       mu-      13 [7]    
                               -23.238    -3.419    -1.227    23.521     0.106
 16    Rem:p+      82 [1]   17>>12 {+2,-1}
                                 0.000     0.000  3212.065  3212.065     0.899
 17    Rem:p+      82 [2]   13>>16 {+1,-3}
                                -0.000     0.000 -3121.680  3121.680     0.886
------------------------------------------------------------------------------
     Sum of momenta:                 0         0         0     7e+03     7e+03
******************************************************************************
Event number 2 (id: MThalf_MSTW2) performed by EventHandler
==============================================================================

--- Colliding particles:
  1        p+    2212  (3,16)   
                                 0.000     0.000  3500.000  3500.000     0.938
  2        p+    2212  (4,17)   
                                 0.000     0.000 -3500.000  3500.000     0.938
------------------------------------------------------------------------------
Primary sub-process performed by MEGenericProcesses[g,g->nu_mubar,e+,bbar,b,nu_e,mu-]
--- incoming:
  3         g      21 [1] (5,7)   {+1,-2}
                                 0.000     0.000   263.338   263.338     0.000
  4         g      21 [2] (9)   {+2,-3}
                                 0.000    -0.000  -563.322   563.322     0.000
--- intermediates:
  5      tbar      -6 [3] (9)   {-2}
                              -163.472   248.083   226.013   -82.222  -364.129
  6        W+      24 [7] (11,14)   
                                28.551  -156.544    39.812   182.443    79.871
  7         t       6 [3] (6,13)   {+1}
                               163.472  -248.083    37.325   345.560   172.482
  8        W-     -24 [9] (10,15)   
                              -143.706   126.440  -157.644   263.190    88.198
  9      tbar      -6 [4,5] (8,12)   {-3}
                              -163.472   248.083  -337.309   481.101   171.500
--- outgoing:
 10  nu_mubar     -14 [8]    
                              -140.336   132.569  -164.324   253.517     0.000
 11        e+     -11 [6]    
                                40.259   -48.505    38.304    73.761     0.001
 12      bbar      -5 [9]   17> {-3}
                               -19.766   121.644  -179.665   217.911     4.200
 13         b       5 [7]   >16 {+1}
                               134.921   -91.539    -2.487   163.116     4.200
 14      nu_e      12 [6]    
                               -11.708  -108.039     1.508   108.682    -0.000
 15       mu-      13 [8]    
                                -3.370    -6.130     6.680     9.672     0.106
------------------------------------------------------------------------------
Step 1
--- intermediates:
  3         g      21 [1] (5,7)   {+1,-2}
                                 0.000     0.000   263.338   263.338     0.000
  4         g      21 [2] (9)   {+2,-3}
                                 0.000    -0.000  -563.322   563.322     0.000
  5      tbar      -6 [3] (9)   {-2}
                              -163.472   248.083   226.013   -82.222  -364.129
  6        W+      24 [7] (11,14)   
                                28.551  -156.544    39.812   182.443    79.871
  7         t       6 [3] (6,13)   {+1}
                               163.472  -248.083    37.325   345.560   172.482
  8        W-     -24 [9] (10,15)   
                              -143.706   126.440  -157.644   263.190    88.198
  9      tbar      -6 [4,5] (8,12)   {-3}
                              -163.472   248.083  -337.309   481.101   171.500
--- final:
 10  nu_mubar     -14 [8]    
                              -140.336   132.569  -164.324   253.517     0.000
 11        e+     -11 [6]    
                                40.259   -48.505    38.304    73.761     0.001
 12      bbar      -5 [9]   17> {-3}
                               -19.766   121.644  -179.665   217.911     4.200
 13         b       5 [7]   >16 {+1}
                               134.921   -91.539    -2.487   163.116     4.200
 14      nu_e      12 [6]    
                               -11.708  -108.039     1.508   108.682    -0.000
 15       mu-      13 [8]    
                                -3.370    -6.130     6.680     9.672     0.106
 16    Rem:p+      82 [1]   13>>17 {+2,-1}
                                 0.000     0.000  3236.662  3236.662     0.902
 17    Rem:p+      82 [2]   16>>12 {+3,-2}
                                -0.000     0.000 -2936.678  2936.678     0.859
------------------------------------------------------------------------------
     Sum of momenta:                 0         0         0     7e+03     7e+03
******************************************************************************
Event number 3 (id: MThalf_MSTW2) performed by EventHandler
==============================================================================

--- Colliding particles:
  1        p+    2212  (3,16)   
                                 0.000     0.000  3500.000  3500.000     0.938
  2        p+    2212  (4,17)   
                                 0.000     0.000 -3500.000  3500.000     0.938
------------------------------------------------------------------------------
Primary sub-process performed by MEGenericProcesses[bbar,b->nu_mubar,e+,bbar,b,nu_e,mu-]
--- incoming:
  3      bbar      -5 [1] (6,12)   {-1}
                                 0.000    -0.000    98.459    98.459     0.000
  4         b       5 [2] (9)   {+1}
                                 0.000     0.000  -595.518   595.518     0.000
--- intermediates:
  5      tbar      -6 [6] (9)   {-1}
                               -74.395  -175.519   439.283  -337.153  -340.058
  6         g      21 [3] (5,8)   {+2,-1}
                                -0.002     0.005    94.736    92.847   -18.826
  7        W+      24 [8] (11,14)   
                                89.884   189.413  -341.376   408.539    80.065
  8         t       6 [6] (7,13)   {+2}
                                74.393   175.524  -344.547   429.999   172.754
  9        W-     -24 [4,5] (10,15)   
                               -74.395  -175.519  -156.235   258.365    77.470
--- outgoing:
 10  nu_mubar     -14 [9]    
                                 5.761   -67.296   -75.682   101.438     0.000
 11        e+     -11 [7]    
                                60.119   134.001  -163.046   219.441     0.001
 12      bbar      -5 [3]   13> {-2}
                                 0.002    -0.005     3.723     5.613     4.200
 13         b       5 [8]   >12 {+2}
                               -15.491   -13.889    -3.172    21.461     4.200
 14      nu_e      12 [7]    
                                29.765    55.412  -178.330   189.098     0.000
 15       mu-      13 [9]    
                               -80.156  -108.223   -80.553   156.927     0.106
------------------------------------------------------------------------------
Step 1
--- intermediates:
  3      bbar      -5 [1] (6,12)   {-1}
                                 0.000    -0.000    98.459    98.459     0.000
  4         b       5 [2] (9)   {+1}
                                 0.000     0.000  -595.518   595.518     0.000
  5      tbar      -6 [6] (9)   {-1}
                               -74.395  -175.519   439.283  -337.153  -340.058
  6         g      21 [3] (5,8)   {+2,-1}
                                -0.002     0.005    94.736    92.847   -18.826
  7        W+      24 [8] (11,14)   
                                89.884   189.413  -341.376   408.539    80.065
  8         t       6 [6] (7,13)   {+2}
                                74.393   175.524  -344.547   429.999   172.754
  9        W-     -24 [4,5] (10,15)   
                               -74.395  -175.519  -156.235   258.365    77.470
--- final:
 10  nu_mubar     -14 [9]    
                                 5.761   -67.296   -75.682   101.438     0.000
 11        e+     -11 [7]    
                                60.119   134.001  -163.046   219.441     0.001
 12      bbar      -5 [3]   13> {-2}
                                 0.002    -0.005     3.723     5.613     4.200
 13         b       5 [8]   >12 {+2}
                               -15.491   -13.889    -3.172    21.461     4.200
 14      nu_e      12 [7]    
                                29.765    55.412  -178.330   189.098     0.000
 15       mu-      13 [9]    
                               -80.156  -108.223   -80.553   156.927     0.106
 16    Rem:p+      82 [1]   >17 {+1}
                                 0.000     0.000  3401.541  3401.541     0.925
 17    Rem:p+      82 [2]   16> {-1}
                                -0.000     0.000 -2904.482  2904.482     0.855
------------------------------------------------------------------------------
     Sum of momenta:                 0         0         0     7e+03     7e+03
******************************************************************************
Event number 4 (id: MThalf_MSTW2) performed by EventHandler
==============================================================================

--- Colliding particles:
  1        p+    2212  (3,16)   
                                 0.000     0.000  3500.000  3500.000     0.938
  2        p+    2212  (4,17)   
                                 0.000     0.000 -3500.000  3500.000     0.938
------------------------------------------------------------------------------
Primary sub-process performed by MEGenericProcesses[d,dbar->nu_mubar,e+,bbar,b,nu_e,mu-]
--- incoming:
  3         d       1 [1] (9)   {+1}
                                 0.000     0.000   174.674   174.674     0.000
  4      dbar      -1 [2] (9)   {-2}
                                 0.000     0.000  -272.455   272.455     0.000
--- intermediates:
  5        W+      24 [6] (11,14)   
                               110.034  -109.666    19.148   175.111    78.504
  6         t       6 [9] (5,13)   {+1}
                                92.422   -92.793   -14.698   217.041   172.448
  7        W-     -24 [8] (10,15)   
                              -107.842   126.035   -74.900   192.306    62.104
  8      tbar      -6 [9] (7,12)   {-2}
                               -92.422    92.793   -83.083   230.088   169.957
  9         g      21 [3,4] (6,8)   {+1,-2}
                                 0.000    -0.000   -97.781   447.129   436.306
--- outgoing:
 10  nu_mubar     -14 [7]    
                               -60.235    99.862   -73.715   137.966     0.000
 11        e+     -11 [5]    
                                77.180   -36.776    37.053    93.178     0.001
 12      bbar      -5 [8]   17> {-2}
                                15.420   -33.243    -8.183    37.782     4.200
 13         b       5 [6]   >16 {+1}
                               -17.613    16.874   -33.846    41.930     4.200
 14      nu_e      12 [5]    
                                32.854   -72.890   -17.905    81.933    -0.000
 15       mu-      13 [7]    
                               -47.607    26.173    -1.185    54.340     0.106
------------------------------------------------------------------------------
Step 1
--- intermediates:
  3         d       1 [1] (9)   {+1}
                                 0.000     0.000   174.674   174.674     0.000
  4      dbar      -1 [2] (9)   {-2}
                                 0.000     0.000  -272.455   272.455     0.000
  5        W+      24 [6] (11,14)   
                               110.034  -109.666    19.148   175.111    78.504
  6         t       6 [9] (5,13)   {+1}
                                92.422   -92.793   -14.698   217.041   172.448
  7        W-     -24 [8] (10,15)   
                              -107.842   126.035   -74.900   192.306    62.104
  8      tbar      -6 [9] (7,12)   {-2}
                               -92.422    92.793   -83.083   230.088   169.957
  9         g      21 [3,4] (6,8)   {+1,-2}
                                 0.000    -0.000   -97.781   447.129   436.306
--- final:
 10  nu_mubar     -14 [7]    
                               -60.235    99.862   -73.715   137.966     0.000
 11        e+     -11 [5]    
                                77.180   -36.776    37.053    93.178     0.001
 12      bbar      -5 [8]   17> {-2}
                                15.420   -33.243    -8.183    37.782     4.200
 13         b       5 [6]   >16 {+1}
                               -17.613    16.874   -33.846    41.930     4.200
 14      nu_e      12 [5]    
                                32.854   -72.890   -17.905    81.933    -0.000
 15       mu-      13 [7]    
                               -47.607    26.173    -1.185    54.340     0.106
 16    Rem:p+      82 [1]   13> {-1}
                                 0.000     0.000  3325.326  3325.326     0.915
 17    Rem:p+      82 [2]   >12 {+2}
                                -0.000     0.000 -3227.545  3227.545     0.901
------------------------------------------------------------------------------
     Sum of momenta:                 0         0         0     7e+03     7e+03
******************************************************************************
Event number 5 (id: MThalf_MSTW2) performed by EventHandler
==============================================================================

--- Colliding particles:
  1        p+    2212  (3,16)   
                                 0.000     0.000  3500.000  3500.000     0.938
  2        p+    2212  (4,17)   
                                 0.000     0.000 -3500.000  3500.000     0.938
------------------------------------------------------------------------------
Primary sub-process performed by MEGenericProcesses[g,g->nu_mubar,e+,bbar,b,nu_e,mu-]
--- incoming:
  3         g      21 [1] (5,7)   {+1,-2}
                                 0.000     0.000   172.518   172.518     0.000
  4         g      21 [2] (9)   {+2,-3}
                                 0.000     0.000  -285.095   285.095     0.000
--- intermediates:
  5      tbar      -6 [3] (9)   {-2}
                               136.929    15.089   227.895   -55.232  -260.505
  6        W+      24 [7] (11,14)   
                               -13.498    17.772    14.092    82.290    77.942
  7         t       6 [3] (6,13)   {+1}
                              -136.929   -15.089   -55.377   227.750   172.702
  8        W-     -24 [9] (10,15)   
                               115.071    74.157   -46.192   165.788    81.311
  9      tbar      -6 [4,5] (8,12)   {-3}
                               136.929    15.089   -57.200   229.863   174.894
--- outgoing:
 10  nu_mubar     -14 [8]    
                               105.691    71.272    -9.527   127.832     0.000
 11        e+     -11 [6]    
                                -8.933   -24.262   -15.990    30.399     0.001
 12      bbar      -5 [9]   17> {-3}
                                21.858   -59.068   -11.009    64.075     4.200
 13         b       5 [7]   >16 {+1}
                              -123.431   -32.861   -69.469   145.460     4.200
 14      nu_e      12 [6]    
                                -4.565    42.034    30.082    51.891     0.000
 15       mu-      13 [8]    
                                 9.380     2.885   -36.665    37.956     0.106
------------------------------------------------------------------------------
Step 1
--- intermediates:
  3         g      21 [1] (5,7)   {+1,-2}
                                 0.000     0.000   172.518   172.518     0.000
  4         g      21 [2] (9)   {+2,-3}
                                 0.000     0.000  -285.095   285.095     0.000
  5      tbar      -6 [3] (9)   {-2}
                               136.929    15.089   227.895   -55.232  -260.505
  6        W+      24 [7] (11,14)   
                               -13.498    17.772    14.092    82.290    77.942
  7         t       6 [3] (6,13)   {+1}
                              -136.929   -15.089   -55.377   227.750   172.702
  8        W-     -24 [9] (10,15)   
                               115.071    74.157   -46.192   165.788    81.311
  9      tbar      -6 [4,5] (8,12)   {-3}
                               136.929    15.089   -57.200   229.863   174.894
--- final:
 10  nu_mubar     -14 [8]    
                               105.691    71.272    -9.527   127.832     0.000
 11        e+     -11 [6]    
                                -8.933   -24.262   -15.990    30.399     0.001
 12      bbar      -5 [9]   17> {-3}
                                21.858   -59.068   -11.009    64.075     4.200
 13         b       5 [7]   >16 {+1}
                              -123.431   -32.861   -69.469   145.460     4.200
 14      nu_e      12 [6]    
                                -4.565    42.034    30.082    51.891     0.000
 15       mu-      13 [8]    
                                 9.380     2.885   -36.665    37.956     0.106
 16    Rem:p+      82 [1]   13>>17 {+2,-1}
                                 0.000     0.000  3327.482  3327.482     0.915
 17    Rem:p+      82 [2]   16>>12 {+3,-2}
                                -0.000     0.000 -3214.905  3214.905     0.899
------------------------------------------------------------------------------
     Sum of momenta:                 0         0         0     7e+03     7e+03
******************************************************************************
Event number 6 (id: MThalf_MSTW2) performed by EventHandler
==============================================================================

--- Colliding particles:
  1        p+    2212  (3,16)   
                                 0.000     0.000  3500.000  3500.000     0.938
  2        p+    2212  (4,17)   
                                 0.000     0.000 -3500.000  3500.000     0.938
------------------------------------------------------------------------------
Primary sub-process performed by MEGenericProcesses[g,g->nu_mubar,e+,bbar,b,nu_e,mu-]
--- incoming:
  3         g      21 [1] (5,7)   {+1,-2}
                                -0.000     0.000   665.067   665.067     0.000
  4         g      21 [2] (9)   {+2,-3}
                                 0.000    -0.000  -187.871   187.871     0.000
--- intermediates:
  5      tbar      -6 [3] (9)   {-2}
                               118.109    75.385    95.560    53.838  -160.829
  6        W+      24 [7] (11,14)   
                              -134.182   -19.541   470.948   496.737    81.050
  7         t       6 [3] (6,13)   {+1}
                              -118.109   -75.385   569.507   611.229   172.135
  8        W-     -24 [9] (10,15)   
                                11.196    74.258   -18.260   111.583    80.484
  9      tbar      -6 [4,5] (8,12)   {-3}
                               118.109    75.385   -92.311   241.709   173.980
--- outgoing:
 10  nu_mubar     -14 [8]    
                               -27.084    14.912   -26.188    40.518     0.000
 11        e+     -11 [6]    
                               -91.313    26.201   268.920   285.206     0.001
 12      bbar      -5 [9]   17> {-3}
                               106.913     1.127   -74.051   130.126     4.200
 13         b       5 [7]   >16 {+1}
                                16.073   -55.844    98.558   114.492     4.200
 14      nu_e      12 [6]    
                               -42.869   -45.742   202.029   211.532     0.000
 15       mu-      13 [8]    
                                38.280    59.347     7.928    71.065     0.106
------------------------------------------------------------------------------
Step 1
--- intermediates:
  3         g      21 [1] (5,7)   {+1,-2}
                                -0.000     0.000   665.067   665.067     0.000
  4         g      21 [2] (9)   {+2,-3}
                                 0.000    -0.000  -187.871   187.871     0.000
  5      tbar      -6 [3] (9)   {-2}
                               118.109    75.385    95.560    53.838  -160.829
  6        W+      24 [7] (11,14)   
                              -134.182   -19.541   470.948   496.737    81.050
  7         t       6 [3] (6,13)   {+1}
                              -118.109   -75.385   569.507   611.229   172.135
  8        W-     -24 [9] (10,15)   
                                11.196    74.258   -18.260   111.583    80.484
  9      tbar      -6 [4,5] (8,12)   {-3}
                               118.109    75.385   -92.311   241.709   173.980
--- final:
 10  nu_mubar     -14 [8]    
                               -27.084    14.912   -26.188    40.518     0.000
 11        e+     -11 [6]    
                               -91.313    26.201   268.920   285.206     0.001
 12      bbar      -5 [9]   17> {-3}
                               106.913     1.127   -74.051   130.126     4.200
 13         b       5 [7]   >16 {+1}
                                16.073   -55.844    98.558   114.492     4.200
 14      nu_e      12 [6]    
                               -42.869   -45.742   202.029   211.532     0.000
 15       mu-      13 [8]    
                                38.280    59.347     7.928    71.065     0.106
 16    Rem:p+      82 [1]   13>>17 {+2,-1}
                                 0.000     0.000  2834.933  2834.933     0.844
 17    Rem:p+      82 [2]   16>>12 {+3,-2}
                                -0.000     0.000 -3312.129  3312.129     0.913
------------------------------------------------------------------------------
     Sum of momenta:                 0         0         0     7e+03     7e+03
******************************************************************************
Event number 7 (id: MThalf_MSTW2) performed by EventHandler
==============================================================================

--- Colliding particles:
  1        p+    2212  (3,16)   
                                 0.000     0.000  3500.000  3500.000     0.938
  2        p+    2212  (4,17)   
                                 0.000     0.000 -3500.000  3500.000     0.938
------------------------------------------------------------------------------
Primary sub-process performed by MEGenericProcesses[g,g->nu_mubar,e+,bbar,b,nu_e,mu-]
--- incoming:
  3         g      21 [1] (5,7)   {+1,-2}
                                -0.000    -0.000    84.802    84.802     0.000
  4         g      21 [2] (9)   {+3,-1}
                                 0.000    -0.000  -496.270   496.270     0.000
--- intermediates:
  5         t       6 [3] (9)   {+1}
                               -94.114   -26.960   210.615  -148.655  -178.451
  6        W-     -24 [7] (10,15)   
                                96.436    -7.965  -146.028   192.819    80.570
  7      tbar      -6 [3] (6,12)   {-2}
                                94.114    26.960  -125.812   233.457   170.555
  8        W+      24 [9] (11,14)   
                              -129.610    -9.194  -184.630   238.990    78.389
  9         t       6 [4,5] (8,13)   {+3}
                               -94.114   -26.960  -285.656   347.616   172.202
--- outgoing:
 10  nu_mubar     -14 [6]    
                                22.539    28.381   -77.979    85.990     0.000
 11        e+     -11 [8]    
                               -78.824   -25.619   -56.839   100.500     0.001
 12      bbar      -5 [7]   16> {-2}
                                -2.322    34.925    20.216    40.638     4.200
 13         b       5 [9]   >17 {+3}
                                35.497   -17.766  -101.026   108.625     4.200
 14      nu_e      12 [8]    
                               -50.786    16.425  -127.791   138.490     0.000
 15       mu-      13 [6]    
                                73.897   -36.346   -68.049   106.829     0.106
------------------------------------------------------------------------------
Step 1
--- intermediates:
  3         g      21 [1] (5,7)   {+1,-2}
                                -0.000    -0.000    84.802    84.802     0.000
  4         g      21 [2] (9)   {+3,-1}
                                 0.000    -0.000  -496.270   496.270     0.000
  5         t       6 [3] (9)   {+1}
                               -94.114   -26.960   210.615  -148.655  -178.451
  6        W-     -24 [7] (10,15)   
                                96.436    -7.965  -146.028   192.819    80.570
  7      tbar      -6 [3] (6,12)   {-2}
                                94.114    26.960  -125.812   233.457   170.555
  8        W+      24 [9] (11,14)   
                              -129.610    -9.194  -184.630   238.990    78.389
  9         t       6 [4,5] (8,13)   {+3}
                               -94.114   -26.960  -285.656   347.616   172.202
--- final:
 10  nu_mubar     -14 [6]    
                                22.539    28.381   -77.979    85.990     0.000
 11        e+     -11 [8]    
                               -78.824   -25.619   -56.839   100.500     0.001
 12      bbar      -5 [7]   16> {-2}
                                -2.322    34.925    20.216    40.638     4.200
 13         b       5 [9]   >17 {+3}
                                35.497   -17.766  -101.026   108.625     4.200
 14      nu_e      12 [8]    
                               -50.786    16.425  -127.791   138.490     0.000
 15       mu-      13 [6]    
                                73.897   -36.346   -68.049   106.829     0.106
 16    Rem:p+      82 [1]   17>>12 {+2,-1}
                                 0.000     0.000  3415.198  3415.198     0.927
 17    Rem:p+      82 [2]   13>>16 {+1,-3}
                                -0.000     0.000 -3003.729  3003.730     0.869
------------------------------------------------------------------------------
     Sum of momenta:                 0         0         0     7e+03     7e+03
******************************************************************************
Event number 8 (id: MThalf_MSTW2) performed by EventHandler
==============================================================================

--- Colliding particles:
  1        p+    2212  (3,16)   
                                 0.000     0.000  3500.000  3500.000     0.938
  2        p+    2212  (4,17)   
                                 0.000     0.000 -3500.000  3500.000     0.938
------------------------------------------------------------------------------
Primary sub-process performed by MEGenericProcesses[g,g->nu_mubar,e+,bbar,b,nu_e,mu-]
--- incoming:
  3         g      21 [1] (5,7)   {+1,-2}
                                 0.000     0.000    61.975    61.975     0.000
  4         g      21 [2] (9)   {+3,-1}
                                 0.000     0.000 -1452.318  1452.318     0.000
--- intermediates:
  5         t       6 [3] (9)   {+1}
                               135.218  -136.607   357.723  -327.800  -239.704
  6        W-     -24 [7] (10,15)   
                               -95.389   163.768  -235.431   312.445    79.216
  7      tbar      -6 [3] (6,12)   {-2}
                              -135.218   136.607  -295.748   389.775   165.867
  8        W+      24 [9] (11,14)   
                                53.983   -20.602  -268.417   286.279    81.053
  9         t       6 [4,5] (8,13)   {+3}
                               135.218  -136.607 -1094.594  1124.517   171.631
--- outgoing:
 10  nu_mubar     -14 [6]    
                               -50.719   106.306  -198.534   230.844    -0.000
 11        e+     -11 [8]    
                                48.732   -12.291   -62.831    80.459     0.001
 12      bbar      -5 [7]   16> {-2}
                               -39.829   -27.161   -60.318    77.330     4.200
 13         b       5 [9]   >17 {+3}
                                81.235  -116.004  -826.178   838.238     4.200
 14      nu_e      12 [8]    
                                 5.252    -8.312  -205.586   205.821    -0.000
 15       mu-      13 [6]    
                               -44.670    57.462   -36.897    81.600     0.106
------------------------------------------------------------------------------
Step 1
--- intermediates:
  3         g      21 [1] (5,7)   {+1,-2}
                                 0.000     0.000    61.975    61.975     0.000
  4         g      21 [2] (9)   {+3,-1}
                                 0.000     0.000 -1452.318  1452.318     0.000
  5         t       6 [3] (9)   {+1}
                               135.218  -136.607   357.723  -327.800  -239.704
  6        W-     -24 [7] (10,15)   
                               -95.389   163.768  -235.431   312.445    79.216
  7      tbar      -6 [3] (6,12)   {-2}
                              -135.218   136.607  -295.748   389.775   165.867
  8        W+      24 [9] (11,14)   
                                53.983   -20.602  -268.417   286.279    81.053
  9         t       6 [4,5] (8,13)   {+3}
                               135.218  -136.607 -1094.594  1124.517   171.631
--- final:
 10  nu_mubar     -14 [6]    
                               -50.719   106.306  -198.534   230.844    -0.000
 11        e+     -11 [8]    
                                48.732   -12.291   -62.831    80.459     0.001
 12      bbar      -5 [7]   16> {-2}
                               -39.829   -27.161   -60.318    77.330     4.200
 13         b       5 [9]   >17 {+3}
                                81.235  -116.004  -826.178   838.238     4.200
 14      nu_e      12 [8]    
                                 5.252    -8.312  -205.586   205.821    -0.000
 15       mu-      13 [6]    
                               -44.670    57.462   -36.897    81.600     0.106
 16    Rem:p+      82 [1]   17>>12 {+2,-1}
                                 0.000     0.000  3438.025  3438.025     0.930
 17    Rem:p+      82 [2]   13>>16 {+1,-3}
                                -0.000     0.000 -2047.682  2047.682     0.718
------------------------------------------------------------------------------
     Sum of momenta:                 0         0         0     7e+03     7e+03
******************************************************************************
Event number 9 (id: MThalf_MSTW2) performed by EventHandler
==============================================================================

--- Colliding particles:
  1        p+    2212  (3,16)   
                                 0.000     0.000  3500.000  3500.000     0.938
  2        p+    2212  (4,17)   
                                 0.000     0.000 -3500.000  3500.000     0.938
------------------------------------------------------------------------------
Primary sub-process performed by MEGenericProcesses[g,g->nu_mubar,e+,bbar,b,nu_e,mu-]
--- incoming:
  3         g      21 [1] (9)   {+1,-2}
                                 0.000    -0.000    61.750    61.750     0.000
  4         g      21 [2] (9)   {+2,-3}
                                 0.000    -0.000  -807.088   807.088     0.000
--- intermediates:
  5        W+      24 [6] (11,14)   
                               124.192    -8.687   -89.635   172.137    78.087
  6         t       6 [9] (5,13)   {+1}
                               118.556    -7.581  -224.618   307.308   172.834
  7        W-     -24 [8] (10,15)   
                              -138.365    41.094  -385.342   420.604    87.094
  8      tbar      -6 [9] (7,12)   {-3}
                              -118.556     7.581  -520.719   561.530   173.361
  9         g      21 [3,4] (6,8)   {+1,-3}
                                 0.000    -0.000  -745.338   868.837   446.486
--- outgoing:
 10  nu_mubar     -14 [7]    
                              -101.028     7.841  -157.069   186.920     0.000
 11        e+     -11 [5]    
                                82.140    -0.894   -11.342    82.924     0.001
 12      bbar      -5 [8]   17> {-3}
                                19.809   -33.513  -135.377   140.926     4.200
 13         b       5 [6]   >16 {+1}
                                -5.636     1.106  -134.983   135.171     4.200
 14      nu_e      12 [5]    
                                42.052    -7.793   -78.293    89.213     0.000
 15       mu-      13 [7]    
                               -37.337    33.253  -228.273   233.684     0.106
------------------------------------------------------------------------------
Step 1
--- intermediates:
  3         g      21 [1] (9)   {+1,-2}
                                 0.000    -0.000    61.750    61.750     0.000
  4         g      21 [2] (9)   {+2,-3}
                                 0.000    -0.000  -807.088   807.088     0.000
  5        W+      24 [6] (11,14)   
                               124.192    -8.687   -89.635   172.137    78.087
  6         t       6 [9] (5,13)   {+1}
                               118.556    -7.581  -224.618   307.308   172.834
  7        W-     -24 [8] (10,15)   
                              -138.365    41.094  -385.342   420.604    87.094
  8      tbar      -6 [9] (7,12)   {-3}
                              -118.556     7.581  -520.719   561.530   173.361
  9         g      21 [3,4] (6,8)   {+1,-3}
                                 0.000    -0.000  -745.338   868.837   446.486
--- final:
 10  nu_mubar     -14 [7]    
                              -101.028     7.841  -157.069   186.920     0.000
 11        e+     -11 [5]    
                                82.140    -0.894   -11.342    82.924     0.001
 12      bbar      -5 [8]   17> {-3}
                                19.809   -33.513  -135.377   140.926     4.200
 13         b       5 [6]   >16 {+1}
                                -5.636     1.106  -134.983   135.171     4.200
 14      nu_e      12 [5]    
                                42.052    -7.793   -78.293    89.213     0.000
 15       mu-      13 [7]    
                               -37.337    33.253  -228.273   233.684     0.106
 16    Rem:p+      82 [1]   13>>17 {+2,-1}
                                 0.000     0.000  3438.250  3438.250     0.930
 17    Rem:p+      82 [2]   16>>12 {+3,-2}
                                -0.000     0.000 -2692.912  2692.912     0.823
------------------------------------------------------------------------------
     Sum of momenta:                 0         0         0     7e+03     7e+03
final integrated cross section is ( 0.00234996 +/- 0.000202247 ) nb



Note: In this run 3 of the 135 accepted events
were found with a weight W larger than the expected Wmax.
This corresponds to a cross section difference between:
   UnitWeights:       0.00234996nb
   AlmostUnweighted:  0.00270897nb
 use 'set Sampler:AlmostUnweighted On' to switch to non-unit weights.

The maximum weight determined in the read/integrate step has been enhanced by 
   set /Herwig/Samplers/Sampler:MaxEnhancement 1.1.
If the rate of excessions (2.22222%) or the change of the cross section is large,
you can try to:

Enhance the number of points used in the read/integrate step
   set /Herwig/Samplers/Sampler:BinSampler:InitialPoints ...

and/or enhance the reference weight found in the read/integrate step
   set /Herwig/Samplers/Sampler:MaxEnhancement 1.x

If this does not help (and your process is well defined by cuts)
don't hesitate to contact herwig@projects.hepforge.org.

No exceptions reported in this run.
