>>>>>>>>>>>>>>>>>>>>>>>>>>>>>>>>>>>>>>>>>>>>>>>>>>>>>>>>>>>>>>>>>>>>>>>>>>>>>>
>>>> Toolkit for HEP Event Generation - ThePEG 2.0.2 <<<<<<<<<<<<<<<<<<<<<<<<<
<<<<<<<<<<<<<<<<<<<<<<<<<<<<<<<<<<<<<<<<<<<<<<<<<<<<<<<<<<<<<<<<<<<<<<<<<<<<<<

>> Herwig 7.0.2 / ThePEG 2.0.2

/Herwig/Cuts/Cuts:
MHat  = 0 .. 7000 GeV
Scale = 1 .. 1e+12 GeV2
YHat  = -100 .. 100
X1    = 1e-06 .. 1
X2    = 1e-06 .. 1

IdentifiedParticleCut 'PhotonCut' matching 'Photon' within:
pt  = 0 .. 1e+06 GeV
IdentifiedParticleCut 'LeptonCut' matching 'Lepton' within:
pt  = 0 .. 1e+06 GeV
IdentifiedParticleCut 'TopQuarkCut' matching 'Top' within:
pt  = 0 .. 1e+06 GeV
IdentifiedParticleCut 'WBosonCut' matching 'WBoson' within:
pt  = 0 .. 1e+06 GeV
IdentifiedParticleCut 'ZBosonCut' matching 'ZBoson' within:
pt  = 0 .. 1e+06 GeV
IdentifiedParticleCut 'HiggsBosonCut' matching 'HiggsBoson' within:
pt  = 0 .. 1e+06 GeV
IdentifiedParticleCut 'ChargedLeptonCut' matching 'ChargedLepton' within:
pt  = 0 .. 1e+06 GeV
/Herwig/Cuts/LeptonPairMassCut
matching distances between: 'Lepton' and 'Lepton':
M = 0 .. 1e+06 GeV
same flavour only = false 
opposite sign only = false 

/Herwig/Cuts/ChargedLeptonPairMassCut
matching distances between: 'ChargedLepton' and 'ChargedLepton':
M = 0 .. 1e+06 GeV
same flavour only = false 
opposite sign only = false 

/Herwig/Cuts/LeptonDeltaRCut
matching distances between: 'Lepton' and 'Lepton':
DeltaRMin = 0 
DeltaRMax = 100 
DeltaPhiMin = 0 
DeltaPhiMax = 6.28319 
DeltaYMin = 0 
DeltaYMax = 100 

/Herwig/Cuts/ChargedLeptonDeltaRCut
matching distances between: 'ChargedLepton' and 'ChargedLepton':
DeltaRMin = 0 
DeltaRMax = 100 
DeltaPhiMin = 0 
DeltaPhiMax = 6.28319 
DeltaYMin = 0 
DeltaYMax = 100 

/Herwig/Cuts/PhotonIsolationCut matching unresolved particles from 'MatchboxJetMatcher':
DeltaZero = 0 
Exponent n = 1 
Efficiency = 0 
Cut Type = 1 

MissingPtCut 'MissingPtCut' matching 'Neutrino' within:
ptMiss  = 0 .. 1e+06 GeV
******************************************************************************
Event number 1 (id: tT) performed by EventHandler
==============================================================================

--- Colliding particles:
  1        p+    2212  (3,8)   
                                 0.000     0.000  3500.000  3500.000     0.938
  2        p+    2212  (4,9)   
                                 0.000     0.000 -3500.000  3500.000     0.938
------------------------------------------------------------------------------
Primary sub-process performed by MEMadGraph[g,g->tbar,t]
--- incoming:
  3         g      21 [1] (5)   {+1,-2}
                                 0.000     0.000   146.062   146.062     0.000
  4         g      21 [2] (5)   {+2,-3}
                                 0.000    -0.000  -301.679   301.679     0.000
--- intermediates:
  5         g      21 [3,4] (6,7)   {+1,-3}
                                 0.000    -0.000  -155.617   447.742   419.828
--- outgoing:
  6      tbar      -6 [5] (14,15)  9> {-3}
                              -116.111   -23.589  -100.222   231.661   172.000
  7         t       6 [5] (10,11)  >8 {+1}
                               116.111    23.589   -55.395   216.081   172.000
------------------------------------------------------------------------------
Step 1
--- intermediates:
  3         g      21 [1] (5)   {+1,-2}
                                 0.000     0.000   146.062   146.062     0.000
  4         g      21 [2] (5)   {+2,-3}
                                 0.000    -0.000  -301.679   301.679     0.000
  5         g      21 [3,4] (6,7)   {+1,-3}
                                 0.000    -0.000  -155.617   447.742   419.828
--- final:
  6      tbar      -6 [5] (14,15)  9> {-3}
                              -116.111   -23.589  -100.222   231.661   172.000
  7         t       6 [5] (10,11)  >8 {+1}
                               116.111    23.589   -55.395   216.081   172.000
  8    Rem:p+      82 [1]   7>>9 {+2,-1}
                                 0.000     0.000  3353.938  3353.938     0.918
  9    Rem:p+      82 [2]   8>>6 {+3,-2}
                                -0.000     0.000 -3198.320  3198.321     0.897
------------------------------------------------------------------------------
     Sum of momenta:                 0         0         0     7e+03     7e+03
------------------------------------------------------------------------------
Step 2 performed by DecayHandler
--- intermediates:
 10        W+      24 [7] (12,13)   
                                63.294     9.723   -98.927   146.245    86.605
 14        W-     -24 [6] (16,17)   
                               -53.055   -32.310  -127.636   162.353    78.795
--- final:
  8    Rem:p+      82 [1]   11>>9 {+2,-1}
                                 0.000     0.000  3353.938  3353.938     0.918
  9    Rem:p+      82 [2]   8>>15 {+3,-2}
                                -0.000     0.000 -3198.320  3198.321     0.897
 11         b       5 [7]   >8 {+1}
                                52.817    13.867    43.532    69.836     0.000
 12        e+     -11 [10]    
                                -4.849   -17.967     4.675    19.188     0.001
 13      nu_e      12 [10]    
                                68.143    27.689  -103.602   127.057     0.000
 15      bbar      -5 [6]   9> {-3}
                               -63.056     8.721    27.414    69.308     0.000
 16         d       1 [14]   >17 {+4}
                               -66.571   -23.234   -59.380    92.182     0.000
 17      ubar      -2 [14]   16> {-4}
                                13.516    -9.076   -68.256    70.170     0.000
------------------------------------------------------------------------------
     Sum of momenta:                 0         0         0     7e+03     7e+03
******************************************************************************
Event number 2 (id: tT) performed by EventHandler
==============================================================================

--- Colliding particles:
  1        p+    2212  (3,8)   
                                 0.000     0.000  3500.000  3500.000     0.938
  2        p+    2212  (4,9)   
                                 0.000     0.000 -3500.000  3500.000     0.938
------------------------------------------------------------------------------
Primary sub-process performed by MEMadGraph[u,ubar->tbar,t]
--- incoming:
  3         u       2 [1] (5)   {+1}
                                -0.000     0.000   205.753   205.753     0.000
  4      ubar      -2 [2] (5)   {-2}
                                 0.000    -0.000  -211.401   211.401     0.000
--- intermediates:
  5         g      21 [3,4] (6,7)   {+1,-2}
                                 0.000    -0.000    -5.648   417.154   417.115
--- outgoing:
  6      tbar      -6 [5] (14,15)  9> {-2}
                               -72.568   -10.003    89.630   207.325   172.000
  7         t       6 [5] (10,11)  >8 {+1}
                                72.568    10.003   -95.278   209.829   172.000
------------------------------------------------------------------------------
Step 1
--- intermediates:
  3         u       2 [1] (5)   {+1}
                                -0.000     0.000   205.753   205.753     0.000
  4      ubar      -2 [2] (5)   {-2}
                                 0.000    -0.000  -211.401   211.401     0.000
  5         g      21 [3,4] (6,7)   {+1,-2}
                                 0.000    -0.000    -5.648   417.154   417.115
--- final:
  6      tbar      -6 [5] (14,15)  9> {-2}
                               -72.568   -10.003    89.630   207.325   172.000
  7         t       6 [5] (10,11)  >8 {+1}
                                72.568    10.003   -95.278   209.829   172.000
  8    Rem:p+      82 [1]   7> {-1}
                                 0.000     0.000  3294.247  3294.247     0.910
  9    Rem:p+      82 [2]   >6 {+2}
                                -0.000     0.000 -3288.599  3288.599     0.909
------------------------------------------------------------------------------
     Sum of momenta:                 0         0         0     7e+03     7e+03
------------------------------------------------------------------------------
Step 2 performed by DecayHandler
--- intermediates:
 10        W+      24 [7] (12,13)   
                                10.323   -48.464   -75.850   122.248    82.074
 14        W-     -24 [6] (16,17)   
                               -89.639     5.371     6.142   120.733    80.466
--- final:
  8    Rem:p+      82 [1]   11> {-1}
                                 0.000     0.000  3294.247  3294.247     0.910
  9    Rem:p+      82 [2]   >15 {+2}
                                -0.000     0.000 -3288.599  3288.599     0.909
 11         b       5 [7]   >8 {+1}
                                62.245    58.467   -19.428    87.580     0.000
 12       mu+     -13 [10]    
                                 7.012   -10.269    17.422    21.405     0.106
 13     nu_mu      14 [10]    
                                 3.310   -38.195   -93.272   100.844     0.000
 15      bbar      -5 [6]   9> {-2}
                                17.072   -15.374    83.488    86.592     0.000
 16         s       3 [14]   >17 {+3}
                               -32.571    24.704   -29.777    50.575     0.000
 17      cbar      -4 [14]   16> {-3}
                               -57.068   -19.333    35.918    70.158     1.250
------------------------------------------------------------------------------
     Sum of momenta:                 0         0         0     7e+03     7e+03
******************************************************************************
Event number 3 (id: tT) performed by EventHandler
==============================================================================

--- Colliding particles:
  1        p+    2212  (3,8)   
                                 0.000     0.000  3500.000  3500.000     0.938
  2        p+    2212  (4,9)   
                                 0.000     0.000 -3500.000  3500.000     0.938
------------------------------------------------------------------------------
Primary sub-process performed by MEMadGraph[g,g->tbar,t]
--- incoming:
  3         g      21 [1] (5)   {+1,-2}
                                 0.000    -0.000   252.630   252.630     0.000
  4         g      21 [2] (5)   {+3,-1}
                                 0.000     0.000  -325.290   325.290     0.000
--- intermediates:
  5         g      21 [3,4] (6,7)   {+3,-2}
                                 0.000    -0.000   -72.660   577.920   573.334
--- outgoing:
  6      tbar      -6 [5] (14,15)  8> {-2}
                               -55.516  -221.916   -19.918   286.896   172.000
  7         t       6 [5] (10,11)  >9 {+3}
                                55.516   221.916   -52.742   291.023   172.000
------------------------------------------------------------------------------
Step 1
--- intermediates:
  3         g      21 [1] (5)   {+1,-2}
                                 0.000    -0.000   252.630   252.630     0.000
  4         g      21 [2] (5)   {+3,-1}
                                 0.000     0.000  -325.290   325.290     0.000
  5         g      21 [3,4] (6,7)   {+3,-2}
                                 0.000    -0.000   -72.660   577.920   573.334
--- final:
  6      tbar      -6 [5] (14,15)  8> {-2}
                               -55.516  -221.916   -19.918   286.896   172.000
  7         t       6 [5] (10,11)  >9 {+3}
                                55.516   221.916   -52.742   291.023   172.000
  8    Rem:p+      82 [1]   9>>6 {+2,-1}
                                 0.000     0.000  3247.370  3247.370     0.904
  9    Rem:p+      82 [2]   7>>8 {+1,-3}
                                -0.000     0.000 -3174.710  3174.710     0.894
------------------------------------------------------------------------------
     Sum of momenta:                 0         0         0     7e+03     7e+03
------------------------------------------------------------------------------
Step 2 performed by DecayHandler
--- intermediates:
 10        W+      24 [7] (12,13)   
                                 8.579    37.172     9.437    90.525    81.550
 14        W-     -24 [6] (16,17)   
                               -25.873  -236.575    -6.625   251.255    80.300
--- final:
  8    Rem:p+      82 [1]   9>>15 {+2,-1}
                                 0.000     0.000  3247.370  3247.370     0.904
  9    Rem:p+      82 [2]   11>>8 {+1,-3}
                                -0.000     0.000 -3174.710  3174.710     0.894
 11         b       5 [7]   >9 {+3}
                                46.937   184.744   -62.179   200.498     0.000
 12      sbar      -3 [10]   13> {-4}
                                16.309    -8.837    33.292    38.111     0.000
 13         c       4 [10]   >12 {+4}
                                -7.730    46.010   -23.855    52.415     1.250
 15      bbar      -5 [6]   8> {-2}
                               -29.643    14.659   -13.293    35.641     0.000
 16        e-      11 [14]    
                                -9.728  -104.688    36.915   111.431     0.001
 17   nu_ebar     -12 [14]    
                               -16.145  -131.887   -43.541   139.824     0.000
------------------------------------------------------------------------------
     Sum of momenta:                 0         0         0     7e+03     7e+03
******************************************************************************
Event number 4 (id: tT) performed by EventHandler
==============================================================================

--- Colliding particles:
  1        p+    2212  (3,8)   
                                 0.000     0.000  3500.000  3500.000     0.938
  2        p+    2212  (4,9)   
                                 0.000     0.000 -3500.000  3500.000     0.938
------------------------------------------------------------------------------
Primary sub-process performed by MEMadGraph[g,g->tbar,t]
--- incoming:
  3         g      21 [1] (5,6)   {+1,-2}
                                 0.000    -0.000   316.084   316.084     0.000
  4         g      21 [2] (7)   {+3,-1}
                                 0.000    -0.000  -130.778   130.778     0.000
--- intermediates:
  5         t       6 [3] (7)   {+1}
                                36.634    11.005   111.957    46.426  -108.821
--- outgoing:
  6      tbar      -6 [3] (14,15)  8> {-2}
                               -36.634   -11.005   204.127   269.657   172.000
  7         t       6 [4,5] (10,11)  >9 {+3}
                                36.634    11.005   -18.821   177.204   172.000
------------------------------------------------------------------------------
Step 1
--- intermediates:
  3         g      21 [1] (5,6)   {+1,-2}
                                 0.000    -0.000   316.084   316.084     0.000
  4         g      21 [2] (7)   {+3,-1}
                                 0.000    -0.000  -130.778   130.778     0.000
  5         t       6 [3] (7)   {+1}
                                36.634    11.005   111.957    46.426  -108.821
--- final:
  6      tbar      -6 [3] (14,15)  8> {-2}
                               -36.634   -11.005   204.127   269.657   172.000
  7         t       6 [4,5] (10,11)  >9 {+3}
                                36.634    11.005   -18.821   177.204   172.000
  8    Rem:p+      82 [1]   9>>6 {+2,-1}
                                 0.000     0.000  3183.916  3183.916     0.895
  9    Rem:p+      82 [2]   7>>8 {+1,-3}
                                -0.000     0.000 -3369.222  3369.222     0.921
------------------------------------------------------------------------------
     Sum of momenta:                 0         0         0     7e+03     7e+03
------------------------------------------------------------------------------
Step 2 performed by DecayHandler
--- intermediates:
 10        W+      24 [7] (12,13)   
                                39.926    70.564   -38.707   114.327    70.703
 14        W-     -24 [6] (16,17)   
                                35.189    -7.459   170.426   190.241    76.504
 16      tau-      15 [14] (18,19)   
                                36.997   -38.447   102.986   116.001     1.777
 18      a_1-  -20213 [16] (20,21)   
                                22.639   -22.753    61.750    69.602     1.075
 20     sigma 9000221 [18] (22,23)   
                                12.884   -13.271    36.055    40.528     0.639
 22       pi0     111 [20] (24,25)   
                                 9.456    -9.992    26.434    29.800     0.135
 23       pi0     111 [20] (26,27)   
                                 3.428    -3.279     9.621    10.728     0.135
--- final:
  8    Rem:p+      82 [1]   9>>15 {+2,-1}
                                 0.000     0.000  3183.916  3183.916     0.895
  9    Rem:p+      82 [2]   11>>8 {+1,-3}
                                -0.000     0.000 -3369.222  3369.222     0.921
 11         b       5 [7]   >9 {+3}
                                -3.292   -59.560    19.885    62.878     0.000
 12        e+     -11 [10]    
                                47.776    31.186   -46.282    73.465     0.001
 13      nu_e      12 [10]    
                                -7.850    39.379     7.575    40.862     0.000
 15      bbar      -5 [6]   8> {-2}
                               -71.823    -3.545    33.702    79.416     0.000
 17 nu_taubar     -16 [14]    
                                -1.808    30.987    67.439    74.240     0.000
 19    nu_tau      16 [16]    
                                14.358   -15.694    41.236    46.399     0.000
 21       pi-    -211 [18]    
                                 9.755    -9.482    25.695    29.075     0.140
 24     gamma      22 [22]    
                                 7.111    -7.442    19.710    22.236     0.000
 25     gamma      22 [22]    
                                 2.345    -2.550     6.724     7.563     0.000
 26     gamma      22 [23]    
                                 2.553    -2.395     7.208     8.013     0.000
 27     gamma      22 [23]    
                                 0.875    -0.884     2.414     2.715     0.000
------------------------------------------------------------------------------
     Sum of momenta:                 0         0         0     7e+03     7e+03
******************************************************************************
Event number 5 (id: tT) performed by EventHandler
==============================================================================

--- Colliding particles:
  1        p+    2212  (3,8)   
                                 0.000     0.000  3500.000  3500.000     0.938
  2        p+    2212  (4,9)   
                                 0.000     0.000 -3500.000  3500.000     0.938
------------------------------------------------------------------------------
Primary sub-process performed by MEMadGraph[u,ubar->tbar,t]
--- incoming:
  3         u       2 [1] (5)   {+1}
                                -0.000     0.000   117.309   117.309     0.000
  4      ubar      -2 [2] (5)   {-2}
                                 0.000    -0.000  -314.058   314.058     0.000
--- intermediates:
  5         g      21 [3,4] (6,7)   {+1,-2}
                                 0.000    -0.000  -196.749   431.367   383.885
--- outgoing:
  6      tbar      -6 [5] (14,15)  9> {-2}
                               -11.949    80.178   -68.932   202.255   172.000
  7         t       6 [5] (10,11)  >8 {+1}
                                11.949   -80.178  -127.817   229.112   172.000
------------------------------------------------------------------------------
Step 1
--- intermediates:
  3         u       2 [1] (5)   {+1}
                                -0.000     0.000   117.309   117.309     0.000
  4      ubar      -2 [2] (5)   {-2}
                                 0.000    -0.000  -314.058   314.058     0.000
  5         g      21 [3,4] (6,7)   {+1,-2}
                                 0.000    -0.000  -196.749   431.367   383.885
--- final:
  6      tbar      -6 [5] (14,15)  9> {-2}
                               -11.949    80.178   -68.932   202.255   172.000
  7         t       6 [5] (10,11)  >8 {+1}
                                11.949   -80.178  -127.817   229.112   172.000
  8    Rem:p+      82 [1]   7> {-1}
                                 0.000     0.000  3382.691  3382.691     0.922
  9    Rem:p+      82 [2]   >6 {+2}
                                -0.000     0.000 -3185.942  3185.942     0.895
------------------------------------------------------------------------------
     Sum of momenta:                 0         0         0     7e+03     7e+03
------------------------------------------------------------------------------
Step 2 performed by DecayHandler
--- intermediates:
 10        W+      24 [7] (12,13)   
                               -27.635  -107.398  -111.909   178.507    83.922
 14        W-     -24 [6] (16,17)   
                                33.430    81.968   -92.230   151.213    80.764
--- final:
  8    Rem:p+      82 [1]   11> {-1}
                                 0.000     0.000  3382.691  3382.691     0.922
  9    Rem:p+      82 [2]   >15 {+2}
                                -0.000     0.000 -3185.942  3185.942     0.895
 11         b       5 [7]   >8 {+1}
                                39.584    27.220   -15.907    50.605     0.000
 12      dbar      -1 [10]   13> {-3}
                               -24.088   -57.966    -7.865    63.262     0.000
 13         u       2 [10]   >12 {+3}
                                -3.547   -49.433  -104.044   115.245     0.000
 15      bbar      -5 [6]   9> {-2}
                               -45.379    -1.790    23.297    51.042     0.000
 16         d       1 [14]   >17 {+4}
                                19.880    66.267  -105.812   126.423     0.000
 17      ubar      -2 [14]   16> {-4}
                                13.550    15.701    13.582    24.791     0.000
------------------------------------------------------------------------------
     Sum of momenta:                 0         0         0     7e+03     7e+03
******************************************************************************
Event number 6 (id: tT) performed by EventHandler
==============================================================================

--- Colliding particles:
  1        p+    2212  (3,8)   
                                 0.000     0.000  3500.000  3500.000     0.938
  2        p+    2212  (4,9)   
                                 0.000     0.000 -3500.000  3500.000     0.938
------------------------------------------------------------------------------
Primary sub-process performed by MEMadGraph[g,g->tbar,t]
--- incoming:
  3         g      21 [1] (5)   {+1,-2}
                                -0.000    -0.000   933.366   933.366     0.000
  4         g      21 [2] (5)   {+3,-1}
                                 0.000     0.000   -33.133    33.133     0.000
--- intermediates:
  5         g      21 [3,4] (6,7)   {+3,-2}
                                 0.000     0.000   900.233   966.500   351.712
--- outgoing:
  6      tbar      -6 [5] (14,15)  8> {-2}
                               -21.738   -26.985   417.528   452.896   172.000
  7         t       6 [5] (10,11)  >9 {+3}
                                21.738    26.985   482.705   513.604   172.000
------------------------------------------------------------------------------
Step 1
--- intermediates:
  3         g      21 [1] (5)   {+1,-2}
                                -0.000    -0.000   933.366   933.366     0.000
  4         g      21 [2] (5)   {+3,-1}
                                 0.000     0.000   -33.133    33.133     0.000
  5         g      21 [3,4] (6,7)   {+3,-2}
                                 0.000     0.000   900.233   966.500   351.712
--- final:
  6      tbar      -6 [5] (14,15)  8> {-2}
                               -21.738   -26.985   417.528   452.896   172.000
  7         t       6 [5] (10,11)  >9 {+3}
                                21.738    26.985   482.705   513.604   172.000
  8    Rem:p+      82 [1]   9>>6 {+2,-1}
                                 0.000     0.000  2566.633  2566.634     0.803
  9    Rem:p+      82 [2]   7>>8 {+1,-3}
                                -0.000     0.000 -3466.867  3466.867     0.934
------------------------------------------------------------------------------
     Sum of momenta:                 0         0         0     7e+03     7e+03
------------------------------------------------------------------------------
Step 2 performed by DecayHandler
--- intermediates:
 10        W+      24 [7] (12,13)   
                                67.600   -21.774   271.633   292.172    80.846
 14        W-     -24 [6] (16,17)   
                               -38.400    28.373   356.469   368.809    81.676
--- final:
  8    Rem:p+      82 [1]   9>>15 {+2,-1}
                                 0.000     0.000  2566.633  2566.634     0.803
  9    Rem:p+      82 [2]   11>>8 {+1,-3}
                                -0.000     0.000 -3466.867  3466.867     0.934
 11         b       5 [7]   >9 {+3}
                               -45.862    48.760   211.072   221.432     0.000
 12        e+     -11 [10]    
                               -15.443   -18.505    72.156    76.075     0.001
 13      nu_e      12 [10]    
                                83.042    -3.269   199.478   216.097     0.000
 15      bbar      -5 [6]   8> {-2}
                                16.662   -55.359    61.060    84.086     0.000
 16         s       3 [14]   >17 {+4}
                               -36.881   -11.677    73.933    83.443     0.000
 17      cbar      -4 [14]   16> {-4}
                                -1.519    40.050   282.535   285.366     1.250
------------------------------------------------------------------------------
     Sum of momenta:                 0         0         0     7e+03     7e+03
******************************************************************************
Event number 7 (id: tT) performed by EventHandler
==============================================================================

--- Colliding particles:
  1        p+    2212  (3,8)   
                                 0.000     0.000  3500.000  3500.000     0.938
  2        p+    2212  (4,9)   
                                 0.000     0.000 -3500.000  3500.000     0.938
------------------------------------------------------------------------------
Primary sub-process performed by MEMadGraph[g,g->tbar,t]
--- incoming:
  3         g      21 [1] (5,7)   {+1,-2}
                                 0.000     0.000   107.064   107.064     0.000
  4         g      21 [2] (6)   {+2,-3}
                                 0.000     0.000  -621.578   621.578     0.000
--- intermediates:
  5      tbar      -6 [3] (6)   {-2}
                               101.087  -162.714   341.123  -240.876  -308.282
--- outgoing:
  6      tbar      -6 [4,5] (14,15)  9> {-3}
                               101.087  -162.714  -280.455   380.702   172.000
  7         t       6 [3] (10,11)  >8 {+1}
                              -101.087   162.714  -234.059   347.940   172.000
------------------------------------------------------------------------------
Step 1
--- intermediates:
  3         g      21 [1] (5,7)   {+1,-2}
                                 0.000     0.000   107.064   107.064     0.000
  4         g      21 [2] (6)   {+2,-3}
                                 0.000     0.000  -621.578   621.578     0.000
  5      tbar      -6 [3] (6)   {-2}
                               101.087  -162.714   341.123  -240.876  -308.282
--- final:
  6      tbar      -6 [4,5] (14,15)  9> {-3}
                               101.087  -162.714  -280.455   380.702   172.000
  7         t       6 [3] (10,11)  >8 {+1}
                              -101.087   162.714  -234.059   347.940   172.000
  8    Rem:p+      82 [1]   7>>9 {+2,-1}
                                 0.000     0.000  3392.936  3392.936     0.924
  9    Rem:p+      82 [2]   8>>6 {+3,-2}
                                -0.000     0.000 -2878.422  2878.422     0.851
------------------------------------------------------------------------------
     Sum of momenta:                 0         0         0     7e+03     7e+03
------------------------------------------------------------------------------
Step 2 performed by DecayHandler
--- intermediates:
 10        W+      24 [7] (12,13)   
                               -79.771   190.988  -197.310   296.908    79.895
 14        W-     -24 [6] (16,17)   
                                56.930   -33.066  -185.515   214.051    84.071
--- final:
  8    Rem:p+      82 [1]   11>>9 {+2,-1}
                                 0.000     0.000  3392.936  3392.936     0.924
  9    Rem:p+      82 [2]   8>>15 {+3,-2}
                                -0.000     0.000 -2878.422  2878.422     0.851
 11         b       5 [7]   >8 {+1}
                               -21.317   -28.274   -36.749    51.032     0.000
 12      sbar      -3 [10]   13> {-4}
                               -62.433   113.418  -168.190   212.249     0.000
 13         c       4 [10]   >12 {+4}
                               -17.338    77.569   -29.120    84.659     1.250
 15      bbar      -5 [6]   9> {-3}
                                44.157  -129.648   -94.941   166.650     0.000
 16         s       3 [14]   >17 {+5}
                               -12.015   -35.419   -56.753    67.969     0.000
 17      cbar      -4 [14]   16> {-5}
                                68.945     2.353  -128.762   146.083     1.250
------------------------------------------------------------------------------
     Sum of momenta:                 0         0         0     7e+03     7e+03
******************************************************************************
Event number 8 (id: tT) performed by EventHandler
==============================================================================

--- Colliding particles:
  1        p+    2212  (3,8)   
                                 0.000     0.000  3500.000  3500.000     0.938
  2        p+    2212  (4,9)   
                                 0.000     0.000 -3500.000  3500.000     0.938
------------------------------------------------------------------------------
Primary sub-process performed by MEMadGraph[g,g->tbar,t]
--- incoming:
  3         g      21 [1] (5,7)   {+1,-2}
                                 0.000     0.000   305.196   305.196     0.000
  4         g      21 [2] (6)   {+2,-3}
                                 0.000     0.000 -1054.431  1054.431     0.000
--- intermediates:
  5      tbar      -6 [3] (6)   {-2}
                               -85.503   279.442   134.817   -74.292  -313.137
--- outgoing:
  6      tbar      -6 [4,5] (14,15)  9> {-3}
                               -85.503   279.442  -919.614   980.139   172.000
  7         t       6 [3] (10,11)  >8 {+1}
                                85.503  -279.442   170.379   379.488   172.000
------------------------------------------------------------------------------
Step 1
--- intermediates:
  3         g      21 [1] (5,7)   {+1,-2}
                                 0.000     0.000   305.196   305.196     0.000
  4         g      21 [2] (6)   {+2,-3}
                                 0.000     0.000 -1054.431  1054.431     0.000
  5      tbar      -6 [3] (6)   {-2}
                               -85.503   279.442   134.817   -74.292  -313.137
--- final:
  6      tbar      -6 [4,5] (14,15)  9> {-3}
                               -85.503   279.442  -919.614   980.139   172.000
  7         t       6 [3] (10,11)  >8 {+1}
                                85.503  -279.442   170.379   379.488   172.000
  8    Rem:p+      82 [1]   7>>9 {+2,-1}
                                 0.000     0.000  3194.804  3194.804     0.896
  9    Rem:p+      82 [2]   8>>6 {+3,-2}
                                -0.000     0.000 -2445.568  2445.569     0.784
------------------------------------------------------------------------------
     Sum of momenta:                 0         0         0     7e+03     7e+03
------------------------------------------------------------------------------
Step 2 performed by DecayHandler
--- intermediates:
 10        W+      24 [7] (12,13)   
                                69.981   -69.376    77.250   149.181    81.098
 14        W-     -24 [6] (16,17)   
                               -31.697    43.668  -253.618   271.594    80.808
--- final:
  8    Rem:p+      82 [1]   11>>9 {+2,-1}
                                 0.000     0.000  3194.804  3194.804     0.896
  9    Rem:p+      82 [2]   8>>15 {+3,-2}
                                -0.000     0.000 -2445.568  2445.569     0.784
 11         b       5 [7]   >8 {+1}
                                15.522  -210.066    93.129   230.308     0.000
 12      sbar      -3 [10]   13> {-4}
                                12.187     6.441   -12.229    18.427     0.000
 13         c       4 [10]   >12 {+4}
                                57.795   -75.817    89.479   130.754     1.250
 15      bbar      -5 [6]   9> {-3}
                               -53.806   235.774  -665.996   708.545     0.000
 16         s       3 [14]   >17 {+5}
                                14.398    45.808   -95.743   107.109     0.000
 17      cbar      -4 [14]   16> {-5}
                               -46.095    -2.140  -157.875   164.485     1.250
------------------------------------------------------------------------------
     Sum of momenta:                 0         0         0     7e+03     7e+03
******************************************************************************
Event number 9 (id: tT) performed by EventHandler
==============================================================================

--- Colliding particles:
  1        p+    2212  (3,8)   
                                 0.000     0.000  3500.000  3500.000     0.938
  2        p+    2212  (4,9)   
                                 0.000     0.000 -3500.000  3500.000     0.938
------------------------------------------------------------------------------
Primary sub-process performed by MEMadGraph[g,g->tbar,t]
--- incoming:
  3         g      21 [1] (5,6)   {+1,-2}
                                 0.000    -0.000    27.888    27.888     0.000
  4         g      21 [2] (7)   {+3,-1}
                                 0.000     0.000 -1530.033  1530.033     0.000
--- intermediates:
  5         t       6 [3] (7)   {+1}
                               106.181    40.282   727.101  -701.069  -223.774
--- outgoing:
  6      tbar      -6 [3] (14,15)  8> {-2}
                              -106.181   -40.282  -699.212   728.957   172.000
  7         t       6 [4,5] (10,11)  >9 {+3}
                               106.181    40.282  -802.933   828.964   172.000
------------------------------------------------------------------------------
Step 1
--- intermediates:
  3         g      21 [1] (5,6)   {+1,-2}
                                 0.000    -0.000    27.888    27.888     0.000
  4         g      21 [2] (7)   {+3,-1}
                                 0.000     0.000 -1530.033  1530.033     0.000
  5         t       6 [3] (7)   {+1}
                               106.181    40.282   727.101  -701.069  -223.774
--- final:
  6      tbar      -6 [3] (14,15)  8> {-2}
                              -106.181   -40.282  -699.212   728.957   172.000
  7         t       6 [4,5] (10,11)  >9 {+3}
                               106.181    40.282  -802.933   828.964   172.000
  8    Rem:p+      82 [1]   9>>6 {+2,-1}
                                 0.000     0.000  3472.112  3472.112     0.935
  9    Rem:p+      82 [2]   7>>8 {+1,-3}
                                -0.000     0.000 -1969.967  1969.967     0.704
------------------------------------------------------------------------------
     Sum of momenta:                 0         0         0     7e+03     7e+03
------------------------------------------------------------------------------
Step 2 performed by DecayHandler
--- intermediates:
 10        W+      24 [7] (12,13)   
                                79.788    86.426  -686.753   701.200    78.845
 14        W-     -24 [6] (16,17)   
                               -50.093    40.056  -440.818   452.611    80.138
--- final:
  8    Rem:p+      82 [1]   9>>15 {+2,-1}
                                 0.000     0.000  3472.112  3472.112     0.935
  9    Rem:p+      82 [2]   11>>8 {+1,-3}
                                -0.000     0.000 -1969.967  1969.967     0.704
 11         b       5 [7]   >9 {+3}
                                26.393   -46.145  -116.180   127.764     0.000
 12      dbar      -1 [10]   13> {-4}
                                65.305    62.240  -296.263   309.694     0.000
 13         u       2 [10]   >12 {+4}
                                14.483    24.186  -390.490   391.506     0.000
 15      bbar      -5 [6]   8> {-2}
                               -56.088   -80.337  -258.394   276.347     0.000
 16         d       1 [14]   >17 {+5}
                               -57.166    39.005  -440.005   445.415     0.000
 17      ubar      -2 [14]   16> {-5}
                                 7.072     1.051    -0.813     7.196     0.000
------------------------------------------------------------------------------
     Sum of momenta:                 0         0         0     7e+03     7e+03
final integrated cross section is ( 0.175843 +/- 0.000287122 ) nb
No exceptions reported in this run.
