>>>>>>>>>>>>>>>>>>>>>>>>>>>>>>>>>>>>>>>>>>>>>>>>>>>>>>>>>>>>>>>>>>>>>>>>>>>>>>
>>>> Toolkit for HEP Event Generation - ThePEG 2.0.2 <<<<<<<<<<<<<<<<<<<<<<<<<
<<<<<<<<<<<<<<<<<<<<<<<<<<<<<<<<<<<<<<<<<<<<<<<<<<<<<<<<<<<<<<<<<<<<<<<<<<<<<<

>> Herwig 7.0.2 / ThePEG 2.0.2

==============================================================================
Statistics for event handler 'EventHandler':
                                       generated    number of    Cross-section
                                          events     attempts             (nb)
==============================================================================
Total (from   weighted events): including vetoed events          0.2174(2)e+00
==============================================================================
Total (from   weighted events):            2e+06        2e+06    0.2174(2)e+00
==============================================================================
Per matrix element breakdown:
MEMadGraph[d,dbar->W-,bbar,b,W+]           71336        71336      7.84(5)e-03
MEMadGraph[dbar,d->W-,bbar,b,W+]           71897        71897      7.73(5)e-03
MEMadGraph[ubar,u->W-,bbar,b,W+]          119695       119695     13.06(6)e-03
MEMadGraph[u,ubar->W-,bbar,b,W+]          120261       120261     13.10(6)e-03
MEMadGraph[c,cbar->W-,bbar,b,W+]            2804         2804      0.31(1)e-03
MEMadGraph[cbar,c->W-,bbar,b,W+]            2861         2861      0.31(1)e-03
MEMadGraph[sbar,s->W-,bbar,b,W+]            7782         7782      0.86(2)e-03
MEMadGraph[s,sbar->W-,bbar,b,W+]            7895         7895      0.87(2)e-03
MEMadGraph[g,g->W-,bbar,b,W+]        1.59547e+06  1.59547e+06    0.1733(2)e+00
==============================================================================
