>>>>>>>>>>>>>>>>>>>>>>>>>>>>>>>>>>>>>>>>>>>>>>>>>>>>>>>>>>>>>>>>>>>>>>>>>>>>>>
>>>> Toolkit for HEP Event Generation - ThePEG 2.0.2 <<<<<<<<<<<<<<<<<<<<<<<<<
<<<<<<<<<<<<<<<<<<<<<<<<<<<<<<<<<<<<<<<<<<<<<<<<<<<<<<<<<<<<<<<<<<<<<<<<<<<<<<

>> Herwig 7.0.2 / ThePEG 2.0.2

/Herwig/Cuts/Cuts:
MHat  = 0 .. 7000 GeV
Scale = 2 .. 1e+12 GeV2
YHat  = -100 .. 100
X1    = 1e-05 .. 1
X2    = 1e-05 .. 1

IdentifiedParticleCut 'PhotonCut' matching 'Photon' within:
pt  = 0 .. 1e+06 GeV
IdentifiedParticleCut 'LeptonCut' matching 'Lepton' within:
pt  = 0 .. 1e+06 GeV
IdentifiedParticleCut 'TopQuarkCut' matching 'Top' within:
pt  = 0 .. 1e+06 GeV
IdentifiedParticleCut 'WBosonCut' matching 'WBoson' within:
pt  = 0 .. 1e+06 GeV
IdentifiedParticleCut 'ZBosonCut' matching 'ZBoson' within:
pt  = 0 .. 1e+06 GeV
IdentifiedParticleCut 'HiggsBosonCut' matching 'HiggsBoson' within:
pt  = 0 .. 1e+06 GeV
IdentifiedParticleCut 'ChargedLeptonCut' matching 'ChargedLepton' within:
pt  = 0 .. 1e+06 GeV
/Herwig/Cuts/LeptonPairMassCut
matching distances between: 'Lepton' and 'Lepton':
M = 0 .. 1e+06 GeV
same flavour only = false 
opposite sign only = false 

/Herwig/Cuts/ChargedLeptonPairMassCut
matching distances between: 'ChargedLepton' and 'ChargedLepton':
M = 0 .. 1e+06 GeV
same flavour only = false 
opposite sign only = false 

/Herwig/Cuts/LeptonDeltaRCut
matching distances between: 'Lepton' and 'Lepton':
DeltaRMin = 0 
DeltaRMax = 100 
DeltaPhiMin = 0 
DeltaPhiMax = 6.28319 
DeltaYMin = 0 
DeltaYMax = 100 

/Herwig/Cuts/ChargedLeptonDeltaRCut
matching distances between: 'ChargedLepton' and 'ChargedLepton':
DeltaRMin = 0 
DeltaRMax = 100 
DeltaPhiMin = 0 
DeltaPhiMax = 6.28319 
DeltaYMin = 0 
DeltaYMax = 100 

/Herwig/Cuts/PhotonIsolationCut matching unresolved particles from 'MatchboxJetMatcher':
DeltaZero = 0 
Exponent n = 1 
Efficiency = 0 
Cut Type = 1 

MissingPtCut 'MissingPtCut' matching 'Neutrino' within:
ptMiss  = 0 .. 1e+06 GeV
******************************************************************************
Event number 1 (id: WWbB) performed by EventHandler
==============================================================================

--- Colliding particles:
  1        p+    2212  (3,12)   
                                 0.000     0.000  3500.000  3500.000     0.938
  2        p+    2212  (4,13)   
                                 0.000     0.000 -3500.000  3500.000     0.938
------------------------------------------------------------------------------
Primary sub-process performed by MEGenericProcesses[g,g->W-,bbar,b,W+]
--- incoming:
  3         g      21 [1] (5,6)   {+1,-2}
                                 0.000     0.000   131.357   131.357     0.000
  4         g      21 [2] (7)   {+3,-1}
                                 0.000    -0.000  -432.328   432.328     0.000
--- intermediates:
  5         t       6 [3] (7)   {+1}
                               -82.407    14.998   451.164  -239.993  -391.111
  6      tbar      -6 [3] (8,9)   {-2}
                                82.407   -14.998  -319.807   371.350   169.140
  7         t       6 [4,5] (10,11)   {+3}
                               -82.407    14.998    18.836   192.334   172.110
--- outgoing:
  8        W-     -24 [6] (16..18)   
                                99.328    -6.606  -136.780   187.303    80.399
  9      bbar      -5 [6]   12> {-2}
                               -16.920    -8.392  -183.027   184.047     4.200
 10         b       5 [7]   >13 {+3}
                               -72.394    42.035   -35.584    91.058     4.200
 11        W+      24 [7] (14,15)   
                               -10.014   -27.037    54.420   101.276    80.399
------------------------------------------------------------------------------
Step 1
--- intermediates:
  3         g      21 [1] (5,6)   {+1,-2}
                                 0.000     0.000   131.357   131.357     0.000
  4         g      21 [2] (7)   {+3,-1}
                                 0.000    -0.000  -432.328   432.328     0.000
  5         t       6 [3] (7)   {+1}
                               -82.407    14.998   451.164  -239.993  -391.111
  6      tbar      -6 [3] (8,9)   {-2}
                                82.407   -14.998  -319.807   371.350   169.140
  7         t       6 [4,5] (10,11)   {+3}
                               -82.407    14.998    18.836   192.334   172.110
--- final:
  8        W-     -24 [6] (16..18)   
                                99.328    -6.606  -136.780   187.303    80.399
  9      bbar      -5 [6]   12> {-2}
                               -16.920    -8.392  -183.027   184.047     4.200
 10         b       5 [7]   >13 {+3}
                               -72.394    42.035   -35.584    91.058     4.200
 11        W+      24 [7] (14,15)   
                               -10.014   -27.037    54.420   101.276    80.399
 12    Rem:p+      82 [1]   13>>9 {+2,-1}
                                 0.000     0.000  3368.643  3368.643     0.920
 13    Rem:p+      82 [2]   10>>12 {+1,-3}
                                -0.000     0.000 -3067.672  3067.672     0.878
------------------------------------------------------------------------------
     Sum of momenta:                 0         0         0     7e+03     7e+03
------------------------------------------------------------------------------
Step 2 performed by DecayHandler
--- final:
  9      bbar      -5 [6]   12> {-2}
                               -16.920    -8.392  -183.027   184.047     4.200
 10         b       5 [7]   >13 {+3}
                               -72.394    42.035   -35.584    91.058     4.200
 12    Rem:p+      82 [1]   13>>9 {+2,-1}
                                 0.000     0.000  3368.643  3368.643     0.920
 13    Rem:p+      82 [2]   10>>12 {+1,-3}
                                -0.000     0.000 -3067.672  3067.672     0.878
 14        e+     -11 [11]    
                                10.049    24.809    30.987    40.947     0.001
 15      nu_e      12 [11]    
                               -20.063   -51.845    23.433    60.329     0.000
 16       mu-      13 [8]    
                                63.804    -7.998   -23.325    68.403     0.106
 17  nu_mubar     -14 [8]    
                                35.512     1.393  -113.451   118.887     0.000
 18     gamma      22 [8]    
                                 0.012    -0.001    -0.004     0.013    -0.000
------------------------------------------------------------------------------
     Sum of momenta:                 0         0         0     7e+03     7e+03
******************************************************************************
Event number 2 (id: WWbB) performed by EventHandler
==============================================================================

--- Colliding particles:
  1        p+    2212  (3,12)   
                                 0.000     0.000  3500.000  3500.000     0.938
  2        p+    2212  (4,13)   
                                 0.000     0.000 -3500.000  3500.000     0.938
------------------------------------------------------------------------------
Primary sub-process performed by MEGenericProcesses[g,g->W-,bbar,b,W+]
--- incoming:
  3         g      21 [1] (6,7)   {+1,-2}
                                 0.000     0.000   125.528   125.528     0.000
  4         g      21 [2] (10)   {+3,-1}
                                 0.000     0.000  -738.248   738.248     0.000
--- intermediates:
  5         b       5 [6] (10)   {+1}
                                -0.018     0.042   250.258  -250.240    -3.008
  6         t       6 [3] (5,11)   {+1}
                                96.672    39.144   258.286  -118.306  -252.176
  7      tbar      -6 [3] (8,9)   {-2}
                               -96.672   -39.144  -132.758   243.834   175.933
--- outgoing:
  8        W-     -24 [7] (18,19)   
                               -28.014   -81.620  -106.281   158.765    80.399
  9      bbar      -5 [7]   12> {-2}
                               -68.657    42.476   -26.477    85.069     4.200
 10         b       5 [4,5]   >13 {+3}
                                -0.018     0.042  -487.991   488.009     4.200
 11        W+      24 [6] (14..17)   
                                96.690    39.102     8.028   131.933    80.399
------------------------------------------------------------------------------
Step 1
--- intermediates:
  3         g      21 [1] (6,7)   {+1,-2}
                                 0.000     0.000   125.528   125.528     0.000
  4         g      21 [2] (10)   {+3,-1}
                                 0.000     0.000  -738.248   738.248     0.000
  5         b       5 [6] (10)   {+1}
                                -0.018     0.042   250.258  -250.240    -3.008
  6         t       6 [3] (5,11)   {+1}
                                96.672    39.144   258.286  -118.306  -252.176
  7      tbar      -6 [3] (8,9)   {-2}
                               -96.672   -39.144  -132.758   243.834   175.933
--- final:
  8        W-     -24 [7] (18,19)   
                               -28.014   -81.620  -106.281   158.765    80.399
  9      bbar      -5 [7]   12> {-2}
                               -68.657    42.476   -26.477    85.069     4.200
 10         b       5 [4,5]   >13 {+3}
                                -0.018     0.042  -487.991   488.009     4.200
 11        W+      24 [6] (14..17)   
                                96.690    39.102     8.028   131.933    80.399
 12    Rem:p+      82 [1]   13>>9 {+2,-1}
                                 0.000     0.000  3374.472  3374.472     0.921
 13    Rem:p+      82 [2]   10>>12 {+1,-3}
                                -0.000     0.000 -2761.752  2761.752     0.833
------------------------------------------------------------------------------
     Sum of momenta:                 0         0         0     7e+03     7e+03
------------------------------------------------------------------------------
Step 2 performed by DecayHandler
--- final:
  9      bbar      -5 [7]   12> {-2}
                               -68.657    42.476   -26.477    85.069     4.200
 10         b       5 [4,5]   >13 {+3}
                                -0.018     0.042  -487.991   488.009     4.200
 12    Rem:p+      82 [1]   13>>9 {+2,-1}
                                 0.000     0.000  3374.472  3374.472     0.921
 13    Rem:p+      82 [2]   10>>12 {+1,-3}
                                -0.000     0.000 -2761.752  2761.752     0.833
 14        e+     -11 [11]    
                                27.502   -16.848   -20.745    38.348     0.001
 15      nu_e      12 [11]    
                                69.133    55.984    28.814    93.508     0.000
 16     gamma      22 [11]    
                                 0.001    -0.001    -0.001     0.002    -0.000
 17     gamma      22 [11]    
                                 0.054    -0.033    -0.041     0.075     0.000
 18       mu-      13 [8]    
                               -10.135   -93.124   -98.997   136.291     0.106
 19  nu_mubar     -14 [8]    
                               -17.880    11.504    -7.284    22.474     0.000
------------------------------------------------------------------------------
     Sum of momenta:          4.02e-05   2.6e-05         0     7e+03     7e+03
******************************************************************************
Event number 3 (id: WWbB) performed by EventHandler
==============================================================================

--- Colliding particles:
  1        p+    2212  (3,12)   
                                 0.000     0.000  3500.000  3500.000     0.938
  2        p+    2212  (4,13)   
                                 0.000     0.000 -3500.000  3500.000     0.938
------------------------------------------------------------------------------
Primary sub-process performed by MEGenericProcesses[g,g->W-,bbar,b,W+]
--- incoming:
  3         g      21 [1] (5,6)   {+1,-2}
                                 0.000    -0.000   501.809   501.809     0.000
  4         g      21 [2] (7)   {+2,-3}
                                 0.000     0.000  -298.842   298.842     0.000
--- intermediates:
  5      tbar      -6 [3] (7)   {-2}
                              -170.820    84.649   100.313    25.338  -213.929
  6         t       6 [3] (10,11)   {+1}
                               170.820   -84.649   401.496   476.472   171.701
  7      tbar      -6 [4,5] (8,9)   {-3}
                              -170.820    84.649  -198.529   324.180   171.271
--- outgoing:
  8        W-     -24 [7] (16..18)   
                               -32.221     5.584  -114.842   143.951    80.399
  9      bbar      -5 [7]   13> {-3}
                              -138.600    79.065   -83.687   180.229     4.200
 10         b       5 [6]   >12 {+1}
                               153.207   -31.783   215.844   266.625     4.200
 11        W+      24 [6] (14,15)   
                                17.613   -52.866   185.652   209.847    80.399
------------------------------------------------------------------------------
Step 1
--- intermediates:
  3         g      21 [1] (5,6)   {+1,-2}
                                 0.000    -0.000   501.809   501.809     0.000
  4         g      21 [2] (7)   {+2,-3}
                                 0.000     0.000  -298.842   298.842     0.000
  5      tbar      -6 [3] (7)   {-2}
                              -170.820    84.649   100.313    25.338  -213.929
  6         t       6 [3] (10,11)   {+1}
                               170.820   -84.649   401.496   476.472   171.701
  7      tbar      -6 [4,5] (8,9)   {-3}
                              -170.820    84.649  -198.529   324.180   171.271
--- final:
  8        W-     -24 [7] (16..18)   
                               -32.221     5.584  -114.842   143.951    80.399
  9      bbar      -5 [7]   13> {-3}
                              -138.600    79.065   -83.687   180.229     4.200
 10         b       5 [6]   >12 {+1}
                               153.207   -31.783   215.844   266.625     4.200
 11        W+      24 [6] (14,15)   
                                17.613   -52.866   185.652   209.847    80.399
 12    Rem:p+      82 [1]   10>>13 {+2,-1}
                                 0.000     0.000  2998.191  2998.191     0.868
 13    Rem:p+      82 [2]   12>>9 {+3,-2}
                                -0.000     0.000 -3201.158  3201.158     0.897
------------------------------------------------------------------------------
     Sum of momenta:                 0         0         0     7e+03     7e+03
------------------------------------------------------------------------------
Step 2 performed by DecayHandler
--- final:
  9      bbar      -5 [7]   13> {-3}
                              -138.600    79.065   -83.687   180.229     4.200
 10         b       5 [6]   >12 {+1}
                               153.207   -31.783   215.844   266.625     4.200
 12    Rem:p+      82 [1]   10>>13 {+2,-1}
                                 0.000     0.000  2998.191  2998.191     0.868
 13    Rem:p+      82 [2]   12>>9 {+3,-2}
                                -0.000     0.000 -3201.158  3201.158     0.897
 14        e+     -11 [11]    
                                20.440   -42.410   191.731   197.427     0.001
 15      nu_e      12 [11]    
                                -2.827   -10.456    -6.079    12.420     0.000
 16       mu-      13 [8]    
                                13.903    -7.902   -86.849    88.309     0.106
 17  nu_mubar     -14 [8]    
                               -46.130    13.490   -27.948    55.597     0.000
 18     gamma      22 [8]    
                                 0.006    -0.004    -0.044     0.045     0.000
------------------------------------------------------------------------------
     Sum of momenta:                 0         0         0     7e+03     7e+03
******************************************************************************
Event number 4 (id: WWbB) performed by EventHandler
==============================================================================

--- Colliding particles:
  1        p+    2212  (3,12)   
                                 0.000     0.000  3500.000  3500.000     0.938
  2        p+    2212  (4,13)   
                                 0.000     0.000 -3500.000  3500.000     0.938
------------------------------------------------------------------------------
Primary sub-process performed by MEGenericProcesses[d,dbar->W-,bbar,b,W+]
--- incoming:
  3         d       1 [1] (7)   {+1}
                                 0.000    -0.000   327.875   327.875     0.000
  4      dbar      -1 [2] (7)   {-2}
                                 0.000    -0.000  -200.767   200.767     0.000
--- intermediates:
  5         t       6 [7] (10,11)   {+1}
                              -134.906    88.339   160.492   285.272   172.101
  6      tbar      -6 [7] (8,9)   {-2}
                               134.906   -88.339   -33.383   243.370   179.196
  7         g      21 [3,4] (5,6)   {+1,-2}
                                 0.000    -0.000   127.109   528.642   513.133
--- outgoing:
  8        W-     -24 [6] (16,17)   
                               144.746   -36.762    17.027   170.460    80.399
  9      bbar      -5 [6]   13> {-2}
                                -9.840   -51.577   -50.410    72.910     4.200
 10         b       5 [5]   >12 {+1}
                              -125.352    83.291   128.953   198.235     4.200
 11        W+      24 [5] (14,15)   
                                -9.554     5.049    31.539    87.037    80.399
------------------------------------------------------------------------------
Step 1
--- intermediates:
  3         d       1 [1] (7)   {+1}
                                 0.000    -0.000   327.875   327.875     0.000
  4      dbar      -1 [2] (7)   {-2}
                                 0.000    -0.000  -200.767   200.767     0.000
  5         t       6 [7] (10,11)   {+1}
                              -134.906    88.339   160.492   285.272   172.101
  6      tbar      -6 [7] (8,9)   {-2}
                               134.906   -88.339   -33.383   243.370   179.196
  7         g      21 [3,4] (5,6)   {+1,-2}
                                 0.000    -0.000   127.109   528.642   513.133
--- final:
  8        W-     -24 [6] (16,17)   
                               144.746   -36.762    17.027   170.460    80.399
  9      bbar      -5 [6]   13> {-2}
                                -9.840   -51.577   -50.410    72.910     4.200
 10         b       5 [5]   >12 {+1}
                              -125.352    83.291   128.953   198.235     4.200
 11        W+      24 [5] (14,15)   
                                -9.554     5.049    31.539    87.037    80.399
 12    Rem:p+      82 [1]   10> {-1}
                                 0.000     0.000  3172.125  3172.125     0.893
 13    Rem:p+      82 [2]   >9 {+2}
                                -0.000     0.000 -3299.233  3299.233     0.911
------------------------------------------------------------------------------
     Sum of momenta:                 0         0         0     7e+03     7e+03
------------------------------------------------------------------------------
Step 2 performed by DecayHandler
--- final:
  9      bbar      -5 [6]   13> {-2}
                                -9.840   -51.577   -50.410    72.910     4.200
 10         b       5 [5]   >12 {+1}
                              -125.352    83.291   128.953   198.235     4.200
 12    Rem:p+      82 [1]   10> {-1}
                                 0.000     0.000  3172.125  3172.125     0.893
 13    Rem:p+      82 [2]   >9 {+2}
                                -0.000     0.000 -3299.233  3299.233     0.911
 14        e+     -11 [11]    
                                27.292    -1.767    40.159    48.587     0.001
 15      nu_e      12 [11]    
                               -36.846     6.815    -8.620    38.450     0.000
 16       mu-      13 [8]    
                               148.220   -49.508    13.920   156.889     0.106
 17  nu_mubar     -14 [8]    
                                -3.474    12.746     3.106    13.572     0.000
------------------------------------------------------------------------------
     Sum of momenta:                 0         0         0     7e+03     7e+03
******************************************************************************
Event number 5 (id: WWbB) performed by EventHandler
==============================================================================

--- Colliding particles:
  1        p+    2212  (3,12)   
                                 0.000     0.000  3500.000  3500.000     0.938
  2        p+    2212  (4,13)   
                                 0.000     0.000 -3500.000  3500.000     0.938
------------------------------------------------------------------------------
Primary sub-process performed by MEGenericProcesses[g,g->W-,bbar,b,W+]
--- incoming:
  3         g      21 [1] (5,6)   {+1,-2}
                                 0.000     0.000   686.749   686.749     0.000
  4         g      21 [2] (7)   {+3,-1}
                                 0.000     0.000  -192.083   192.083     0.000
--- intermediates:
  5         t       6 [3] (7)   {+1}
                                26.450  -111.139    79.452    44.903  -131.711
  6      tbar      -6 [3] (8,9)   {-2}
                               -26.450   111.139   607.297   641.845   173.506
  7         t       6 [4,5] (10,11)   {+3}
                                26.450  -111.139  -112.631   236.986   174.428
--- outgoing:
  8        W-     -24 [6] (16,17)   
                               -82.207    65.202   443.387   462.672    80.399
  9      bbar      -5 [6]   12> {-2}
                                55.756    45.937   163.910   179.174     4.200
 10         b       5 [7]   >13 {+3}
                               -44.759   -46.449   -88.036   109.219     4.200
 11        W+      24 [7] (14,15)   
                                71.209   -64.690   -24.595   127.767    80.399
------------------------------------------------------------------------------
Step 1
--- intermediates:
  3         g      21 [1] (5,6)   {+1,-2}
                                 0.000     0.000   686.749   686.749     0.000
  4         g      21 [2] (7)   {+3,-1}
                                 0.000     0.000  -192.083   192.083     0.000
  5         t       6 [3] (7)   {+1}
                                26.450  -111.139    79.452    44.903  -131.711
  6      tbar      -6 [3] (8,9)   {-2}
                               -26.450   111.139   607.297   641.845   173.506
  7         t       6 [4,5] (10,11)   {+3}
                                26.450  -111.139  -112.631   236.986   174.428
--- final:
  8        W-     -24 [6] (16,17)   
                               -82.207    65.202   443.387   462.672    80.399
  9      bbar      -5 [6]   12> {-2}
                                55.756    45.937   163.910   179.174     4.200
 10         b       5 [7]   >13 {+3}
                               -44.759   -46.449   -88.036   109.219     4.200
 11        W+      24 [7] (14,15)   
                                71.209   -64.690   -24.595   127.767    80.399
 12    Rem:p+      82 [1]   13>>9 {+2,-1}
                                 0.000     0.000  2813.251  2813.251     0.841
 13    Rem:p+      82 [2]   10>>12 {+1,-3}
                                -0.000     0.000 -3307.917  3307.917     0.912
------------------------------------------------------------------------------
     Sum of momenta:                 0         0         0     7e+03     7e+03
------------------------------------------------------------------------------
Step 2 performed by DecayHandler
--- final:
  9      bbar      -5 [6]   12> {-2}
                                55.756    45.937   163.910   179.174     4.200
 10         b       5 [7]   >13 {+3}
                               -44.759   -46.449   -88.036   109.219     4.200
 12    Rem:p+      82 [1]   13>>9 {+2,-1}
                                 0.000     0.000  2813.251  2813.251     0.841
 13    Rem:p+      82 [2]   10>>12 {+1,-3}
                                -0.000     0.000 -3307.917  3307.917     0.912
 14        e+     -11 [11]    
                                89.245   -54.973   -22.175   107.137     0.001
 15      nu_e      12 [11]    
                               -18.036    -9.717    -2.420    20.630     0.000
 16       mu-      13 [8]    
                               -18.857   -11.540   175.724   177.109     0.106
 17  nu_mubar     -14 [8]    
                               -63.350    76.742   267.663   285.562     0.000
------------------------------------------------------------------------------
     Sum of momenta:                 0         0         0     7e+03     7e+03
******************************************************************************
Event number 6 (id: WWbB) performed by EventHandler
==============================================================================

--- Colliding particles:
  1        p+    2212  (3,12)   
                                 0.000     0.000  3500.000  3500.000     0.938
  2        p+    2212  (4,13)   
                                 0.000     0.000 -3500.000  3500.000     0.938
------------------------------------------------------------------------------
Primary sub-process performed by MEGenericProcesses[u,ubar->W-,bbar,b,W+]
--- incoming:
  3         u       2 [1] (7)   {+1}
                                -0.000     0.000   812.893   812.893     0.000
  4      ubar      -2 [2] (7)   {-2}
                                 0.000     0.000  -108.454   108.454     0.000
--- intermediates:
  5         t       6 [7] (10,11)   {+1}
                               234.963    40.234   421.360   514.096   172.986
  6      tbar      -6 [7] (8,9)   {-2}
                              -234.963   -40.234   283.079   407.251   169.982
  7         g      21 [3,4] (5,6)   {+1,-2}
                                -0.000     0.000   704.439   921.347   593.841
--- outgoing:
  8        W-     -24 [6] (16,17)   
                               -47.576   -28.647   141.994   172.367    80.399
  9      bbar      -5 [6]   13> {-2}
                              -187.387   -11.587   141.085   234.884     4.200
 10         b       5 [5]   >12 {+1}
                               192.959    45.625   240.782   311.943     4.200
 11        W+      24 [5] (14,15)   
                                42.004    -5.391   180.578   202.153    80.399
------------------------------------------------------------------------------
Step 1
--- intermediates:
  3         u       2 [1] (7)   {+1}
                                -0.000     0.000   812.893   812.893     0.000
  4      ubar      -2 [2] (7)   {-2}
                                 0.000     0.000  -108.454   108.454     0.000
  5         t       6 [7] (10,11)   {+1}
                               234.963    40.234   421.360   514.096   172.986
  6      tbar      -6 [7] (8,9)   {-2}
                              -234.963   -40.234   283.079   407.251   169.982
  7         g      21 [3,4] (5,6)   {+1,-2}
                                -0.000     0.000   704.439   921.347   593.841
--- final:
  8        W-     -24 [6] (16,17)   
                               -47.576   -28.647   141.994   172.367    80.399
  9      bbar      -5 [6]   13> {-2}
                              -187.387   -11.587   141.085   234.884     4.200
 10         b       5 [5]   >12 {+1}
                               192.959    45.625   240.782   311.943     4.200
 11        W+      24 [5] (14,15)   
                                42.004    -5.391   180.578   202.153    80.399
 12    Rem:p+      82 [1]   10> {-1}
                                 0.000     0.000  2687.107  2687.107     0.822
 13    Rem:p+      82 [2]   >9 {+2}
                                -0.000     0.000 -3391.546  3391.546     0.924
------------------------------------------------------------------------------
     Sum of momenta:                 0         0         0     7e+03     7e+03
------------------------------------------------------------------------------
Step 2 performed by DecayHandler
--- final:
  9      bbar      -5 [6]   13> {-2}
                              -187.387   -11.587   141.085   234.884     4.200
 10         b       5 [5]   >12 {+1}
                               192.959    45.625   240.782   311.943     4.200
 12    Rem:p+      82 [1]   10> {-1}
                                 0.000     0.000  2687.107  2687.107     0.822
 13    Rem:p+      82 [2]   >9 {+2}
                                -0.000     0.000 -3391.546  3391.546     0.924
 14        e+     -11 [11]    
                                31.677    21.609    29.624    48.456     0.001
 15      nu_e      12 [11]    
                                10.326   -27.000   150.953   153.696     0.000
 16       mu-      13 [8]    
                                20.733   -15.467    23.433    34.903     0.106
 17  nu_mubar     -14 [8]    
                               -68.309   -13.180   118.561   137.464     0.000
------------------------------------------------------------------------------
     Sum of momenta:                 0         0         0     7e+03     7e+03
******************************************************************************
Event number 7 (id: WWbB) performed by EventHandler
==============================================================================

--- Colliding particles:
  1        p+    2212  (3,12)   
                                 0.000     0.000  3500.000  3500.000     0.938
  2        p+    2212  (4,13)   
                                 0.000     0.000 -3500.000  3500.000     0.938
------------------------------------------------------------------------------
Primary sub-process performed by MEGenericProcesses[g,g->W-,bbar,b,W+]
--- incoming:
  3         g      21 [1] (7)   {+1,-2}
                                 0.000    -0.000   371.761   371.761     0.000
  4         g      21 [2] (7)   {+3,-1}
                                 0.000     0.000  -172.656   172.656     0.000
--- intermediates:
  5         t       6 [7] (10,11)   {+3}
                               -25.488    18.848   -96.794   201.109   173.409
  6      tbar      -6 [7] (8,9)   {-2}
                                25.488   -18.848   295.899   343.308   171.170
  7         g      21 [3,4] (5,6)   {+3,-2}
                                 0.000     0.000   199.105   544.417   506.702
--- outgoing:
  8        W-     -24 [6] (17,18)   
                                30.142    52.928   152.718   183.021    80.399
  9      bbar      -5 [6]   12> {-2}
                                -4.654   -71.776   143.182   160.288     4.200
 10         b       5 [5]   >13 {+3}
                                40.921    42.814   -68.063    90.320     4.200
 11        W+      24 [5] (14..16)   
                               -66.409   -23.966   -28.731   110.788    80.399
------------------------------------------------------------------------------
Step 1
--- intermediates:
  3         g      21 [1] (7)   {+1,-2}
                                 0.000    -0.000   371.761   371.761     0.000
  4         g      21 [2] (7)   {+3,-1}
                                 0.000     0.000  -172.656   172.656     0.000
  5         t       6 [7] (10,11)   {+3}
                               -25.488    18.848   -96.794   201.109   173.409
  6      tbar      -6 [7] (8,9)   {-2}
                                25.488   -18.848   295.899   343.308   171.170
  7         g      21 [3,4] (5,6)   {+3,-2}
                                 0.000     0.000   199.105   544.417   506.702
--- final:
  8        W-     -24 [6] (17,18)   
                                30.142    52.928   152.718   183.021    80.399
  9      bbar      -5 [6]   12> {-2}
                                -4.654   -71.776   143.182   160.288     4.200
 10         b       5 [5]   >13 {+3}
                                40.921    42.814   -68.063    90.320     4.200
 11        W+      24 [5] (14..16)   
                               -66.409   -23.966   -28.731   110.788    80.399
 12    Rem:p+      82 [1]   13>>9 {+2,-1}
                                 0.000     0.000  3128.239  3128.239     0.887
 13    Rem:p+      82 [2]   10>>12 {+1,-3}
                                -0.000     0.000 -3327.344  3327.344     0.915
------------------------------------------------------------------------------
     Sum of momenta:                 0         0         0     7e+03     7e+03
------------------------------------------------------------------------------
Step 2 performed by DecayHandler
--- final:
  9      bbar      -5 [6]   12> {-2}
                                -4.654   -71.776   143.182   160.288     4.200
 10         b       5 [5]   >13 {+3}
                                40.921    42.814   -68.063    90.320     4.200
 12    Rem:p+      82 [1]   13>>9 {+2,-1}
                                 0.000     0.000  3128.239  3128.239     0.887
 13    Rem:p+      82 [2]   10>>12 {+1,-3}
                                -0.000     0.000 -3327.344  3327.344     0.915
 14        e+     -11 [11]    
                               -45.473    -4.353    22.186    50.783     0.001
 15      nu_e      12 [11]    
                               -19.612   -19.556   -51.563    58.530     0.000
 16     gamma      22 [11]    
                                -1.325    -0.058     0.646     1.475     0.000
 17       mu-      13 [8]    
                                12.415     0.160   115.256   115.923     0.106
 18  nu_mubar     -14 [8]    
                                17.727    52.768    37.462    67.098     0.000
------------------------------------------------------------------------------
     Sum of momenta:          6.45e-05  1.46e-05         0     7e+03     7e+03
******************************************************************************
Event number 8 (id: WWbB) performed by EventHandler
==============================================================================

--- Colliding particles:
  1        p+    2212  (3,12)   
                                 0.000     0.000  3500.000  3500.000     0.938
  2        p+    2212  (4,13)   
                                 0.000     0.000 -3500.000  3500.000     0.938
------------------------------------------------------------------------------
Primary sub-process performed by MEGenericProcesses[g,g->W-,bbar,b,W+]
--- incoming:
  3         g      21 [1] (7)   {+1,-2}
                                 0.000    -0.000   267.769   267.769     0.000
  4         g      21 [2] (7)   {+3,-1}
                                 0.000     0.000  -206.553   206.553     0.000
--- intermediates:
  5         t       6 [7] (10,11)   {+3}
                                20.192    26.572  -139.377   224.917   173.344
  6      tbar      -6 [7] (8,9)   {-2}
                               -20.192   -26.572   200.592   249.405   144.401
  7         g      21 [3,4] (5,6)   {+3,-2}
                                 0.000     0.000    61.216   474.322   470.355
--- outgoing:
  8        W-     -24 [6] (16..18)   
                                32.270   -26.443   156.155   180.524    80.399
  9      bbar      -5 [6]   12> {-2}
                               -52.462    -0.129    44.437    68.881     4.200
 10         b       5 [5]   >13 {+3}
                                 0.119   -43.033     6.032    43.657     4.200
 11        W+      24 [5] (14,15)   
                                20.073    69.605  -145.408   181.261    80.399
------------------------------------------------------------------------------
Step 1
--- intermediates:
  3         g      21 [1] (7)   {+1,-2}
                                 0.000    -0.000   267.769   267.769     0.000
  4         g      21 [2] (7)   {+3,-1}
                                 0.000     0.000  -206.553   206.553     0.000
  5         t       6 [7] (10,11)   {+3}
                                20.192    26.572  -139.377   224.917   173.344
  6      tbar      -6 [7] (8,9)   {-2}
                               -20.192   -26.572   200.592   249.405   144.401
  7         g      21 [3,4] (5,6)   {+3,-2}
                                 0.000     0.000    61.216   474.322   470.355
--- final:
  8        W-     -24 [6] (16..18)   
                                32.270   -26.443   156.155   180.524    80.399
  9      bbar      -5 [6]   12> {-2}
                               -52.462    -0.129    44.437    68.881     4.200
 10         b       5 [5]   >13 {+3}
                                 0.119   -43.033     6.032    43.657     4.200
 11        W+      24 [5] (14,15)   
                                20.073    69.605  -145.408   181.261    80.399
 12    Rem:p+      82 [1]   13>>9 {+2,-1}
                                 0.000     0.000  3232.231  3232.231     0.902
 13    Rem:p+      82 [2]   10>>12 {+1,-3}
                                -0.000     0.000 -3293.447  3293.447     0.910
------------------------------------------------------------------------------
     Sum of momenta:                 0         0         0     7e+03     7e+03
------------------------------------------------------------------------------
Step 2 performed by DecayHandler
--- final:
  9      bbar      -5 [6]   12> {-2}
                               -52.462    -0.129    44.437    68.881     4.200
 10         b       5 [5]   >13 {+3}
                                 0.119   -43.033     6.032    43.657     4.200
 12    Rem:p+      82 [1]   13>>9 {+2,-1}
                                 0.000     0.000  3232.231  3232.231     0.902
 13    Rem:p+      82 [2]   10>>12 {+1,-3}
                                -0.000     0.000 -3293.447  3293.447     0.910
 14        e+     -11 [11]    
                               -12.038    56.032   -39.088    69.371     0.001
 15      nu_e      12 [11]    
                                32.111    13.574  -106.320   111.889     0.000
 16       mu-      13 [8]    
                                46.217     9.723   113.232   122.687     0.106
 17  nu_mubar     -14 [8]    
                               -13.949   -36.166    42.918    57.832     0.000
 18     gamma      22 [8]    
                                 0.002     0.000     0.004     0.005     0.000
------------------------------------------------------------------------------
     Sum of momenta:                 0         0         0     7e+03     7e+03
******************************************************************************
Event number 9 (id: WWbB) performed by EventHandler
==============================================================================

--- Colliding particles:
  1        p+    2212  (3,12)   
                                 0.000     0.000  3500.000  3500.000     0.938
  2        p+    2212  (4,13)   
                                 0.000     0.000 -3500.000  3500.000     0.938
------------------------------------------------------------------------------
Primary sub-process performed by MEGenericProcesses[ubar,u->W-,bbar,b,W+]
--- incoming:
  3      ubar      -2 [1] (7)   {-1}
                                 0.000    -0.000   116.396   116.396     0.000
  4         u       2 [2] (7)   {+2}
                                 0.000     0.000  -289.412   289.412     0.000
--- intermediates:
  5         t       6 [7] (10,11)   {+2}
                                15.938    17.268  -153.965   231.162   170.817
  6      tbar      -6 [7] (8,9)   {-1}
                               -15.938   -17.268   -19.052   174.646   172.006
  7         g      21 [3,4] (5,6)   {+2,-1}
                                 0.000    -0.000  -173.017   405.808   367.077
--- outgoing:
  8        W-     -24 [6] (17,18)   
                               -50.859   -61.665     4.124   113.447    80.399
  9      bbar      -5 [6]   12> {-1}
                                34.921    44.397   -23.176    61.199     4.200
 10         b       5 [5]   >13 {+2}
                                52.038   -39.954   -44.265    79.255     4.200
 11        W+      24 [5] (14..16)   
                               -36.100    57.223  -109.700   151.907    80.399
------------------------------------------------------------------------------
Step 1
--- intermediates:
  3      ubar      -2 [1] (7)   {-1}
                                 0.000    -0.000   116.396   116.396     0.000
  4         u       2 [2] (7)   {+2}
                                 0.000     0.000  -289.412   289.412     0.000
  5         t       6 [7] (10,11)   {+2}
                                15.938    17.268  -153.965   231.162   170.817
  6      tbar      -6 [7] (8,9)   {-1}
                               -15.938   -17.268   -19.052   174.646   172.006
  7         g      21 [3,4] (5,6)   {+2,-1}
                                 0.000    -0.000  -173.017   405.808   367.077
--- final:
  8        W-     -24 [6] (17,18)   
                               -50.859   -61.665     4.124   113.447    80.399
  9      bbar      -5 [6]   12> {-1}
                                34.921    44.397   -23.176    61.199     4.200
 10         b       5 [5]   >13 {+2}
                                52.038   -39.954   -44.265    79.255     4.200
 11        W+      24 [5] (14..16)   
                               -36.100    57.223  -109.700   151.907    80.399
 12    Rem:p+      82 [1]   >9 {+1}
                                 0.000     0.000  3383.604  3383.604     0.923
 13    Rem:p+      82 [2]   10> {-2}
                                -0.000     0.000 -3210.587  3210.588     0.899
------------------------------------------------------------------------------
     Sum of momenta:                 0         0         0     7e+03     7e+03
------------------------------------------------------------------------------
Step 2 performed by DecayHandler
--- final:
  9      bbar      -5 [6]   12> {-1}
                                34.921    44.397   -23.176    61.199     4.200
 10         b       5 [5]   >13 {+2}
                                52.038   -39.954   -44.265    79.255     4.200
 12    Rem:p+      82 [1]   >9 {+1}
                                 0.000     0.000  3383.604  3383.604     0.923
 13    Rem:p+      82 [2]   10> {-2}
                                -0.000     0.000 -3210.587  3210.588     0.899
 14        e+     -11 [11]    
                               -57.313    55.372   -66.718   103.933     0.001
 15      nu_e      12 [11]    
                                21.218     1.845   -42.976    47.964     0.000
 16     gamma      22 [11]    
                                -0.005     0.005    -0.006     0.009     0.000
 17       mu-      13 [8]    
                               -72.752   -50.443     6.281    88.751     0.106
 18  nu_mubar     -14 [8]    
                                21.893   -11.222    -2.157    24.696     0.000
------------------------------------------------------------------------------
     Sum of momenta:          4.85e-05 -3.41e-05         0     7e+03     7e+03
* A warning exception of type ThePEG::EventHandler::ConsistencyException occurred while generating event number 14: 
Event handler 'EventHandler' found energy-momentum non-conservation by (9.92237e-05,-6.35321e-05,-0.000379449;-0.000406848) GeV after generating step number 2.

* A warning exception of type ThePEG::EventHandler::ConsistencyException occurred while generating event number 26: 
Event handler 'EventHandler' found energy-momentum non-conservation by (-4.45246e-05,-5.84067e-06,-0.000356721;0.000372466) GeV after generating step number 2.

* A warning exception of type ThePEG::EventHandler::ConsistencyException occurred while generating event number 49: 
Event handler 'EventHandler' found energy-momentum non-conservation by (3.58461e-05,0.000349305,0.000482277;0.000594925) GeV after generating step number 2.

* A warning exception of type ThePEG::EventHandler::ConsistencyException occurred while generating event number 83: 
Event handler 'EventHandler' found energy-momentum non-conservation by (-6.58425e-05,0.000101167,-0.000614622;-0.000625998) GeV after generating step number 2.

final integrated cross section is ( 0.186202 +/- 0.018807 ) nb



Note: In this run 3 of the 98 accepted events
were found with a weight W larger than the expected Wmax.
This corresponds to a cross section difference between:
   UnitWeights:       0.186202nb
   AlmostUnweighted:  0.204593nb
 use 'set Sampler:AlmostUnweighted On' to switch to non-unit weights.

The maximum weight determined in the read/integrate step has been enhanced by 
   set /Herwig/Samplers/Sampler:MaxEnhancement 1.1.
If the rate of excessions (3.06122%) or the change of the cross section is large,
you can try to:

Enhance the number of points used in the read/integrate step
   set /Herwig/Samplers/Sampler:BinSampler:InitialPoints ...

and/or enhance the reference weight found in the read/integrate step
   set /Herwig/Samplers/Sampler:MaxEnhancement 1.x

If this does not help (and your process is well defined by cuts)
don't hesitate to contact herwig@projects.hepforge.org.


The following exception classes were reported in this run:
ThePEG::EventHandler::ConsistencyException warning (4 times)
